[0.361s] Invoking command in '/home/daniel/projects/ros/src/my_py_pkg': DEBUGINFOD_URLS=https://debuginfod.ubuntu.com PYTHONPATH=/home/daniel/projects/ros/src/build/my_py_pkg/prefix_override:/usr/lib/python3/dist-packages/colcon_core/task/python/colcon_distutils_commands:/home/daniel/projects/ros/src/install/my_py_pkg/lib/python3.12/site-packages:${PYTHONPATH} /usr/bin/python3 -W ignore:setup.py install is deprecated -W ignore:easy_install command is deprecated setup.py egg_info --egg-base ../build/my_py_pkg build --build-base /home/daniel/projects/ros/src/build/my_py_pkg/build install --record /home/daniel/projects/ros/src/build/my_py_pkg/install.log --single-version-externally-managed install_data
[0.466s] running egg_info
[0.472s] writing ../build/my_py_pkg/my_py_pkg.egg-info/PKG-INFO
[0.473s] writing dependency_links to ../build/my_py_pkg/my_py_pkg.egg-info/dependency_links.txt
[0.473s] writing entry points to ../build/my_py_pkg/my_py_pkg.egg-info/entry_points.txt
[0.473s] writing requirements to ../build/my_py_pkg/my_py_pkg.egg-info/requires.txt
[0.473s] writing top-level names to ../build/my_py_pkg/my_py_pkg.egg-info/top_level.txt
[0.486s] reading manifest file '../build/my_py_pkg/my_py_pkg.egg-info/SOURCES.txt'
[0.486s] writing manifest file '../build/my_py_pkg/my_py_pkg.egg-info/SOURCES.txt'
[0.486s] running build
[0.486s] running build_py
[0.487s] running install
[0.489s] running install_lib
[0.496s] running install_data
[0.496s] running install_egg_info
[0.503s] removing '/home/daniel/projects/ros/src/install/my_py_pkg/lib/python3.12/site-packages/my_py_pkg-0.0.0-py3.12.egg-info' (and everything under it)
[0.504s] Copying ../build/my_py_pkg/my_py_pkg.egg-info to /home/daniel/projects/ros/src/install/my_py_pkg/lib/python3.12/site-packages/my_py_pkg-0.0.0-py3.12.egg-info
[0.504s] running install_scripts
[0.555s] Installing add_two_ints_client script to /home/daniel/projects/ros/src/install/my_py_pkg/lib/my_py_pkg
[0.555s] Installing add_two_ints_server script to /home/daniel/projects/ros/src/install/my_py_pkg/lib/my_py_pkg
[0.555s] Installing hw_status_publisher script to /home/daniel/projects/ros/src/install/my_py_pkg/lib/my_py_pkg
[0.555s] Installing py_node script to /home/daniel/projects/ros/src/install/my_py_pkg/lib/my_py_pkg
[0.555s] Installing robot_news_station script to /home/daniel/projects/ros/src/install/my_py_pkg/lib/my_py_pkg
[0.555s] Installing smartphone script to /home/daniel/projects/ros/src/install/my_py_pkg/lib/my_py_pkg
[0.555s] writing list of installed files to '/home/daniel/projects/ros/src/build/my_py_pkg/install.log'
[0.567s] Invoked command in '/home/daniel/projects/ros/src/my_py_pkg' returned '0': DEBUGINFOD_URLS=https://debuginfod.ubuntu.com PYTHONPATH=/home/daniel/projects/ros/src/build/my_py_pkg/prefix_override:/usr/lib/python3/dist-packages/colcon_core/task/python/colcon_distutils_commands:/home/daniel/projects/ros/src/install/my_py_pkg/lib/python3.12/site-packages:${PYTHONPATH} /usr/bin/python3 -W ignore:setup.py install is deprecated -W ignore:easy_install command is deprecated setup.py egg_info --egg-base ../build/my_py_pkg build --build-base /home/daniel/projects/ros/src/build/my_py_pkg/build install --record /home/daniel/projects/ros/src/build/my_py_pkg/install.log --single-version-externally-managed install_data
