[0.009s] Invoking command in '/home/daniel/projects/ros/build/my_robot_interfaces': CMAKE_PREFIX_PATH=${CMAKE_PREFIX_PATH}:/home/daniel/projects/ros/install/my_py_pkg:/opt/ros/jazzy DEBUGINFOD_URLS=https://debuginfod.ubuntu.com /usr/bin/cmake --build /home/daniel/projects/ros/build/my_robot_interfaces -- -j24 -l24
[0.029s] -- Found ament_cmake: 2.5.4 (/opt/ros/jazzy/share/ament_cmake/cmake)
[0.083s] -- Found rosidl_default_generators: 1.6.0 (/opt/ros/jazzy/share/rosidl_default_generators/cmake)
[0.084s] -- Using all available rosidl_typesupport_c: rosidl_typesupport_fastrtps_c;rosidl_typesupport_introspection_c
[0.098s] -- Using all available rosidl_typesupport_cpp: rosidl_typesupport_fastrtps_cpp;rosidl_typesupport_introspection_cpp
[0.110s] -- Found rosidl_adapter: 4.6.6 (/opt/ros/jazzy/share/rosidl_adapter/cmake)
[0.254s] -- Found ament_cmake_ros: 0.12.0 (/opt/ros/jazzy/share/ament_cmake_ros/cmake)
[0.303s] -- Using all available rosidl_typesupport_c: rosidl_typesupport_fastrtps_c;rosidl_typesupport_introspection_c
[0.360s] -- Using all available rosidl_typesupport_cpp: rosidl_typesupport_fastrtps_cpp;rosidl_typesupport_introspection_cpp
[0.361s] -- Found python_cmake_module: 0.11.1 (/opt/ros/jazzy/share/python_cmake_module/cmake)
[0.500s] -- Found Python3: /usr/bin/python3 (found version "3.12.3") found components: Interpreter Development NumPy Development.Module Development.Embed 
[0.507s] -- Configuring done (0.5s)
[0.521s] -- Generating done (0.0s)
[0.526s] -- Build files have been written to: /home/daniel/projects/ros/build/my_robot_interfaces
[0.554s] [  2%] [34m[1mGenerating type hashes for ROS interfaces[0m
[0.559s] [  2%] Built target ament_cmake_python_copy_my_robot_interfaces
[0.649s] [  2%] Built target my_robot_interfaces__rosidl_generator_type_description
[0.658s] [  4%] [34m[1mGenerating C code for ROS interfaces[0m
[0.660s] running egg_info
[0.665s] [  6%] [34m[1mGenerating C++ code for ROS interfaces[0m
[0.668s] writing my_robot_interfaces.egg-info/PKG-INFO
[0.668s] writing dependency_links to my_robot_interfaces.egg-info/dependency_links.txt
[0.668s] writing top-level names to my_robot_interfaces.egg-info/top_level.txt
[0.688s] reading manifest file 'my_robot_interfaces.egg-info/SOURCES.txt'
[0.689s] writing manifest file 'my_robot_interfaces.egg-info/SOURCES.txt'
[0.706s] [  6%] Built target ament_cmake_python_build_my_robot_interfaces_egg
[0.801s] [  6%] Built target my_robot_interfaces__cpp
[0.808s] [  9%] [32mBuilding C object CMakeFiles/my_robot_interfaces__rosidl_generator_c.dir/rosidl_generator_c/my_robot_interfaces/msg/detail/hardware_status__functions.c.o[0m
[0.808s] [ 11%] [32mBuilding C object CMakeFiles/my_robot_interfaces__rosidl_generator_c.dir/rosidl_generator_c/my_robot_interfaces/msg/detail/hardware_status__description.c.o[0m
[0.808s] [ 15%] [32mBuilding C object CMakeFiles/my_robot_interfaces__rosidl_generator_c.dir/rosidl_generator_c/my_robot_interfaces/srv/detail/compute_rectangle_area__functions.c.o[0m
[0.808s] [ 20%] [32mBuilding C object CMakeFiles/my_robot_interfaces__rosidl_generator_c.dir/rosidl_generator_c/my_robot_interfaces/msg/detail/hardware_status__type_support.c.o[0m
[0.808s] [ 20%] [32mBuilding C object CMakeFiles/my_robot_interfaces__rosidl_generator_c.dir/rosidl_generator_c/my_robot_interfaces/srv/detail/compute_rectangle_area__description.c.o[0m
[0.808s] [ 20%] [32mBuilding C object CMakeFiles/my_robot_interfaces__rosidl_generator_c.dir/rosidl_generator_c/my_robot_interfaces/srv/detail/compute_rectangle_area__type_support.c.o[0m
[0.842s] [ 22%] [32m[1mLinking C shared library libmy_robot_interfaces__rosidl_generator_c.so[0m
[0.870s] [ 22%] Built target my_robot_interfaces__rosidl_generator_c
[0.878s] [ 25%] [34m[1mGenerating C++ type support for eProsima Fast-RTPS[0m
[0.879s] [ 27%] [34m[1mGenerating C type support dispatch for ROS interfaces[0m
[0.880s] [ 29%] [34m[1mGenerating C introspection for ROS interfaces[0m
[0.880s] [ 31%] [34m[1mGenerating C++ type support dispatch for ROS interfaces[0m
[0.880s] [ 34%] [34m[1mGenerating C++ introspection for ROS interfaces[0m
[0.882s] [ 36%] [34m[1mGenerating C type support for eProsima Fast-RTPS[0m
[0.994s] [ 38%] [32mBuilding CXX object CMakeFiles/my_robot_interfaces__rosidl_typesupport_cpp.dir/rosidl_typesupport_cpp/my_robot_interfaces/msg/hardware_status__type_support.cpp.o[0m
[0.995s] [ 40%] [32mBuilding CXX object CMakeFiles/my_robot_interfaces__rosidl_typesupport_cpp.dir/rosidl_typesupport_cpp/my_robot_interfaces/srv/compute_rectangle_area__type_support.cpp.o[0m
[0.996s] [ 43%] [32mBuilding CXX object CMakeFiles/my_robot_interfaces__rosidl_typesupport_c.dir/rosidl_typesupport_c/my_robot_interfaces/srv/compute_rectangle_area__type_support.cpp.o[0m
[0.996s] [ 45%] [32mBuilding CXX object CMakeFiles/my_robot_interfaces__rosidl_typesupport_c.dir/rosidl_typesupport_c/my_robot_interfaces/msg/hardware_status__type_support.cpp.o[0m
[1.006s] [ 52%] [32mBuilding C object CMakeFiles/my_robot_interfaces__rosidl_typesupport_introspection_c.dir/rosidl_typesupport_introspection_c/my_robot_interfaces/srv/detail/compute_rectangle_area__type_support.c.o[0m
[1.006s] [ 52%] [32mBuilding CXX object CMakeFiles/my_robot_interfaces__rosidl_typesupport_introspection_cpp.dir/rosidl_typesupport_introspection_cpp/my_robot_interfaces/msg/detail/hardware_status__type_support.cpp.o[0m
[1.006s] [ 52%] [32mBuilding CXX object CMakeFiles/my_robot_interfaces__rosidl_typesupport_introspection_cpp.dir/rosidl_typesupport_introspection_cpp/my_robot_interfaces/srv/detail/compute_rectangle_area__type_support.cpp.o[0m
[1.007s] [ 54%] [32mBuilding C object CMakeFiles/my_robot_interfaces__rosidl_typesupport_introspection_c.dir/rosidl_typesupport_introspection_c/my_robot_interfaces/msg/detail/hardware_status__type_support.c.o[0m
[1.022s] [ 56%] [32mBuilding CXX object CMakeFiles/my_robot_interfaces__rosidl_typesupport_fastrtps_cpp.dir/rosidl_typesupport_fastrtps_cpp/my_robot_interfaces/msg/detail/dds_fastrtps/hardware_status__type_support.cpp.o[0m
[1.022s] [ 59%] [32m[1mLinking CXX shared library libmy_robot_interfaces__rosidl_typesupport_c.so[0m
[1.022s] [ 61%] [32mBuilding CXX object CMakeFiles/my_robot_interfaces__rosidl_typesupport_fastrtps_cpp.dir/rosidl_typesupport_fastrtps_cpp/my_robot_interfaces/srv/detail/dds_fastrtps/compute_rectangle_area__type_support.cpp.o[0m
[1.027s] [ 63%] [32m[1mLinking C shared library libmy_robot_interfaces__rosidl_typesupport_introspection_c.so[0m
[1.029s] [ 65%] [32mBuilding CXX object CMakeFiles/my_robot_interfaces__rosidl_typesupport_fastrtps_c.dir/rosidl_typesupport_fastrtps_c/my_robot_interfaces/msg/detail/hardware_status__type_support_c.cpp.o[0m
[1.030s] [ 68%] [32mBuilding CXX object CMakeFiles/my_robot_interfaces__rosidl_typesupport_fastrtps_c.dir/rosidl_typesupport_fastrtps_c/my_robot_interfaces/srv/detail/compute_rectangle_area__type_support_c.cpp.o[0m
[1.044s] [ 68%] Built target my_robot_interfaces__rosidl_typesupport_introspection_c
[1.046s] [ 68%] Built target my_robot_interfaces__rosidl_typesupport_c
[1.175s] [ 70%] [32m[1mLinking CXX shared library libmy_robot_interfaces__rosidl_typesupport_cpp.so[0m
[1.178s] [ 72%] [32m[1mLinking CXX shared library libmy_robot_interfaces__rosidl_typesupport_introspection_cpp.so[0m
[1.223s] [ 72%] Built target my_robot_interfaces__rosidl_typesupport_introspection_cpp
[1.224s] [ 72%] Built target my_robot_interfaces__rosidl_typesupport_cpp
[1.230s] [ 75%] [32m[1mLinking CXX shared library libmy_robot_interfaces__rosidl_typesupport_fastrtps_c.so[0m
[1.274s] [ 75%] Built target my_robot_interfaces__rosidl_typesupport_fastrtps_c
[1.278s] [ 77%] [32m[1mLinking CXX shared library libmy_robot_interfaces__rosidl_typesupport_fastrtps_cpp.so[0m
[1.327s] [ 77%] Built target my_robot_interfaces__rosidl_typesupport_fastrtps_cpp
[1.342s] [ 77%] Built target my_robot_interfaces
[1.356s] [ 79%] [34m[1mGenerating Python code for ROS interfaces[0m
[1.518s] [ 79%] Built target my_robot_interfaces__py
[1.534s] [ 81%] [32mBuilding C object CMakeFiles/my_robot_interfaces__rosidl_generator_py.dir/rosidl_generator_py/my_robot_interfaces/msg/_hardware_status_s.c.o[0m
[1.537s] [ 84%] [32mBuilding C object CMakeFiles/my_robot_interfaces__rosidl_generator_py.dir/rosidl_generator_py/my_robot_interfaces/srv/_compute_rectangle_area_s.c.o[0m
[1.605s] [ 86%] [32m[1mLinking C shared library libmy_robot_interfaces__rosidl_generator_py.so[0m
[1.633s] [ 86%] Built target my_robot_interfaces__rosidl_generator_py
[1.647s] [ 88%] [32mBuilding C object CMakeFiles/my_robot_interfaces_s__rosidl_typesupport_introspection_c.dir/rosidl_generator_py/my_robot_interfaces/_my_robot_interfaces_s.ep.rosidl_typesupport_introspection_c.c.o[0m
[1.650s] [ 90%] [32mBuilding C object CMakeFiles/my_robot_interfaces_s__rosidl_typesupport_fastrtps_c.dir/rosidl_generator_py/my_robot_interfaces/_my_robot_interfaces_s.ep.rosidl_typesupport_fastrtps_c.c.o[0m
[1.652s] [ 93%] [32mBuilding C object CMakeFiles/my_robot_interfaces_s__rosidl_typesupport_c.dir/rosidl_generator_py/my_robot_interfaces/_my_robot_interfaces_s.ep.rosidl_typesupport_c.c.o[0m
[1.701s] [ 95%] [32m[1mLinking C shared module rosidl_generator_py/my_robot_interfaces/my_robot_interfaces_s__rosidl_typesupport_introspection_c.so[0m
[1.704s] [ 97%] [32m[1mLinking C shared module rosidl_generator_py/my_robot_interfaces/my_robot_interfaces_s__rosidl_typesupport_fastrtps_c.so[0m
[1.704s] [100%] [32m[1mLinking C shared module rosidl_generator_py/my_robot_interfaces/my_robot_interfaces_s__rosidl_typesupport_c.so[0m
[1.726s] [100%] Built target my_robot_interfaces_s__rosidl_typesupport_introspection_c
[1.726s] [100%] Built target my_robot_interfaces_s__rosidl_typesupport_fastrtps_c
[1.728s] [100%] Built target my_robot_interfaces_s__rosidl_typesupport_c
[1.736s] Invoked command in '/home/daniel/projects/ros/build/my_robot_interfaces' returned '0': CMAKE_PREFIX_PATH=${CMAKE_PREFIX_PATH}:/home/daniel/projects/ros/install/my_py_pkg:/opt/ros/jazzy DEBUGINFOD_URLS=https://debuginfod.ubuntu.com /usr/bin/cmake --build /home/daniel/projects/ros/build/my_robot_interfaces -- -j24 -l24
[1.743s] Invoking command in '/home/daniel/projects/ros/build/my_robot_interfaces': CMAKE_PREFIX_PATH=${CMAKE_PREFIX_PATH}:/home/daniel/projects/ros/install/my_py_pkg:/opt/ros/jazzy DEBUGINFOD_URLS=https://debuginfod.ubuntu.com /usr/bin/cmake --install /home/daniel/projects/ros/build/my_robot_interfaces
[1.748s] -- Install configuration: ""
[1.748s] -- Installing: /home/daniel/projects/ros/install/my_robot_interfaces/share/ament_index/resource_index/rosidl_interfaces/my_robot_interfaces
[1.748s] -- Installing: /home/daniel/projects/ros/install/my_robot_interfaces/share/my_robot_interfaces/msg/HardwareStatus.json
[1.748s] -- Installing: /home/daniel/projects/ros/install/my_robot_interfaces/share/my_robot_interfaces/srv/ComputeRectangleArea.json
[1.748s] -- Up-to-date: /home/daniel/projects/ros/install/my_robot_interfaces/include/my_robot_interfaces/my_robot_interfaces
[1.748s] -- Up-to-date: /home/daniel/projects/ros/install/my_robot_interfaces/include/my_robot_interfaces/my_robot_interfaces/msg
[1.748s] -- Up-to-date: /home/daniel/projects/ros/install/my_robot_interfaces/include/my_robot_interfaces/my_robot_interfaces/msg/rosidl_generator_c__visibility_control.h
[1.748s] -- Installing: /home/daniel/projects/ros/install/my_robot_interfaces/include/my_robot_interfaces/my_robot_interfaces/msg/hardware_status.h
[1.748s] -- Up-to-date: /home/daniel/projects/ros/install/my_robot_interfaces/include/my_robot_interfaces/my_robot_interfaces/msg/detail
[1.748s] -- Installing: /home/daniel/projects/ros/install/my_robot_interfaces/include/my_robot_interfaces/my_robot_interfaces/msg/detail/hardware_status__functions.c
[1.748s] -- Installing: /home/daniel/projects/ros/install/my_robot_interfaces/include/my_robot_interfaces/my_robot_interfaces/msg/detail/hardware_status__description.c
[1.748s] -- Installing: /home/daniel/projects/ros/install/my_robot_interfaces/include/my_robot_interfaces/my_robot_interfaces/msg/detail/hardware_status__type_support.c
[1.748s] -- Installing: /home/daniel/projects/ros/install/my_robot_interfaces/include/my_robot_interfaces/my_robot_interfaces/msg/detail/hardware_status__type_support.h
[1.748s] -- Installing: /home/daniel/projects/ros/install/my_robot_interfaces/include/my_robot_interfaces/my_robot_interfaces/msg/detail/hardware_status__functions.h
[1.748s] -- Installing: /home/daniel/projects/ros/install/my_robot_interfaces/include/my_robot_interfaces/my_robot_interfaces/msg/detail/hardware_status__struct.h
[1.748s] -- Installing: /home/daniel/projects/ros/install/my_robot_interfaces/include/my_robot_interfaces/my_robot_interfaces/srv
[1.748s] -- Installing: /home/daniel/projects/ros/install/my_robot_interfaces/include/my_robot_interfaces/my_robot_interfaces/srv/detail
[1.748s] -- Installing: /home/daniel/projects/ros/install/my_robot_interfaces/include/my_robot_interfaces/my_robot_interfaces/srv/detail/compute_rectangle_area__functions.c
[1.748s] -- Installing: /home/daniel/projects/ros/install/my_robot_interfaces/include/my_robot_interfaces/my_robot_interfaces/srv/detail/compute_rectangle_area__type_support.h
[1.748s] -- Installing: /home/daniel/projects/ros/install/my_robot_interfaces/include/my_robot_interfaces/my_robot_interfaces/srv/detail/compute_rectangle_area__description.c
[1.748s] -- Installing: /home/daniel/projects/ros/install/my_robot_interfaces/include/my_robot_interfaces/my_robot_interfaces/srv/detail/compute_rectangle_area__type_support.c
[1.748s] -- Installing: /home/daniel/projects/ros/install/my_robot_interfaces/include/my_robot_interfaces/my_robot_interfaces/srv/detail/compute_rectangle_area__struct.h
[1.748s] -- Installing: /home/daniel/projects/ros/install/my_robot_interfaces/include/my_robot_interfaces/my_robot_interfaces/srv/detail/compute_rectangle_area__functions.h
[1.748s] -- Installing: /home/daniel/projects/ros/install/my_robot_interfaces/include/my_robot_interfaces/my_robot_interfaces/srv/compute_rectangle_area.h
[1.748s] -- Up-to-date: /home/daniel/projects/ros/install/my_robot_interfaces/share/my_robot_interfaces/environment/library_path.sh
[1.748s] -- Up-to-date: /home/daniel/projects/ros/install/my_robot_interfaces/share/my_robot_interfaces/environment/library_path.dsv
[1.748s] -- Installing: /home/daniel/projects/ros/install/my_robot_interfaces/lib/libmy_robot_interfaces__rosidl_generator_c.so
[1.748s] -- Set non-toolchain portion of runtime path of "/home/daniel/projects/ros/install/my_robot_interfaces/lib/libmy_robot_interfaces__rosidl_generator_c.so" to ""
[1.748s] -- Up-to-date: /home/daniel/projects/ros/install/my_robot_interfaces/include/my_robot_interfaces/my_robot_interfaces
[1.748s] -- Up-to-date: /home/daniel/projects/ros/install/my_robot_interfaces/include/my_robot_interfaces/my_robot_interfaces/msg
[1.748s] -- Up-to-date: /home/daniel/projects/ros/install/my_robot_interfaces/include/my_robot_interfaces/my_robot_interfaces/msg/rosidl_typesupport_fastrtps_c__visibility_control.h
[1.749s] -- Up-to-date: /home/daniel/projects/ros/install/my_robot_interfaces/include/my_robot_interfaces/my_robot_interfaces/msg/detail
[1.749s] -- Installing: /home/daniel/projects/ros/install/my_robot_interfaces/include/my_robot_interfaces/my_robot_interfaces/msg/detail/hardware_status__rosidl_typesupport_fastrtps_c.h
[1.749s] -- Up-to-date: /home/daniel/projects/ros/install/my_robot_interfaces/include/my_robot_interfaces/my_robot_interfaces/srv
[1.749s] -- Up-to-date: /home/daniel/projects/ros/install/my_robot_interfaces/include/my_robot_interfaces/my_robot_interfaces/srv/detail
[1.749s] -- Installing: /home/daniel/projects/ros/install/my_robot_interfaces/include/my_robot_interfaces/my_robot_interfaces/srv/detail/compute_rectangle_area__rosidl_typesupport_fastrtps_c.h
[1.749s] -- Installing: /home/daniel/projects/ros/install/my_robot_interfaces/lib/libmy_robot_interfaces__rosidl_typesupport_fastrtps_c.so
[1.749s] -- Set non-toolchain portion of runtime path of "/home/daniel/projects/ros/install/my_robot_interfaces/lib/libmy_robot_interfaces__rosidl_typesupport_fastrtps_c.so" to ""
[1.749s] -- Up-to-date: /home/daniel/projects/ros/install/my_robot_interfaces/include/my_robot_interfaces/my_robot_interfaces
[1.749s] -- Up-to-date: /home/daniel/projects/ros/install/my_robot_interfaces/include/my_robot_interfaces/my_robot_interfaces/msg
[1.749s] -- Up-to-date: /home/daniel/projects/ros/install/my_robot_interfaces/include/my_robot_interfaces/my_robot_interfaces/msg/detail
[1.749s] -- Installing: /home/daniel/projects/ros/install/my_robot_interfaces/include/my_robot_interfaces/my_robot_interfaces/msg/detail/hardware_status__rosidl_typesupport_introspection_c.h
[1.749s] -- Up-to-date: /home/daniel/projects/ros/install/my_robot_interfaces/include/my_robot_interfaces/my_robot_interfaces/msg/detail/hardware_status__type_support.c
[1.749s] -- Up-to-date: /home/daniel/projects/ros/install/my_robot_interfaces/include/my_robot_interfaces/my_robot_interfaces/msg/rosidl_typesupport_introspection_c__visibility_control.h
[1.749s] -- Up-to-date: /home/daniel/projects/ros/install/my_robot_interfaces/include/my_robot_interfaces/my_robot_interfaces/srv
[1.749s] -- Up-to-date: /home/daniel/projects/ros/install/my_robot_interfaces/include/my_robot_interfaces/my_robot_interfaces/srv/detail
[1.749s] -- Up-to-date: /home/daniel/projects/ros/install/my_robot_interfaces/include/my_robot_interfaces/my_robot_interfaces/srv/detail/compute_rectangle_area__type_support.c
[1.749s] -- Installing: /home/daniel/projects/ros/install/my_robot_interfaces/include/my_robot_interfaces/my_robot_interfaces/srv/detail/compute_rectangle_area__rosidl_typesupport_introspection_c.h
[1.749s] -- Installing: /home/daniel/projects/ros/install/my_robot_interfaces/lib/libmy_robot_interfaces__rosidl_typesupport_introspection_c.so
[1.749s] -- Set non-toolchain portion of runtime path of "/home/daniel/projects/ros/install/my_robot_interfaces/lib/libmy_robot_interfaces__rosidl_typesupport_introspection_c.so" to ""
[1.749s] -- Installing: /home/daniel/projects/ros/install/my_robot_interfaces/lib/libmy_robot_interfaces__rosidl_typesupport_c.so
[1.749s] -- Set non-toolchain portion of runtime path of "/home/daniel/projects/ros/install/my_robot_interfaces/lib/libmy_robot_interfaces__rosidl_typesupport_c.so" to ""
[1.749s] -- Up-to-date: /home/daniel/projects/ros/install/my_robot_interfaces/include/my_robot_interfaces/my_robot_interfaces
[1.749s] -- Up-to-date: /home/daniel/projects/ros/install/my_robot_interfaces/include/my_robot_interfaces/my_robot_interfaces/msg
[1.749s] -- Installing: /home/daniel/projects/ros/install/my_robot_interfaces/include/my_robot_interfaces/my_robot_interfaces/msg/hardware_status.hpp
[1.749s] -- Up-to-date: /home/daniel/projects/ros/install/my_robot_interfaces/include/my_robot_interfaces/my_robot_interfaces/msg/detail
[1.749s] -- Installing: /home/daniel/projects/ros/install/my_robot_interfaces/include/my_robot_interfaces/my_robot_interfaces/msg/detail/hardware_status__builder.hpp
[1.749s] -- Installing: /home/daniel/projects/ros/install/my_robot_interfaces/include/my_robot_interfaces/my_robot_interfaces/msg/detail/hardware_status__traits.hpp
[1.749s] -- Installing: /home/daniel/projects/ros/install/my_robot_interfaces/include/my_robot_interfaces/my_robot_interfaces/msg/detail/hardware_status__type_support.hpp
[1.749s] -- Installing: /home/daniel/projects/ros/install/my_robot_interfaces/include/my_robot_interfaces/my_robot_interfaces/msg/detail/hardware_status__struct.hpp
[1.749s] -- Installing: /home/daniel/projects/ros/install/my_robot_interfaces/include/my_robot_interfaces/my_robot_interfaces/msg/rosidl_generator_cpp__visibility_control.hpp
[1.749s] -- Up-to-date: /home/daniel/projects/ros/install/my_robot_interfaces/include/my_robot_interfaces/my_robot_interfaces/srv
[1.750s] -- Installing: /home/daniel/projects/ros/install/my_robot_interfaces/include/my_robot_interfaces/my_robot_interfaces/srv/compute_rectangle_area.hpp
[1.750s] -- Up-to-date: /home/daniel/projects/ros/install/my_robot_interfaces/include/my_robot_interfaces/my_robot_interfaces/srv/detail
[1.750s] -- Installing: /home/daniel/projects/ros/install/my_robot_interfaces/include/my_robot_interfaces/my_robot_interfaces/srv/detail/compute_rectangle_area__type_support.hpp
[1.750s] -- Installing: /home/daniel/projects/ros/install/my_robot_interfaces/include/my_robot_interfaces/my_robot_interfaces/srv/detail/compute_rectangle_area__traits.hpp
[1.750s] -- Installing: /home/daniel/projects/ros/install/my_robot_interfaces/include/my_robot_interfaces/my_robot_interfaces/srv/detail/compute_rectangle_area__builder.hpp
[1.750s] -- Installing: /home/daniel/projects/ros/install/my_robot_interfaces/include/my_robot_interfaces/my_robot_interfaces/srv/detail/compute_rectangle_area__struct.hpp
[1.750s] -- Up-to-date: /home/daniel/projects/ros/install/my_robot_interfaces/include/my_robot_interfaces/my_robot_interfaces
[1.750s] -- Up-to-date: /home/daniel/projects/ros/install/my_robot_interfaces/include/my_robot_interfaces/my_robot_interfaces/msg
[1.750s] -- Up-to-date: /home/daniel/projects/ros/install/my_robot_interfaces/include/my_robot_interfaces/my_robot_interfaces/msg/detail
[1.750s] -- Installing: /home/daniel/projects/ros/install/my_robot_interfaces/include/my_robot_interfaces/my_robot_interfaces/msg/detail/hardware_status__rosidl_typesupport_fastrtps_cpp.hpp
[1.750s] -- Up-to-date: /home/daniel/projects/ros/install/my_robot_interfaces/include/my_robot_interfaces/my_robot_interfaces/msg/detail/dds_fastrtps
[1.750s] -- Up-to-date: /home/daniel/projects/ros/install/my_robot_interfaces/include/my_robot_interfaces/my_robot_interfaces/msg/rosidl_typesupport_fastrtps_cpp__visibility_control.h
[1.750s] -- Up-to-date: /home/daniel/projects/ros/install/my_robot_interfaces/include/my_robot_interfaces/my_robot_interfaces/srv
[1.750s] -- Up-to-date: /home/daniel/projects/ros/install/my_robot_interfaces/include/my_robot_interfaces/my_robot_interfaces/srv/detail
[1.750s] -- Installing: /home/daniel/projects/ros/install/my_robot_interfaces/include/my_robot_interfaces/my_robot_interfaces/srv/detail/compute_rectangle_area__rosidl_typesupport_fastrtps_cpp.hpp
[1.750s] -- Installing: /home/daniel/projects/ros/install/my_robot_interfaces/include/my_robot_interfaces/my_robot_interfaces/srv/detail/dds_fastrtps
[1.750s] -- Installing: /home/daniel/projects/ros/install/my_robot_interfaces/lib/libmy_robot_interfaces__rosidl_typesupport_fastrtps_cpp.so
[1.750s] -- Set non-toolchain portion of runtime path of "/home/daniel/projects/ros/install/my_robot_interfaces/lib/libmy_robot_interfaces__rosidl_typesupport_fastrtps_cpp.so" to ""
[1.750s] -- Up-to-date: /home/daniel/projects/ros/install/my_robot_interfaces/include/my_robot_interfaces/my_robot_interfaces
[1.750s] -- Up-to-date: /home/daniel/projects/ros/install/my_robot_interfaces/include/my_robot_interfaces/my_robot_interfaces/msg
[1.750s] -- Up-to-date: /home/daniel/projects/ros/install/my_robot_interfaces/include/my_robot_interfaces/my_robot_interfaces/msg/detail
[1.750s] -- Installing: /home/daniel/projects/ros/install/my_robot_interfaces/include/my_robot_interfaces/my_robot_interfaces/msg/detail/hardware_status__rosidl_typesupport_introspection_cpp.hpp
[1.750s] -- Installing: /home/daniel/projects/ros/install/my_robot_interfaces/include/my_robot_interfaces/my_robot_interfaces/msg/detail/hardware_status__type_support.cpp
[1.750s] -- Up-to-date: /home/daniel/projects/ros/install/my_robot_interfaces/include/my_robot_interfaces/my_robot_interfaces/srv
[1.750s] -- Up-to-date: /home/daniel/projects/ros/install/my_robot_interfaces/include/my_robot_interfaces/my_robot_interfaces/srv/detail
[1.750s] -- Installing: /home/daniel/projects/ros/install/my_robot_interfaces/include/my_robot_interfaces/my_robot_interfaces/srv/detail/compute_rectangle_area__rosidl_typesupport_introspection_cpp.hpp
[1.750s] -- Installing: /home/daniel/projects/ros/install/my_robot_interfaces/include/my_robot_interfaces/my_robot_interfaces/srv/detail/compute_rectangle_area__type_support.cpp
[1.750s] -- Installing: /home/daniel/projects/ros/install/my_robot_interfaces/lib/libmy_robot_interfaces__rosidl_typesupport_introspection_cpp.so
[1.750s] -- Set non-toolchain portion of runtime path of "/home/daniel/projects/ros/install/my_robot_interfaces/lib/libmy_robot_interfaces__rosidl_typesupport_introspection_cpp.so" to ""
[1.750s] -- Installing: /home/daniel/projects/ros/install/my_robot_interfaces/lib/libmy_robot_interfaces__rosidl_typesupport_cpp.so
[1.751s] -- Set non-toolchain portion of runtime path of "/home/daniel/projects/ros/install/my_robot_interfaces/lib/libmy_robot_interfaces__rosidl_typesupport_cpp.so" to ""
[1.751s] -- Up-to-date: /home/daniel/projects/ros/install/my_robot_interfaces/share/my_robot_interfaces/environment/pythonpath.sh
[1.751s] -- Up-to-date: /home/daniel/projects/ros/install/my_robot_interfaces/share/my_robot_interfaces/environment/pythonpath.dsv
[1.751s] -- Up-to-date: /home/daniel/projects/ros/install/my_robot_interfaces/lib/python3.12/site-packages/my_robot_interfaces-0.0.0-py3.12.egg-info
[1.751s] -- Installing: /home/daniel/projects/ros/install/my_robot_interfaces/lib/python3.12/site-packages/my_robot_interfaces-0.0.0-py3.12.egg-info/dependency_links.txt
[1.751s] -- Installing: /home/daniel/projects/ros/install/my_robot_interfaces/lib/python3.12/site-packages/my_robot_interfaces-0.0.0-py3.12.egg-info/top_level.txt
[1.751s] -- Installing: /home/daniel/projects/ros/install/my_robot_interfaces/lib/python3.12/site-packages/my_robot_interfaces-0.0.0-py3.12.egg-info/SOURCES.txt
[1.751s] -- Installing: /home/daniel/projects/ros/install/my_robot_interfaces/lib/python3.12/site-packages/my_robot_interfaces-0.0.0-py3.12.egg-info/PKG-INFO
[1.751s] -- Up-to-date: /home/daniel/projects/ros/install/my_robot_interfaces/lib/python3.12/site-packages/my_robot_interfaces
[1.751s] -- Installing: /home/daniel/projects/ros/install/my_robot_interfaces/lib/python3.12/site-packages/my_robot_interfaces/my_robot_interfaces_s__rosidl_typesupport_c.so
[1.751s] -- Installing: /home/daniel/projects/ros/install/my_robot_interfaces/lib/python3.12/site-packages/my_robot_interfaces/my_robot_interfaces_s__rosidl_typesupport_introspection_c.so
[1.751s] -- Installing: /home/daniel/projects/ros/install/my_robot_interfaces/lib/python3.12/site-packages/my_robot_interfaces/__init__.py
[1.751s] -- Up-to-date: /home/daniel/projects/ros/install/my_robot_interfaces/lib/python3.12/site-packages/my_robot_interfaces/msg
[1.751s] -- Installing: /home/daniel/projects/ros/install/my_robot_interfaces/lib/python3.12/site-packages/my_robot_interfaces/msg/__init__.py
[1.751s] -- Installing: /home/daniel/projects/ros/install/my_robot_interfaces/lib/python3.12/site-packages/my_robot_interfaces/msg/_hardware_status_s.c
[1.751s] -- Installing: /home/daniel/projects/ros/install/my_robot_interfaces/lib/python3.12/site-packages/my_robot_interfaces/msg/_hardware_status.py
[1.751s] -- Installing: /home/daniel/projects/ros/install/my_robot_interfaces/lib/python3.12/site-packages/my_robot_interfaces/my_robot_interfaces_s__rosidl_typesupport_fastrtps_c.so
[1.751s] -- Installing: /home/daniel/projects/ros/install/my_robot_interfaces/lib/python3.12/site-packages/my_robot_interfaces/_my_robot_interfaces_s.ep.rosidl_typesupport_c.c
[1.751s] -- Installing: /home/daniel/projects/ros/install/my_robot_interfaces/lib/python3.12/site-packages/my_robot_interfaces/srv
[1.751s] -- Installing: /home/daniel/projects/ros/install/my_robot_interfaces/lib/python3.12/site-packages/my_robot_interfaces/srv/__init__.py
[1.751s] -- Installing: /home/daniel/projects/ros/install/my_robot_interfaces/lib/python3.12/site-packages/my_robot_interfaces/srv/_compute_rectangle_area_s.c
[1.751s] -- Installing: /home/daniel/projects/ros/install/my_robot_interfaces/lib/python3.12/site-packages/my_robot_interfaces/srv/_compute_rectangle_area.py
[1.751s] -- Installing: /home/daniel/projects/ros/install/my_robot_interfaces/lib/python3.12/site-packages/my_robot_interfaces/_my_robot_interfaces_s.ep.rosidl_typesupport_fastrtps_c.c
[1.751s] -- Installing: /home/daniel/projects/ros/install/my_robot_interfaces/lib/python3.12/site-packages/my_robot_interfaces/_my_robot_interfaces_s.ep.rosidl_typesupport_introspection_c.c
[1.774s] Listing '/home/daniel/projects/ros/install/my_robot_interfaces/lib/python3.12/site-packages/my_robot_interfaces'...
[1.774s] Compiling '/home/daniel/projects/ros/install/my_robot_interfaces/lib/python3.12/site-packages/my_robot_interfaces/__init__.py'...
[1.774s] Listing '/home/daniel/projects/ros/install/my_robot_interfaces/lib/python3.12/site-packages/my_robot_interfaces/msg'...
[1.774s] Compiling '/home/daniel/projects/ros/install/my_robot_interfaces/lib/python3.12/site-packages/my_robot_interfaces/msg/__init__.py'...
[1.775s] Compiling '/home/daniel/projects/ros/install/my_robot_interfaces/lib/python3.12/site-packages/my_robot_interfaces/msg/_hardware_status.py'...
[1.775s] Listing '/home/daniel/projects/ros/install/my_robot_interfaces/lib/python3.12/site-packages/my_robot_interfaces/srv'...
[1.775s] Compiling '/home/daniel/projects/ros/install/my_robot_interfaces/lib/python3.12/site-packages/my_robot_interfaces/srv/__init__.py'...
[1.775s] Compiling '/home/daniel/projects/ros/install/my_robot_interfaces/lib/python3.12/site-packages/my_robot_interfaces/srv/_compute_rectangle_area.py'...
[1.777s] -- Installing: /home/daniel/projects/ros/install/my_robot_interfaces/lib/python3.12/site-packages/my_robot_interfaces/my_robot_interfaces_s__rosidl_typesupport_fastrtps_c.so
[1.777s] -- Set non-toolchain portion of runtime path of "/home/daniel/projects/ros/install/my_robot_interfaces/lib/python3.12/site-packages/my_robot_interfaces/my_robot_interfaces_s__rosidl_typesupport_fastrtps_c.so" to ""
[1.777s] -- Installing: /home/daniel/projects/ros/install/my_robot_interfaces/lib/python3.12/site-packages/my_robot_interfaces/my_robot_interfaces_s__rosidl_typesupport_introspection_c.so
[1.777s] -- Set non-toolchain portion of runtime path of "/home/daniel/projects/ros/install/my_robot_interfaces/lib/python3.12/site-packages/my_robot_interfaces/my_robot_interfaces_s__rosidl_typesupport_introspection_c.so" to ""
[1.777s] -- Installing: /home/daniel/projects/ros/install/my_robot_interfaces/lib/python3.12/site-packages/my_robot_interfaces/my_robot_interfaces_s__rosidl_typesupport_c.so
[1.777s] -- Set non-toolchain portion of runtime path of "/home/daniel/projects/ros/install/my_robot_interfaces/lib/python3.12/site-packages/my_robot_interfaces/my_robot_interfaces_s__rosidl_typesupport_c.so" to ""
[1.777s] -- Installing: /home/daniel/projects/ros/install/my_robot_interfaces/lib/libmy_robot_interfaces__rosidl_generator_py.so
[1.778s] -- Set non-toolchain portion of runtime path of "/home/daniel/projects/ros/install/my_robot_interfaces/lib/libmy_robot_interfaces__rosidl_generator_py.so" to ""
[1.778s] -- Up-to-date: /home/daniel/projects/ros/install/my_robot_interfaces/share/my_robot_interfaces/msg/HardwareStatus.idl
[1.778s] -- Installing: /home/daniel/projects/ros/install/my_robot_interfaces/share/my_robot_interfaces/srv/ComputeRectangleArea.idl
[1.778s] -- Up-to-date: /home/daniel/projects/ros/install/my_robot_interfaces/share/my_robot_interfaces/msg/HardwareStatus.msg
[1.778s] -- Installing: /home/daniel/projects/ros/install/my_robot_interfaces/share/my_robot_interfaces/srv/ComputeRectangleArea.srv
[1.778s] -- Up-to-date: /home/daniel/projects/ros/install/my_robot_interfaces/share/ament_index/resource_index/package_run_dependencies/my_robot_interfaces
[1.778s] -- Installing: /home/daniel/projects/ros/install/my_robot_interfaces/share/ament_index/resource_index/parent_prefix_path/my_robot_interfaces
[1.778s] -- Up-to-date: /home/daniel/projects/ros/install/my_robot_interfaces/share/my_robot_interfaces/environment/ament_prefix_path.sh
[1.778s] -- Up-to-date: /home/daniel/projects/ros/install/my_robot_interfaces/share/my_robot_interfaces/environment/ament_prefix_path.dsv
[1.778s] -- Up-to-date: /home/daniel/projects/ros/install/my_robot_interfaces/share/my_robot_interfaces/environment/path.sh
[1.778s] -- Up-to-date: /home/daniel/projects/ros/install/my_robot_interfaces/share/my_robot_interfaces/environment/path.dsv
[1.778s] -- Up-to-date: /home/daniel/projects/ros/install/my_robot_interfaces/share/my_robot_interfaces/local_setup.bash
[1.779s] -- Up-to-date: /home/daniel/projects/ros/install/my_robot_interfaces/share/my_robot_interfaces/local_setup.sh
[1.779s] -- Up-to-date: /home/daniel/projects/ros/install/my_robot_interfaces/share/my_robot_interfaces/local_setup.zsh
[1.779s] -- Up-to-date: /home/daniel/projects/ros/install/my_robot_interfaces/share/my_robot_interfaces/local_setup.dsv
[1.779s] -- Installing: /home/daniel/projects/ros/install/my_robot_interfaces/share/my_robot_interfaces/package.dsv
[1.779s] -- Up-to-date: /home/daniel/projects/ros/install/my_robot_interfaces/share/ament_index/resource_index/packages/my_robot_interfaces
[1.779s] -- Old export file "/home/daniel/projects/ros/install/my_robot_interfaces/share/my_robot_interfaces/cmake/export_my_robot_interfaces__rosidl_generator_cExport.cmake" will be replaced.  Removing files [/home/daniel/projects/ros/install/my_robot_interfaces/share/my_robot_interfaces/cmake/export_my_robot_interfaces__rosidl_generator_cExport-noconfig.cmake].
[1.779s] -- Installing: /home/daniel/projects/ros/install/my_robot_interfaces/share/my_robot_interfaces/cmake/export_my_robot_interfaces__rosidl_generator_cExport.cmake
[1.779s] -- Installing: /home/daniel/projects/ros/install/my_robot_interfaces/share/my_robot_interfaces/cmake/export_my_robot_interfaces__rosidl_generator_cExport-noconfig.cmake
[1.779s] -- Old export file "/home/daniel/projects/ros/install/my_robot_interfaces/share/my_robot_interfaces/cmake/export_my_robot_interfaces__rosidl_typesupport_fastrtps_cExport.cmake" will be replaced.  Removing files [/home/daniel/projects/ros/install/my_robot_interfaces/share/my_robot_interfaces/cmake/export_my_robot_interfaces__rosidl_typesupport_fastrtps_cExport-noconfig.cmake].
[1.779s] -- Installing: /home/daniel/projects/ros/install/my_robot_interfaces/share/my_robot_interfaces/cmake/export_my_robot_interfaces__rosidl_typesupport_fastrtps_cExport.cmake
[1.779s] -- Installing: /home/daniel/projects/ros/install/my_robot_interfaces/share/my_robot_interfaces/cmake/export_my_robot_interfaces__rosidl_typesupport_fastrtps_cExport-noconfig.cmake
[1.779s] -- Old export file "/home/daniel/projects/ros/install/my_robot_interfaces/share/my_robot_interfaces/cmake/my_robot_interfaces__rosidl_typesupport_introspection_cExport.cmake" will be replaced.  Removing files [/home/daniel/projects/ros/install/my_robot_interfaces/share/my_robot_interfaces/cmake/my_robot_interfaces__rosidl_typesupport_introspection_cExport-noconfig.cmake].
[1.779s] -- Installing: /home/daniel/projects/ros/install/my_robot_interfaces/share/my_robot_interfaces/cmake/my_robot_interfaces__rosidl_typesupport_introspection_cExport.cmake
[1.780s] -- Installing: /home/daniel/projects/ros/install/my_robot_interfaces/share/my_robot_interfaces/cmake/my_robot_interfaces__rosidl_typesupport_introspection_cExport-noconfig.cmake
[1.780s] -- Old export file "/home/daniel/projects/ros/install/my_robot_interfaces/share/my_robot_interfaces/cmake/my_robot_interfaces__rosidl_typesupport_cExport.cmake" will be replaced.  Removing files [/home/daniel/projects/ros/install/my_robot_interfaces/share/my_robot_interfaces/cmake/my_robot_interfaces__rosidl_typesupport_cExport-noconfig.cmake].
[1.780s] -- Installing: /home/daniel/projects/ros/install/my_robot_interfaces/share/my_robot_interfaces/cmake/my_robot_interfaces__rosidl_typesupport_cExport.cmake
[1.780s] -- Installing: /home/daniel/projects/ros/install/my_robot_interfaces/share/my_robot_interfaces/cmake/my_robot_interfaces__rosidl_typesupport_cExport-noconfig.cmake
[1.780s] -- Installing: /home/daniel/projects/ros/install/my_robot_interfaces/share/my_robot_interfaces/cmake/export_my_robot_interfaces__rosidl_generator_cppExport.cmake
[1.780s] -- Old export file "/home/daniel/projects/ros/install/my_robot_interfaces/share/my_robot_interfaces/cmake/export_my_robot_interfaces__rosidl_typesupport_fastrtps_cppExport.cmake" will be replaced.  Removing files [/home/daniel/projects/ros/install/my_robot_interfaces/share/my_robot_interfaces/cmake/export_my_robot_interfaces__rosidl_typesupport_fastrtps_cppExport-noconfig.cmake].
[1.780s] -- Installing: /home/daniel/projects/ros/install/my_robot_interfaces/share/my_robot_interfaces/cmake/export_my_robot_interfaces__rosidl_typesupport_fastrtps_cppExport.cmake
[1.780s] -- Installing: /home/daniel/projects/ros/install/my_robot_interfaces/share/my_robot_interfaces/cmake/export_my_robot_interfaces__rosidl_typesupport_fastrtps_cppExport-noconfig.cmake
[1.780s] -- Old export file "/home/daniel/projects/ros/install/my_robot_interfaces/share/my_robot_interfaces/cmake/my_robot_interfaces__rosidl_typesupport_introspection_cppExport.cmake" will be replaced.  Removing files [/home/daniel/projects/ros/install/my_robot_interfaces/share/my_robot_interfaces/cmake/my_robot_interfaces__rosidl_typesupport_introspection_cppExport-noconfig.cmake].
[1.780s] -- Installing: /home/daniel/projects/ros/install/my_robot_interfaces/share/my_robot_interfaces/cmake/my_robot_interfaces__rosidl_typesupport_introspection_cppExport.cmake
[1.780s] -- Installing: /home/daniel/projects/ros/install/my_robot_interfaces/share/my_robot_interfaces/cmake/my_robot_interfaces__rosidl_typesupport_introspection_cppExport-noconfig.cmake
[1.780s] -- Old export file "/home/daniel/projects/ros/install/my_robot_interfaces/share/my_robot_interfaces/cmake/my_robot_interfaces__rosidl_typesupport_cppExport.cmake" will be replaced.  Removing files [/home/daniel/projects/ros/install/my_robot_interfaces/share/my_robot_interfaces/cmake/my_robot_interfaces__rosidl_typesupport_cppExport-noconfig.cmake].
[1.780s] -- Installing: /home/daniel/projects/ros/install/my_robot_interfaces/share/my_robot_interfaces/cmake/my_robot_interfaces__rosidl_typesupport_cppExport.cmake
[1.781s] -- Installing: /home/daniel/projects/ros/install/my_robot_interfaces/share/my_robot_interfaces/cmake/my_robot_interfaces__rosidl_typesupport_cppExport-noconfig.cmake
[1.781s] -- Up-to-date: /home/daniel/projects/ros/install/my_robot_interfaces/share/my_robot_interfaces/cmake/export_my_robot_interfaces__rosidl_generator_pyExport.cmake
[1.781s] -- Installing: /home/daniel/projects/ros/install/my_robot_interfaces/share/my_robot_interfaces/cmake/export_my_robot_interfaces__rosidl_generator_pyExport-noconfig.cmake
[1.781s] -- Installing: /home/daniel/projects/ros/install/my_robot_interfaces/share/my_robot_interfaces/cmake/rosidl_cmake-extras.cmake
[1.781s] -- Installing: /home/daniel/projects/ros/install/my_robot_interfaces/share/my_robot_interfaces/cmake/ament_cmake_export_dependencies-extras.cmake
[1.781s] -- Up-to-date: /home/daniel/projects/ros/install/my_robot_interfaces/share/my_robot_interfaces/cmake/ament_cmake_export_include_directories-extras.cmake
[1.781s] -- Up-to-date: /home/daniel/projects/ros/install/my_robot_interfaces/share/my_robot_interfaces/cmake/ament_cmake_export_libraries-extras.cmake
[1.781s] -- Up-to-date: /home/daniel/projects/ros/install/my_robot_interfaces/share/my_robot_interfaces/cmake/ament_cmake_export_targets-extras.cmake
[1.781s] -- Up-to-date: /home/daniel/projects/ros/install/my_robot_interfaces/share/my_robot_interfaces/cmake/rosidl_cmake_export_typesupport_targets-extras.cmake
[1.781s] -- Up-to-date: /home/daniel/projects/ros/install/my_robot_interfaces/share/my_robot_interfaces/cmake/rosidl_cmake_export_typesupport_libraries-extras.cmake
[1.781s] -- Installing: /home/daniel/projects/ros/install/my_robot_interfaces/share/my_robot_interfaces/cmake/my_robot_interfacesConfig.cmake
[1.781s] -- Up-to-date: /home/daniel/projects/ros/install/my_robot_interfaces/share/my_robot_interfaces/cmake/my_robot_interfacesConfig-version.cmake
[1.781s] -- Up-to-date: /home/daniel/projects/ros/install/my_robot_interfaces/share/my_robot_interfaces/package.xml
[1.782s] Invoked command in '/home/daniel/projects/ros/build/my_robot_interfaces' returned '0': CMAKE_PREFIX_PATH=${CMAKE_PREFIX_PATH}:/home/daniel/projects/ros/install/my_py_pkg:/opt/ros/jazzy DEBUGINFOD_URLS=https://debuginfod.ubuntu.com /usr/bin/cmake --install /home/daniel/projects/ros/build/my_robot_interfaces
