[0.950s] Invoking command in '/home/daniel/projects/ros/src/my_py_pkg': DEBUGINFOD_URLS=https://debuginfod.ubuntu.com PYTHONPATH=/home/daniel/projects/ros/src/build/my_py_pkg/prefix_override:/usr/lib/python3/dist-packages/colcon_core/task/python/colcon_distutils_commands:/home/daniel/projects/ros/src/install/my_py_pkg/lib/python3.12/site-packages:${PYTHONPATH} /usr/bin/python3 -W ignore:setup.py install is deprecated -W ignore:easy_install command is deprecated setup.py egg_info --egg-base ../build/my_py_pkg build --build-base /home/daniel/projects/ros/src/build/my_py_pkg/build install --record /home/daniel/projects/ros/src/build/my_py_pkg/install.log --single-version-externally-managed install_data
[1.212s] running egg_info
[1.227s] writing ../build/my_py_pkg/my_py_pkg.egg-info/PKG-INFO
[1.227s] writing dependency_links to ../build/my_py_pkg/my_py_pkg.egg-info/dependency_links.txt
[1.227s] writing entry points to ../build/my_py_pkg/my_py_pkg.egg-info/entry_points.txt
[1.227s] writing requirements to ../build/my_py_pkg/my_py_pkg.egg-info/requires.txt
[1.228s] writing top-level names to ../build/my_py_pkg/my_py_pkg.egg-info/top_level.txt
[1.258s] reading manifest file '../build/my_py_pkg/my_py_pkg.egg-info/SOURCES.txt'
[1.258s] writing manifest file '../build/my_py_pkg/my_py_pkg.egg-info/SOURCES.txt'
[1.258s] running build
[1.258s] running build_py
[1.259s] copying my_py_pkg/hardware_status_publisher.py -> /home/daniel/projects/ros/src/build/my_py_pkg/build/lib/my_py_pkg
[1.259s] running install
[1.264s] running install_lib
[1.279s] copying /home/daniel/projects/ros/src/build/my_py_pkg/build/lib/my_py_pkg/hardware_status_publisher.py -> /home/daniel/projects/ros/src/install/my_py_pkg/lib/python3.12/site-packages/my_py_pkg
[1.280s] byte-compiling /home/daniel/projects/ros/src/install/my_py_pkg/lib/python3.12/site-packages/my_py_pkg/hardware_status_publisher.py to hardware_status_publisher.cpython-312.pyc
[1.282s] running install_data
[1.282s] copying package.xml -> /home/daniel/projects/ros/src/install/my_py_pkg/share/my_py_pkg
[1.282s] running install_egg_info
[1.298s] removing '/home/daniel/projects/ros/src/install/my_py_pkg/lib/python3.12/site-packages/my_py_pkg-0.0.0-py3.12.egg-info' (and everything under it)
[1.299s] Copying ../build/my_py_pkg/my_py_pkg.egg-info to /home/daniel/projects/ros/src/install/my_py_pkg/lib/python3.12/site-packages/my_py_pkg-0.0.0-py3.12.egg-info
[1.300s] running install_scripts
[1.404s] Installing add_two_ints_client script to /home/daniel/projects/ros/src/install/my_py_pkg/lib/my_py_pkg
[1.404s] Installing add_two_ints_server script to /home/daniel/projects/ros/src/install/my_py_pkg/lib/my_py_pkg
[1.404s] Installing hw_status_publisher script to /home/daniel/projects/ros/src/install/my_py_pkg/lib/my_py_pkg
[1.404s] Installing py_node script to /home/daniel/projects/ros/src/install/my_py_pkg/lib/my_py_pkg
[1.404s] Installing robot_news_station script to /home/daniel/projects/ros/src/install/my_py_pkg/lib/my_py_pkg
[1.404s] Installing smartphone script to /home/daniel/projects/ros/src/install/my_py_pkg/lib/my_py_pkg
[1.405s] writing list of installed files to '/home/daniel/projects/ros/src/build/my_py_pkg/install.log'
[1.427s] Invoked command in '/home/daniel/projects/ros/src/my_py_pkg' returned '0': DEBUGINFOD_URLS=https://debuginfod.ubuntu.com PYTHONPATH=/home/daniel/projects/ros/src/build/my_py_pkg/prefix_override:/usr/lib/python3/dist-packages/colcon_core/task/python/colcon_distutils_commands:/home/daniel/projects/ros/src/install/my_py_pkg/lib/python3.12/site-packages:${PYTHONPATH} /usr/bin/python3 -W ignore:setup.py install is deprecated -W ignore:easy_install command is deprecated setup.py egg_info --egg-base ../build/my_py_pkg build --build-base /home/daniel/projects/ros/src/build/my_py_pkg/build install --record /home/daniel/projects/ros/src/build/my_py_pkg/install.log --single-version-externally-managed install_data
