[0.009s] Invoking command in '/home/daniel/projects/ros/build/my_robot_interfaces': CMAKE_PREFIX_PATH=${CMAKE_PREFIX_PATH}:/home/daniel/projects/ros/install/my_py_pkg:/opt/ros/jazzy DEBUGINFOD_URLS=https://debuginfod.ubuntu.com /usr/bin/cmake /home/daniel/projects/ros/src/my_robot_interfaces -DCMAKE_INSTALL_PREFIX=/home/daniel/projects/ros/install/my_robot_interfaces
[0.020s] -- Found ament_cmake: 2.5.4 (/opt/ros/jazzy/share/ament_cmake/cmake)
[0.132s] -- Found rosidl_default_generators: 1.6.0 (/opt/ros/jazzy/share/rosidl_default_generators/cmake)
[0.135s] -- Using all available rosidl_typesupport_c: rosidl_typesupport_fastrtps_c;rosidl_typesupport_introspection_c
[0.158s] -- Using all available rosidl_typesupport_cpp: rosidl_typesupport_fastrtps_cpp;rosidl_typesupport_introspection_cpp
[0.177s] -- Found rosidl_adapter: 4.6.6 (/opt/ros/jazzy/share/rosidl_adapter/cmake)
[0.532s] -- Found ament_cmake_ros: 0.12.0 (/opt/ros/jazzy/share/ament_cmake_ros/cmake)
[0.782s] -- Using all available rosidl_typesupport_c: rosidl_typesupport_fastrtps_c;rosidl_typesupport_introspection_c
[1.126s] -- Using all available rosidl_typesupport_cpp: rosidl_typesupport_fastrtps_cpp;rosidl_typesupport_introspection_cpp
[1.130s] -- Found python_cmake_module: 0.11.1 (/opt/ros/jazzy/share/python_cmake_module/cmake)
[1.212s] -- Found PythonExtra: /usr/bin/python3  
[1.477s] -- Found Python3: /usr/bin/python3 (found version "3.12.3") found components: Interpreter Development NumPy Development.Module Development.Embed 
[1.499s] -- Configuring done (1.5s)
[1.510s] -- Generating done (0.0s)
[1.514s] -- Build files have been written to: /home/daniel/projects/ros/build/my_robot_interfaces
[1.518s] Invoked command in '/home/daniel/projects/ros/build/my_robot_interfaces' returned '0': CMAKE_PREFIX_PATH=${CMAKE_PREFIX_PATH}:/home/daniel/projects/ros/install/my_py_pkg:/opt/ros/jazzy DEBUGINFOD_URLS=https://debuginfod.ubuntu.com /usr/bin/cmake /home/daniel/projects/ros/src/my_robot_interfaces -DCMAKE_INSTALL_PREFIX=/home/daniel/projects/ros/install/my_robot_interfaces
[1.520s] Invoking command in '/home/daniel/projects/ros/build/my_robot_interfaces': CMAKE_PREFIX_PATH=${CMAKE_PREFIX_PATH}:/home/daniel/projects/ros/install/my_py_pkg:/opt/ros/jazzy DEBUGINFOD_URLS=https://debuginfod.ubuntu.com /usr/bin/cmake --build /home/daniel/projects/ros/build/my_robot_interfaces -- -j24 -l24
[1.561s] [  2%] [34m[1mGenerating type hashes for ROS interfaces[0m
[1.561s] [  2%] Built target ament_cmake_python_copy_my_robot_interfaces
[1.643s] [  2%] Built target my_robot_interfaces__rosidl_generator_type_description
[1.652s] [  5%] [34m[1mGenerating C code for ROS interfaces[0m
[1.657s] running egg_info
[1.658s] creating my_robot_interfaces.egg-info
[1.661s] [  8%] [34m[1mGenerating C++ code for ROS interfaces[0m
[1.665s] writing my_robot_interfaces.egg-info/PKG-INFO
[1.665s] writing dependency_links to my_robot_interfaces.egg-info/dependency_links.txt
[1.665s] writing top-level names to my_robot_interfaces.egg-info/top_level.txt
[1.665s] writing manifest file 'my_robot_interfaces.egg-info/SOURCES.txt'
[1.686s] reading manifest file 'my_robot_interfaces.egg-info/SOURCES.txt'
[1.686s] writing manifest file 'my_robot_interfaces.egg-info/SOURCES.txt'
[1.703s] [  8%] Built target ament_cmake_python_build_my_robot_interfaces_egg
[1.763s] [  8%] Built target my_robot_interfaces__cpp
[1.767s] [ 11%] [32mBuilding C object CMakeFiles/my_robot_interfaces__rosidl_generator_c.dir/rosidl_generator_c/my_robot_interfaces/msg/detail/hardware_status__description.c.o[0m
[1.768s] [ 14%] [32mBuilding C object CMakeFiles/my_robot_interfaces__rosidl_generator_c.dir/rosidl_generator_c/my_robot_interfaces/msg/detail/hardware_status__type_support.c.o[0m
[1.769s] [ 17%] [32mBuilding C object CMakeFiles/my_robot_interfaces__rosidl_generator_c.dir/rosidl_generator_c/my_robot_interfaces/msg/detail/hardware_status__functions.c.o[0m
[1.794s] [ 20%] [32m[1mLinking C shared library libmy_robot_interfaces__rosidl_generator_c.so[0m
[1.819s] [ 20%] Built target my_robot_interfaces__rosidl_generator_c
[1.827s] [ 23%] [34m[1mGenerating C++ type support dispatch for ROS interfaces[0m
[1.827s] [ 26%] [34m[1mGenerating C type support dispatch for ROS interfaces[0m
[1.828s] [ 29%] [34m[1mGenerating C++ type support for eProsima Fast-RTPS[0m
[1.828s] [ 32%] [34m[1mGenerating C introspection for ROS interfaces[0m
[1.828s] [ 35%] [34m[1mGenerating C type support for eProsima Fast-RTPS[0m
[1.828s] [ 38%] [34m[1mGenerating C++ introspection for ROS interfaces[0m
[1.927s] [ 41%] [32mBuilding CXX object CMakeFiles/my_robot_interfaces__rosidl_typesupport_c.dir/rosidl_typesupport_c/my_robot_interfaces/msg/hardware_status__type_support.cpp.o[0m
[1.933s] [ 44%] [32mBuilding CXX object CMakeFiles/my_robot_interfaces__rosidl_typesupport_cpp.dir/rosidl_typesupport_cpp/my_robot_interfaces/msg/hardware_status__type_support.cpp.o[0m
[1.934s] [ 47%] [32mBuilding CXX object CMakeFiles/my_robot_interfaces__rosidl_typesupport_introspection_cpp.dir/rosidl_typesupport_introspection_cpp/my_robot_interfaces/msg/detail/hardware_status__type_support.cpp.o[0m
[1.936s] [ 50%] [32mBuilding C object CMakeFiles/my_robot_interfaces__rosidl_typesupport_introspection_c.dir/rosidl_typesupport_introspection_c/my_robot_interfaces/msg/detail/hardware_status__type_support.c.o[0m
[1.941s] [ 52%] [32mBuilding CXX object CMakeFiles/my_robot_interfaces__rosidl_typesupport_fastrtps_cpp.dir/rosidl_typesupport_fastrtps_cpp/my_robot_interfaces/msg/detail/dds_fastrtps/hardware_status__type_support.cpp.o[0m
[1.941s] [ 55%] [32mBuilding CXX object CMakeFiles/my_robot_interfaces__rosidl_typesupport_fastrtps_c.dir/rosidl_typesupport_fastrtps_c/my_robot_interfaces/msg/detail/hardware_status__type_support_c.cpp.o[0m
[1.954s] [ 58%] [32m[1mLinking C shared library libmy_robot_interfaces__rosidl_typesupport_introspection_c.so[0m
[1.955s] [ 61%] [32m[1mLinking CXX shared library libmy_robot_interfaces__rosidl_typesupport_c.so[0m
[1.977s] [ 61%] Built target my_robot_interfaces__rosidl_typesupport_c
[1.977s] [ 61%] Built target my_robot_interfaces__rosidl_typesupport_introspection_c
[2.065s] [ 64%] [32m[1mLinking CXX shared library libmy_robot_interfaces__rosidl_typesupport_cpp.so[0m
[2.070s] [ 67%] [32m[1mLinking CXX shared library libmy_robot_interfaces__rosidl_typesupport_introspection_cpp.so[0m
[2.094s] [ 67%] Built target my_robot_interfaces__rosidl_typesupport_cpp
[2.107s] [ 67%] Built target my_robot_interfaces__rosidl_typesupport_introspection_cpp
[2.131s] [ 73%] [32m[1mLinking CXX shared library libmy_robot_interfaces__rosidl_typesupport_fastrtps_c.so[0m
[2.131s] [ 73%] [32m[1mLinking CXX shared library libmy_robot_interfaces__rosidl_typesupport_fastrtps_cpp.so[0m
[2.171s] [ 73%] Built target my_robot_interfaces__rosidl_typesupport_fastrtps_c
[2.177s] [ 73%] Built target my_robot_interfaces__rosidl_typesupport_fastrtps_cpp
[2.192s] [ 73%] Built target my_robot_interfaces
[2.204s] [ 76%] [34m[1mGenerating Python code for ROS interfaces[0m
[2.319s] [ 76%] Built target my_robot_interfaces__py
[2.331s] [ 79%] [32mBuilding C object CMakeFiles/my_robot_interfaces__rosidl_generator_py.dir/rosidl_generator_py/my_robot_interfaces/msg/_hardware_status_s.c.o[0m
[2.393s] [ 82%] [32m[1mLinking C shared library libmy_robot_interfaces__rosidl_generator_py.so[0m
[2.424s] [ 82%] Built target my_robot_interfaces__rosidl_generator_py
[2.438s] [ 88%] [32mBuilding C object CMakeFiles/my_robot_interfaces_s__rosidl_typesupport_c.dir/rosidl_generator_py/my_robot_interfaces/_my_robot_interfaces_s.ep.rosidl_typesupport_c.c.o[0m
[2.439s] [ 88%] [32mBuilding C object CMakeFiles/my_robot_interfaces_s__rosidl_typesupport_introspection_c.dir/rosidl_generator_py/my_robot_interfaces/_my_robot_interfaces_s.ep.rosidl_typesupport_introspection_c.c.o[0m
[2.441s] [ 91%] [32mBuilding C object CMakeFiles/my_robot_interfaces_s__rosidl_typesupport_fastrtps_c.dir/rosidl_generator_py/my_robot_interfaces/_my_robot_interfaces_s.ep.rosidl_typesupport_fastrtps_c.c.o[0m
[2.487s] [ 94%] [32m[1mLinking C shared module rosidl_generator_py/my_robot_interfaces/my_robot_interfaces_s__rosidl_typesupport_fastrtps_c.so[0m
[2.488s] [ 97%] [32m[1mLinking C shared module rosidl_generator_py/my_robot_interfaces/my_robot_interfaces_s__rosidl_typesupport_introspection_c.so[0m
[2.490s] [100%] [32m[1mLinking C shared module rosidl_generator_py/my_robot_interfaces/my_robot_interfaces_s__rosidl_typesupport_c.so[0m
[2.505s] [100%] Built target my_robot_interfaces_s__rosidl_typesupport_fastrtps_c
[2.512s] [100%] Built target my_robot_interfaces_s__rosidl_typesupport_introspection_c
[2.512s] [100%] Built target my_robot_interfaces_s__rosidl_typesupport_c
[2.522s] Invoked command in '/home/daniel/projects/ros/build/my_robot_interfaces' returned '0': CMAKE_PREFIX_PATH=${CMAKE_PREFIX_PATH}:/home/daniel/projects/ros/install/my_py_pkg:/opt/ros/jazzy DEBUGINFOD_URLS=https://debuginfod.ubuntu.com /usr/bin/cmake --build /home/daniel/projects/ros/build/my_robot_interfaces -- -j24 -l24
[2.528s] Invoking command in '/home/daniel/projects/ros/build/my_robot_interfaces': CMAKE_PREFIX_PATH=${CMAKE_PREFIX_PATH}:/home/daniel/projects/ros/install/my_py_pkg:/opt/ros/jazzy DEBUGINFOD_URLS=https://debuginfod.ubuntu.com /usr/bin/cmake --install /home/daniel/projects/ros/build/my_robot_interfaces
[2.534s] -- Install configuration: ""
[2.534s] -- Installing: /home/daniel/projects/ros/install/my_robot_interfaces/share/ament_index/resource_index/rosidl_interfaces/my_robot_interfaces
[2.534s] -- Installing: /home/daniel/projects/ros/install/my_robot_interfaces/share/my_robot_interfaces/msg/HardwareStatus.json
[2.534s] -- Installing: /home/daniel/projects/ros/install/my_robot_interfaces/include/my_robot_interfaces/my_robot_interfaces
[2.534s] -- Installing: /home/daniel/projects/ros/install/my_robot_interfaces/include/my_robot_interfaces/my_robot_interfaces/msg
[2.534s] -- Installing: /home/daniel/projects/ros/install/my_robot_interfaces/include/my_robot_interfaces/my_robot_interfaces/msg/rosidl_generator_c__visibility_control.h
[2.534s] -- Installing: /home/daniel/projects/ros/install/my_robot_interfaces/include/my_robot_interfaces/my_robot_interfaces/msg/hardware_status.h
[2.534s] -- Installing: /home/daniel/projects/ros/install/my_robot_interfaces/include/my_robot_interfaces/my_robot_interfaces/msg/detail
[2.534s] -- Installing: /home/daniel/projects/ros/install/my_robot_interfaces/include/my_robot_interfaces/my_robot_interfaces/msg/detail/hardware_status__functions.c
[2.534s] -- Installing: /home/daniel/projects/ros/install/my_robot_interfaces/include/my_robot_interfaces/my_robot_interfaces/msg/detail/hardware_status__description.c
[2.534s] -- Installing: /home/daniel/projects/ros/install/my_robot_interfaces/include/my_robot_interfaces/my_robot_interfaces/msg/detail/hardware_status__type_support.c
[2.534s] -- Installing: /home/daniel/projects/ros/install/my_robot_interfaces/include/my_robot_interfaces/my_robot_interfaces/msg/detail/hardware_status__type_support.h
[2.534s] -- Installing: /home/daniel/projects/ros/install/my_robot_interfaces/include/my_robot_interfaces/my_robot_interfaces/msg/detail/hardware_status__functions.h
[2.534s] -- Installing: /home/daniel/projects/ros/install/my_robot_interfaces/include/my_robot_interfaces/my_robot_interfaces/msg/detail/hardware_status__struct.h
[2.534s] -- Installing: /home/daniel/projects/ros/install/my_robot_interfaces/share/my_robot_interfaces/environment/library_path.sh
[2.534s] -- Installing: /home/daniel/projects/ros/install/my_robot_interfaces/share/my_robot_interfaces/environment/library_path.dsv
[2.534s] -- Installing: /home/daniel/projects/ros/install/my_robot_interfaces/lib/libmy_robot_interfaces__rosidl_generator_c.so
[2.535s] -- Set non-toolchain portion of runtime path of "/home/daniel/projects/ros/install/my_robot_interfaces/lib/libmy_robot_interfaces__rosidl_generator_c.so" to ""
[2.535s] -- Up-to-date: /home/daniel/projects/ros/install/my_robot_interfaces/include/my_robot_interfaces/my_robot_interfaces
[2.535s] -- Up-to-date: /home/daniel/projects/ros/install/my_robot_interfaces/include/my_robot_interfaces/my_robot_interfaces/msg
[2.535s] -- Installing: /home/daniel/projects/ros/install/my_robot_interfaces/include/my_robot_interfaces/my_robot_interfaces/msg/rosidl_typesupport_fastrtps_c__visibility_control.h
[2.535s] -- Up-to-date: /home/daniel/projects/ros/install/my_robot_interfaces/include/my_robot_interfaces/my_robot_interfaces/msg/detail
[2.535s] -- Installing: /home/daniel/projects/ros/install/my_robot_interfaces/include/my_robot_interfaces/my_robot_interfaces/msg/detail/hardware_status__rosidl_typesupport_fastrtps_c.h
[2.535s] -- Installing: /home/daniel/projects/ros/install/my_robot_interfaces/lib/libmy_robot_interfaces__rosidl_typesupport_fastrtps_c.so
[2.535s] -- Set non-toolchain portion of runtime path of "/home/daniel/projects/ros/install/my_robot_interfaces/lib/libmy_robot_interfaces__rosidl_typesupport_fastrtps_c.so" to ""
[2.535s] -- Up-to-date: /home/daniel/projects/ros/install/my_robot_interfaces/include/my_robot_interfaces/my_robot_interfaces
[2.535s] -- Up-to-date: /home/daniel/projects/ros/install/my_robot_interfaces/include/my_robot_interfaces/my_robot_interfaces/msg
[2.535s] -- Up-to-date: /home/daniel/projects/ros/install/my_robot_interfaces/include/my_robot_interfaces/my_robot_interfaces/msg/detail
[2.535s] -- Installing: /home/daniel/projects/ros/install/my_robot_interfaces/include/my_robot_interfaces/my_robot_interfaces/msg/detail/hardware_status__rosidl_typesupport_introspection_c.h
[2.535s] -- Up-to-date: /home/daniel/projects/ros/install/my_robot_interfaces/include/my_robot_interfaces/my_robot_interfaces/msg/detail/hardware_status__type_support.c
[2.535s] -- Installing: /home/daniel/projects/ros/install/my_robot_interfaces/include/my_robot_interfaces/my_robot_interfaces/msg/rosidl_typesupport_introspection_c__visibility_control.h
[2.535s] -- Installing: /home/daniel/projects/ros/install/my_robot_interfaces/lib/libmy_robot_interfaces__rosidl_typesupport_introspection_c.so
[2.535s] -- Set non-toolchain portion of runtime path of "/home/daniel/projects/ros/install/my_robot_interfaces/lib/libmy_robot_interfaces__rosidl_typesupport_introspection_c.so" to ""
[2.535s] -- Installing: /home/daniel/projects/ros/install/my_robot_interfaces/lib/libmy_robot_interfaces__rosidl_typesupport_c.so
[2.535s] -- Set non-toolchain portion of runtime path of "/home/daniel/projects/ros/install/my_robot_interfaces/lib/libmy_robot_interfaces__rosidl_typesupport_c.so" to ""
[2.535s] -- Up-to-date: /home/daniel/projects/ros/install/my_robot_interfaces/include/my_robot_interfaces/my_robot_interfaces
[2.535s] -- Up-to-date: /home/daniel/projects/ros/install/my_robot_interfaces/include/my_robot_interfaces/my_robot_interfaces/msg
[2.536s] -- Installing: /home/daniel/projects/ros/install/my_robot_interfaces/include/my_robot_interfaces/my_robot_interfaces/msg/hardware_status.hpp
[2.536s] -- Up-to-date: /home/daniel/projects/ros/install/my_robot_interfaces/include/my_robot_interfaces/my_robot_interfaces/msg/detail
[2.536s] -- Installing: /home/daniel/projects/ros/install/my_robot_interfaces/include/my_robot_interfaces/my_robot_interfaces/msg/detail/hardware_status__builder.hpp
[2.536s] -- Installing: /home/daniel/projects/ros/install/my_robot_interfaces/include/my_robot_interfaces/my_robot_interfaces/msg/detail/hardware_status__traits.hpp
[2.536s] -- Installing: /home/daniel/projects/ros/install/my_robot_interfaces/include/my_robot_interfaces/my_robot_interfaces/msg/detail/hardware_status__type_support.hpp
[2.536s] -- Installing: /home/daniel/projects/ros/install/my_robot_interfaces/include/my_robot_interfaces/my_robot_interfaces/msg/detail/hardware_status__struct.hpp
[2.536s] -- Installing: /home/daniel/projects/ros/install/my_robot_interfaces/include/my_robot_interfaces/my_robot_interfaces/msg/rosidl_generator_cpp__visibility_control.hpp
[2.536s] -- Up-to-date: /home/daniel/projects/ros/install/my_robot_interfaces/include/my_robot_interfaces/my_robot_interfaces
[2.536s] -- Up-to-date: /home/daniel/projects/ros/install/my_robot_interfaces/include/my_robot_interfaces/my_robot_interfaces/msg
[2.536s] -- Up-to-date: /home/daniel/projects/ros/install/my_robot_interfaces/include/my_robot_interfaces/my_robot_interfaces/msg/detail
[2.536s] -- Installing: /home/daniel/projects/ros/install/my_robot_interfaces/include/my_robot_interfaces/my_robot_interfaces/msg/detail/hardware_status__rosidl_typesupport_fastrtps_cpp.hpp
[2.536s] -- Installing: /home/daniel/projects/ros/install/my_robot_interfaces/include/my_robot_interfaces/my_robot_interfaces/msg/detail/dds_fastrtps
[2.536s] -- Installing: /home/daniel/projects/ros/install/my_robot_interfaces/include/my_robot_interfaces/my_robot_interfaces/msg/rosidl_typesupport_fastrtps_cpp__visibility_control.h
[2.536s] -- Installing: /home/daniel/projects/ros/install/my_robot_interfaces/lib/libmy_robot_interfaces__rosidl_typesupport_fastrtps_cpp.so
[2.536s] -- Set non-toolchain portion of runtime path of "/home/daniel/projects/ros/install/my_robot_interfaces/lib/libmy_robot_interfaces__rosidl_typesupport_fastrtps_cpp.so" to ""
[2.536s] -- Up-to-date: /home/daniel/projects/ros/install/my_robot_interfaces/include/my_robot_interfaces/my_robot_interfaces
[2.536s] -- Up-to-date: /home/daniel/projects/ros/install/my_robot_interfaces/include/my_robot_interfaces/my_robot_interfaces/msg
[2.536s] -- Up-to-date: /home/daniel/projects/ros/install/my_robot_interfaces/include/my_robot_interfaces/my_robot_interfaces/msg/detail
[2.536s] -- Installing: /home/daniel/projects/ros/install/my_robot_interfaces/include/my_robot_interfaces/my_robot_interfaces/msg/detail/hardware_status__rosidl_typesupport_introspection_cpp.hpp
[2.536s] -- Installing: /home/daniel/projects/ros/install/my_robot_interfaces/include/my_robot_interfaces/my_robot_interfaces/msg/detail/hardware_status__type_support.cpp
[2.536s] -- Installing: /home/daniel/projects/ros/install/my_robot_interfaces/lib/libmy_robot_interfaces__rosidl_typesupport_introspection_cpp.so
[2.536s] -- Set non-toolchain portion of runtime path of "/home/daniel/projects/ros/install/my_robot_interfaces/lib/libmy_robot_interfaces__rosidl_typesupport_introspection_cpp.so" to ""
[2.536s] -- Installing: /home/daniel/projects/ros/install/my_robot_interfaces/lib/libmy_robot_interfaces__rosidl_typesupport_cpp.so
[2.536s] -- Set non-toolchain portion of runtime path of "/home/daniel/projects/ros/install/my_robot_interfaces/lib/libmy_robot_interfaces__rosidl_typesupport_cpp.so" to ""
[2.536s] -- Installing: /home/daniel/projects/ros/install/my_robot_interfaces/share/my_robot_interfaces/environment/pythonpath.sh
[2.536s] -- Installing: /home/daniel/projects/ros/install/my_robot_interfaces/share/my_robot_interfaces/environment/pythonpath.dsv
[2.537s] -- Installing: /home/daniel/projects/ros/install/my_robot_interfaces/lib/python3.12/site-packages/my_robot_interfaces-0.0.0-py3.12.egg-info
[2.537s] -- Installing: /home/daniel/projects/ros/install/my_robot_interfaces/lib/python3.12/site-packages/my_robot_interfaces-0.0.0-py3.12.egg-info/dependency_links.txt
[2.537s] -- Installing: /home/daniel/projects/ros/install/my_robot_interfaces/lib/python3.12/site-packages/my_robot_interfaces-0.0.0-py3.12.egg-info/top_level.txt
[2.537s] -- Installing: /home/daniel/projects/ros/install/my_robot_interfaces/lib/python3.12/site-packages/my_robot_interfaces-0.0.0-py3.12.egg-info/SOURCES.txt
[2.537s] -- Installing: /home/daniel/projects/ros/install/my_robot_interfaces/lib/python3.12/site-packages/my_robot_interfaces-0.0.0-py3.12.egg-info/PKG-INFO
[2.537s] -- Installing: /home/daniel/projects/ros/install/my_robot_interfaces/lib/python3.12/site-packages/my_robot_interfaces
[2.537s] -- Installing: /home/daniel/projects/ros/install/my_robot_interfaces/lib/python3.12/site-packages/my_robot_interfaces/my_robot_interfaces_s__rosidl_typesupport_c.so
[2.537s] -- Installing: /home/daniel/projects/ros/install/my_robot_interfaces/lib/python3.12/site-packages/my_robot_interfaces/my_robot_interfaces_s__rosidl_typesupport_introspection_c.so
[2.537s] -- Installing: /home/daniel/projects/ros/install/my_robot_interfaces/lib/python3.12/site-packages/my_robot_interfaces/__init__.py
[2.537s] -- Installing: /home/daniel/projects/ros/install/my_robot_interfaces/lib/python3.12/site-packages/my_robot_interfaces/msg
[2.537s] -- Installing: /home/daniel/projects/ros/install/my_robot_interfaces/lib/python3.12/site-packages/my_robot_interfaces/msg/__init__.py
[2.537s] -- Installing: /home/daniel/projects/ros/install/my_robot_interfaces/lib/python3.12/site-packages/my_robot_interfaces/msg/_hardware_status_s.c
[2.537s] -- Installing: /home/daniel/projects/ros/install/my_robot_interfaces/lib/python3.12/site-packages/my_robot_interfaces/msg/_hardware_status.py
[2.537s] -- Installing: /home/daniel/projects/ros/install/my_robot_interfaces/lib/python3.12/site-packages/my_robot_interfaces/my_robot_interfaces_s__rosidl_typesupport_fastrtps_c.so
[2.537s] -- Installing: /home/daniel/projects/ros/install/my_robot_interfaces/lib/python3.12/site-packages/my_robot_interfaces/_my_robot_interfaces_s.ep.rosidl_typesupport_c.c
[2.537s] -- Installing: /home/daniel/projects/ros/install/my_robot_interfaces/lib/python3.12/site-packages/my_robot_interfaces/_my_robot_interfaces_s.ep.rosidl_typesupport_fastrtps_c.c
[2.537s] -- Installing: /home/daniel/projects/ros/install/my_robot_interfaces/lib/python3.12/site-packages/my_robot_interfaces/_my_robot_interfaces_s.ep.rosidl_typesupport_introspection_c.c
[2.561s] Listing '/home/daniel/projects/ros/install/my_robot_interfaces/lib/python3.12/site-packages/my_robot_interfaces'...
[2.561s] Compiling '/home/daniel/projects/ros/install/my_robot_interfaces/lib/python3.12/site-packages/my_robot_interfaces/__init__.py'...
[2.561s] Listing '/home/daniel/projects/ros/install/my_robot_interfaces/lib/python3.12/site-packages/my_robot_interfaces/msg'...
[2.561s] Compiling '/home/daniel/projects/ros/install/my_robot_interfaces/lib/python3.12/site-packages/my_robot_interfaces/msg/__init__.py'...
[2.561s] Compiling '/home/daniel/projects/ros/install/my_robot_interfaces/lib/python3.12/site-packages/my_robot_interfaces/msg/_hardware_status.py'...
[2.563s] -- Installing: /home/daniel/projects/ros/install/my_robot_interfaces/lib/python3.12/site-packages/my_robot_interfaces/my_robot_interfaces_s__rosidl_typesupport_fastrtps_c.so
[2.564s] -- Set non-toolchain portion of runtime path of "/home/daniel/projects/ros/install/my_robot_interfaces/lib/python3.12/site-packages/my_robot_interfaces/my_robot_interfaces_s__rosidl_typesupport_fastrtps_c.so" to ""
[2.564s] -- Installing: /home/daniel/projects/ros/install/my_robot_interfaces/lib/python3.12/site-packages/my_robot_interfaces/my_robot_interfaces_s__rosidl_typesupport_introspection_c.so
[2.564s] -- Set non-toolchain portion of runtime path of "/home/daniel/projects/ros/install/my_robot_interfaces/lib/python3.12/site-packages/my_robot_interfaces/my_robot_interfaces_s__rosidl_typesupport_introspection_c.so" to ""
[2.564s] -- Installing: /home/daniel/projects/ros/install/my_robot_interfaces/lib/python3.12/site-packages/my_robot_interfaces/my_robot_interfaces_s__rosidl_typesupport_c.so
[2.564s] -- Set non-toolchain portion of runtime path of "/home/daniel/projects/ros/install/my_robot_interfaces/lib/python3.12/site-packages/my_robot_interfaces/my_robot_interfaces_s__rosidl_typesupport_c.so" to ""
[2.564s] -- Installing: /home/daniel/projects/ros/install/my_robot_interfaces/lib/libmy_robot_interfaces__rosidl_generator_py.so
[2.564s] -- Set non-toolchain portion of runtime path of "/home/daniel/projects/ros/install/my_robot_interfaces/lib/libmy_robot_interfaces__rosidl_generator_py.so" to ""
[2.565s] -- Installing: /home/daniel/projects/ros/install/my_robot_interfaces/share/my_robot_interfaces/msg/HardwareStatus.idl
[2.565s] -- Installing: /home/daniel/projects/ros/install/my_robot_interfaces/share/my_robot_interfaces/msg/HardwareStatus.msg
[2.565s] -- Installing: /home/daniel/projects/ros/install/my_robot_interfaces/share/ament_index/resource_index/package_run_dependencies/my_robot_interfaces
[2.565s] -- Installing: /home/daniel/projects/ros/install/my_robot_interfaces/share/ament_index/resource_index/parent_prefix_path/my_robot_interfaces
[2.565s] -- Installing: /home/daniel/projects/ros/install/my_robot_interfaces/share/my_robot_interfaces/environment/ament_prefix_path.sh
[2.565s] -- Installing: /home/daniel/projects/ros/install/my_robot_interfaces/share/my_robot_interfaces/environment/ament_prefix_path.dsv
[2.565s] -- Installing: /home/daniel/projects/ros/install/my_robot_interfaces/share/my_robot_interfaces/environment/path.sh
[2.565s] -- Installing: /home/daniel/projects/ros/install/my_robot_interfaces/share/my_robot_interfaces/environment/path.dsv
[2.565s] -- Installing: /home/daniel/projects/ros/install/my_robot_interfaces/share/my_robot_interfaces/local_setup.bash
[2.565s] -- Installing: /home/daniel/projects/ros/install/my_robot_interfaces/share/my_robot_interfaces/local_setup.sh
[2.565s] -- Installing: /home/daniel/projects/ros/install/my_robot_interfaces/share/my_robot_interfaces/local_setup.zsh
[2.565s] -- Installing: /home/daniel/projects/ros/install/my_robot_interfaces/share/my_robot_interfaces/local_setup.dsv
[2.565s] -- Installing: /home/daniel/projects/ros/install/my_robot_interfaces/share/my_robot_interfaces/package.dsv
[2.565s] -- Installing: /home/daniel/projects/ros/install/my_robot_interfaces/share/ament_index/resource_index/packages/my_robot_interfaces
[2.565s] -- Installing: /home/daniel/projects/ros/install/my_robot_interfaces/share/my_robot_interfaces/cmake/export_my_robot_interfaces__rosidl_generator_cExport.cmake
[2.565s] -- Installing: /home/daniel/projects/ros/install/my_robot_interfaces/share/my_robot_interfaces/cmake/export_my_robot_interfaces__rosidl_generator_cExport-noconfig.cmake
[2.565s] -- Installing: /home/daniel/projects/ros/install/my_robot_interfaces/share/my_robot_interfaces/cmake/export_my_robot_interfaces__rosidl_typesupport_fastrtps_cExport.cmake
[2.565s] -- Installing: /home/daniel/projects/ros/install/my_robot_interfaces/share/my_robot_interfaces/cmake/export_my_robot_interfaces__rosidl_typesupport_fastrtps_cExport-noconfig.cmake
[2.565s] -- Installing: /home/daniel/projects/ros/install/my_robot_interfaces/share/my_robot_interfaces/cmake/my_robot_interfaces__rosidl_typesupport_introspection_cExport.cmake
[2.565s] -- Installing: /home/daniel/projects/ros/install/my_robot_interfaces/share/my_robot_interfaces/cmake/my_robot_interfaces__rosidl_typesupport_introspection_cExport-noconfig.cmake
[2.565s] -- Installing: /home/daniel/projects/ros/install/my_robot_interfaces/share/my_robot_interfaces/cmake/my_robot_interfaces__rosidl_typesupport_cExport.cmake
[2.565s] -- Installing: /home/daniel/projects/ros/install/my_robot_interfaces/share/my_robot_interfaces/cmake/my_robot_interfaces__rosidl_typesupport_cExport-noconfig.cmake
[2.565s] -- Installing: /home/daniel/projects/ros/install/my_robot_interfaces/share/my_robot_interfaces/cmake/export_my_robot_interfaces__rosidl_generator_cppExport.cmake
[2.565s] -- Installing: /home/daniel/projects/ros/install/my_robot_interfaces/share/my_robot_interfaces/cmake/export_my_robot_interfaces__rosidl_typesupport_fastrtps_cppExport.cmake
[2.566s] -- Installing: /home/daniel/projects/ros/install/my_robot_interfaces/share/my_robot_interfaces/cmake/export_my_robot_interfaces__rosidl_typesupport_fastrtps_cppExport-noconfig.cmake
[2.566s] -- Installing: /home/daniel/projects/ros/install/my_robot_interfaces/share/my_robot_interfaces/cmake/my_robot_interfaces__rosidl_typesupport_introspection_cppExport.cmake
[2.566s] -- Installing: /home/daniel/projects/ros/install/my_robot_interfaces/share/my_robot_interfaces/cmake/my_robot_interfaces__rosidl_typesupport_introspection_cppExport-noconfig.cmake
[2.566s] -- Installing: /home/daniel/projects/ros/install/my_robot_interfaces/share/my_robot_interfaces/cmake/my_robot_interfaces__rosidl_typesupport_cppExport.cmake
[2.566s] -- Installing: /home/daniel/projects/ros/install/my_robot_interfaces/share/my_robot_interfaces/cmake/my_robot_interfaces__rosidl_typesupport_cppExport-noconfig.cmake
[2.566s] -- Installing: /home/daniel/projects/ros/install/my_robot_interfaces/share/my_robot_interfaces/cmake/export_my_robot_interfaces__rosidl_generator_pyExport.cmake
[2.566s] -- Installing: /home/daniel/projects/ros/install/my_robot_interfaces/share/my_robot_interfaces/cmake/export_my_robot_interfaces__rosidl_generator_pyExport-noconfig.cmake
[2.566s] -- Installing: /home/daniel/projects/ros/install/my_robot_interfaces/share/my_robot_interfaces/cmake/rosidl_cmake-extras.cmake
[2.566s] -- Installing: /home/daniel/projects/ros/install/my_robot_interfaces/share/my_robot_interfaces/cmake/ament_cmake_export_include_directories-extras.cmake
[2.566s] -- Installing: /home/daniel/projects/ros/install/my_robot_interfaces/share/my_robot_interfaces/cmake/ament_cmake_export_libraries-extras.cmake
[2.566s] -- Installing: /home/daniel/projects/ros/install/my_robot_interfaces/share/my_robot_interfaces/cmake/ament_cmake_export_targets-extras.cmake
[2.566s] -- Installing: /home/daniel/projects/ros/install/my_robot_interfaces/share/my_robot_interfaces/cmake/rosidl_cmake_export_typesupport_targets-extras.cmake
[2.566s] -- Installing: /home/daniel/projects/ros/install/my_robot_interfaces/share/my_robot_interfaces/cmake/ament_cmake_export_dependencies-extras.cmake
[2.566s] -- Installing: /home/daniel/projects/ros/install/my_robot_interfaces/share/my_robot_interfaces/cmake/rosidl_cmake_export_typesupport_libraries-extras.cmake
[2.566s] -- Installing: /home/daniel/projects/ros/install/my_robot_interfaces/share/my_robot_interfaces/cmake/my_robot_interfacesConfig.cmake
[2.567s] -- Installing: /home/daniel/projects/ros/install/my_robot_interfaces/share/my_robot_interfaces/cmake/my_robot_interfacesConfig-version.cmake
[2.567s] -- Installing: /home/daniel/projects/ros/install/my_robot_interfaces/share/my_robot_interfaces/package.xml
[2.568s] Invoked command in '/home/daniel/projects/ros/build/my_robot_interfaces' returned '0': CMAKE_PREFIX_PATH=${CMAKE_PREFIX_PATH}:/home/daniel/projects/ros/install/my_py_pkg:/opt/ros/jazzy DEBUGINFOD_URLS=https://debuginfod.ubuntu.com /usr/bin/cmake --install /home/daniel/projects/ros/build/my_robot_interfaces
