[0.011s] Invoking command in '/home/daniel/projects/ros/build/my_robot_interfaces': CMAKE_PREFIX_PATH=${CMAKE_PREFIX_PATH}:/home/daniel/projects/ros/install/my_py_pkg:/opt/ros/jazzy DEBUGINFOD_URLS=https://debuginfod.ubuntu.com /usr/bin/cmake --build /home/daniel/projects/ros/build/my_robot_interfaces -- -j8 -l8
[0.055s] -- Found ament_cmake: 2.5.4 (/opt/ros/jazzy/share/ament_cmake/cmake)
[0.101s] -- Found Python3: /usr/bin/python3 (found version "3.12.3") found components: Interpreter 
[0.216s] -- Found rosidl_default_generators: 1.6.0 (/opt/ros/jazzy/share/rosidl_default_generators/cmake)
[0.219s] -- Using all available rosidl_typesupport_c: rosidl_typesupport_fastrtps_c;rosidl_typesupport_introspection_c
[0.275s] -- Using all available rosidl_typesupport_cpp: rosidl_typesupport_fastrtps_cpp;rosidl_typesupport_introspection_cpp
[0.314s] -- Found rosidl_adapter: 4.6.6 (/opt/ros/jazzy/share/rosidl_adapter/cmake)
[0.671s] -- Found ament_cmake_ros: 0.12.0 (/opt/ros/jazzy/share/ament_cmake_ros/cmake)
[0.834s] -- Using all available rosidl_typesupport_c: rosidl_typesupport_fastrtps_c;rosidl_typesupport_introspection_c
[1.051s] -- Using all available rosidl_typesupport_cpp: rosidl_typesupport_fastrtps_cpp;rosidl_typesupport_introspection_cpp
[1.055s] -- Found python_cmake_module: 0.11.1 (/opt/ros/jazzy/share/python_cmake_module/cmake)
[1.479s] -- Found Python3: /usr/bin/python3 (found version "3.12.3") found components: Interpreter Development NumPy Development.Module Development.Embed 
[1.501s] -- Configuring done (1.5s)
[1.547s] -- Generating done (0.0s)
[1.562s] -- Build files have been written to: /home/daniel/projects/ros/build/my_robot_interfaces
[1.635s] [  2%] Built target my_robot_interfaces__rosidl_generator_type_description
[1.639s] [  2%] Built target ament_cmake_python_copy_my_robot_interfaces
[1.694s] [  5%] Built target my_robot_interfaces__cpp
[1.695s] [ 11%] [32mBuilding C object CMakeFiles/my_robot_interfaces__rosidl_generator_c.dir/rosidl_generator_c/my_robot_interfaces/msg/detail/hardware_status__functions.c.o[0m
[1.695s] [ 11%] [32mBuilding C object CMakeFiles/my_robot_interfaces__rosidl_generator_c.dir/rosidl_generator_c/my_robot_interfaces/msg/detail/hardware_status__description.c.o[0m
[1.695s] [ 14%] [32mBuilding C object CMakeFiles/my_robot_interfaces__rosidl_generator_c.dir/rosidl_generator_c/my_robot_interfaces/msg/detail/hardware_status__type_support.c.o[0m
[1.757s] [ 17%] [32m[1mLinking C shared library libmy_robot_interfaces__rosidl_generator_c.so[0m
[1.823s] [ 20%] Built target my_robot_interfaces__rosidl_generator_c
[1.862s] [ 23%] [32mBuilding C object CMakeFiles/my_robot_interfaces__rosidl_typesupport_introspection_c.dir/rosidl_typesupport_introspection_c/my_robot_interfaces/msg/detail/hardware_status__type_support.c.o[0m
[1.866s] [ 26%] [32mBuilding CXX object CMakeFiles/my_robot_interfaces__rosidl_typesupport_c.dir/rosidl_typesupport_c/my_robot_interfaces/msg/hardware_status__type_support.cpp.o[0m
[1.866s] [ 29%] [32mBuilding CXX object CMakeFiles/my_robot_interfaces__rosidl_typesupport_fastrtps_c.dir/rosidl_typesupport_fastrtps_c/my_robot_interfaces/msg/detail/hardware_status__type_support_c.cpp.o[0m
[1.869s] [ 35%] [32mBuilding CXX object CMakeFiles/my_robot_interfaces__rosidl_typesupport_cpp.dir/rosidl_typesupport_cpp/my_robot_interfaces/msg/hardware_status__type_support.cpp.o[0m
[1.869s] [ 35%] [32mBuilding CXX object CMakeFiles/my_robot_interfaces__rosidl_typesupport_introspection_cpp.dir/rosidl_typesupport_introspection_cpp/my_robot_interfaces/msg/detail/hardware_status__type_support.cpp.o[0m
[1.869s] [ 38%] [32mBuilding CXX object CMakeFiles/my_robot_interfaces__rosidl_typesupport_fastrtps_cpp.dir/rosidl_typesupport_fastrtps_cpp/my_robot_interfaces/msg/detail/dds_fastrtps/hardware_status__type_support.cpp.o[0m
[1.914s] [ 41%] [32m[1mLinking C shared library libmy_robot_interfaces__rosidl_typesupport_introspection_c.so[0m
[1.923s] [ 44%] [32m[1mLinking CXX shared library libmy_robot_interfaces__rosidl_typesupport_c.so[0m
[1.943s] [ 47%] Built target my_robot_interfaces__rosidl_typesupport_introspection_c
[1.945s] running egg_info
[1.958s] [ 50%] Built target my_robot_interfaces__rosidl_typesupport_c
[1.961s] writing my_robot_interfaces.egg-info/PKG-INFO
[1.961s] writing dependency_links to my_robot_interfaces.egg-info/dependency_links.txt
[1.961s] writing top-level names to my_robot_interfaces.egg-info/top_level.txt
[2.005s] reading manifest file 'my_robot_interfaces.egg-info/SOURCES.txt'
[2.006s] writing manifest file 'my_robot_interfaces.egg-info/SOURCES.txt'
[2.035s] [ 50%] Built target ament_cmake_python_build_my_robot_interfaces_egg
[2.144s] [ 52%] [32m[1mLinking CXX shared library libmy_robot_interfaces__rosidl_typesupport_introspection_cpp.so[0m
[2.169s] [ 55%] [32m[1mLinking CXX shared library libmy_robot_interfaces__rosidl_typesupport_cpp.so[0m
[2.233s] [ 58%] Built target my_robot_interfaces__rosidl_typesupport_cpp
[2.239s] [ 61%] Built target my_robot_interfaces__rosidl_typesupport_introspection_cpp
[2.296s] [ 64%] [32m[1mLinking CXX shared library libmy_robot_interfaces__rosidl_typesupport_fastrtps_c.so[0m
[2.301s] [ 67%] [32m[1mLinking CXX shared library libmy_robot_interfaces__rosidl_typesupport_fastrtps_cpp.so[0m
[2.369s] [ 70%] Built target my_robot_interfaces__rosidl_typesupport_fastrtps_c
[2.401s] [ 73%] Built target my_robot_interfaces__rosidl_typesupport_fastrtps_cpp
[2.435s] [ 73%] Built target my_robot_interfaces
[2.476s] [ 76%] Built target my_robot_interfaces__py
[2.523s] [ 79%] [32mBuilding C object CMakeFiles/my_robot_interfaces__rosidl_generator_py.dir/rosidl_generator_py/my_robot_interfaces/msg/_hardware_status_s.c.o[0m
[2.702s] [ 82%] [32m[1mLinking C shared library libmy_robot_interfaces__rosidl_generator_py.so[0m
[2.777s] [ 82%] Built target my_robot_interfaces__rosidl_generator_py
[2.818s] [ 85%] [32mBuilding C object CMakeFiles/my_robot_interfaces_s__rosidl_typesupport_fastrtps_c.dir/rosidl_generator_py/my_robot_interfaces/_my_robot_interfaces_s.ep.rosidl_typesupport_fastrtps_c.c.o[0m
[2.824s] [ 88%] [32mBuilding C object CMakeFiles/my_robot_interfaces_s__rosidl_typesupport_c.dir/rosidl_generator_py/my_robot_interfaces/_my_robot_interfaces_s.ep.rosidl_typesupport_c.c.o[0m
[2.824s] [ 91%] [32mBuilding C object CMakeFiles/my_robot_interfaces_s__rosidl_typesupport_introspection_c.dir/rosidl_generator_py/my_robot_interfaces/_my_robot_interfaces_s.ep.rosidl_typesupport_introspection_c.c.o[0m
[2.936s] [ 94%] [32m[1mLinking C shared module rosidl_generator_py/my_robot_interfaces/my_robot_interfaces_s__rosidl_typesupport_c.so[0m
[2.942s] [100%] [32m[1mLinking C shared module rosidl_generator_py/my_robot_interfaces/my_robot_interfaces_s__rosidl_typesupport_introspection_c.so[0m
[2.943s] [100%] [32m[1mLinking C shared module rosidl_generator_py/my_robot_interfaces/my_robot_interfaces_s__rosidl_typesupport_fastrtps_c.so[0m
[2.990s] [100%] Built target my_robot_interfaces_s__rosidl_typesupport_c
[2.999s] [100%] Built target my_robot_interfaces_s__rosidl_typesupport_introspection_c
[2.999s] [100%] Built target my_robot_interfaces_s__rosidl_typesupport_fastrtps_c
[3.022s] Invoked command in '/home/daniel/projects/ros/build/my_robot_interfaces' returned '0': CMAKE_PREFIX_PATH=${CMAKE_PREFIX_PATH}:/home/daniel/projects/ros/install/my_py_pkg:/opt/ros/jazzy DEBUGINFOD_URLS=https://debuginfod.ubuntu.com /usr/bin/cmake --build /home/daniel/projects/ros/build/my_robot_interfaces -- -j8 -l8
[3.044s] Invoking command in '/home/daniel/projects/ros/build/my_robot_interfaces': CMAKE_PREFIX_PATH=${CMAKE_PREFIX_PATH}:/home/daniel/projects/ros/install/my_py_pkg:/opt/ros/jazzy DEBUGINFOD_URLS=https://debuginfod.ubuntu.com /usr/bin/cmake --install /home/daniel/projects/ros/build/my_robot_interfaces
[3.061s] -- Install configuration: ""
[3.061s] -- Up-to-date: /home/daniel/projects/ros/install/my_robot_interfaces/share/ament_index/resource_index/rosidl_interfaces/my_robot_interfaces
[3.061s] -- Up-to-date: /home/daniel/projects/ros/install/my_robot_interfaces/share/my_robot_interfaces/msg/HardwareStatus.json
[3.061s] -- Up-to-date: /home/daniel/projects/ros/install/my_robot_interfaces/include/my_robot_interfaces/my_robot_interfaces
[3.061s] -- Up-to-date: /home/daniel/projects/ros/install/my_robot_interfaces/include/my_robot_interfaces/my_robot_interfaces/msg
[3.062s] -- Up-to-date: /home/daniel/projects/ros/install/my_robot_interfaces/include/my_robot_interfaces/my_robot_interfaces/msg/hardware_status.h
[3.062s] -- Up-to-date: /home/daniel/projects/ros/install/my_robot_interfaces/include/my_robot_interfaces/my_robot_interfaces/msg/rosidl_generator_c__visibility_control.h
[3.062s] -- Up-to-date: /home/daniel/projects/ros/install/my_robot_interfaces/include/my_robot_interfaces/my_robot_interfaces/msg/detail
[3.062s] -- Installing: /home/daniel/projects/ros/install/my_robot_interfaces/include/my_robot_interfaces/my_robot_interfaces/msg/detail/hardware_status__description.c
[3.062s] -- Up-to-date: /home/daniel/projects/ros/install/my_robot_interfaces/include/my_robot_interfaces/my_robot_interfaces/msg/detail/hardware_status__functions.c
[3.062s] -- Up-to-date: /home/daniel/projects/ros/install/my_robot_interfaces/include/my_robot_interfaces/my_robot_interfaces/msg/detail/hardware_status__type_support.h
[3.062s] -- Up-to-date: /home/daniel/projects/ros/install/my_robot_interfaces/include/my_robot_interfaces/my_robot_interfaces/msg/detail/hardware_status__functions.h
[3.062s] -- Up-to-date: /home/daniel/projects/ros/install/my_robot_interfaces/include/my_robot_interfaces/my_robot_interfaces/msg/detail/hardware_status__type_support.c
[3.062s] -- Up-to-date: /home/daniel/projects/ros/install/my_robot_interfaces/include/my_robot_interfaces/my_robot_interfaces/msg/detail/hardware_status__struct.h
[3.062s] -- Installing: /home/daniel/projects/ros/install/my_robot_interfaces/share/my_robot_interfaces/environment/library_path.sh
[3.063s] -- Up-to-date: /home/daniel/projects/ros/install/my_robot_interfaces/share/my_robot_interfaces/environment/library_path.dsv
[3.063s] -- Installing: /home/daniel/projects/ros/install/my_robot_interfaces/lib/libmy_robot_interfaces__rosidl_generator_c.so
[3.064s] -- Set non-toolchain portion of runtime path of "/home/daniel/projects/ros/install/my_robot_interfaces/lib/libmy_robot_interfaces__rosidl_generator_c.so" to ""
[3.064s] -- Up-to-date: /home/daniel/projects/ros/install/my_robot_interfaces/include/my_robot_interfaces/my_robot_interfaces
[3.064s] -- Up-to-date: /home/daniel/projects/ros/install/my_robot_interfaces/include/my_robot_interfaces/my_robot_interfaces/msg
[3.064s] -- Up-to-date: /home/daniel/projects/ros/install/my_robot_interfaces/include/my_robot_interfaces/my_robot_interfaces/msg/rosidl_typesupport_fastrtps_c__visibility_control.h
[3.064s] -- Up-to-date: /home/daniel/projects/ros/install/my_robot_interfaces/include/my_robot_interfaces/my_robot_interfaces/msg/detail
[3.064s] -- Up-to-date: /home/daniel/projects/ros/install/my_robot_interfaces/include/my_robot_interfaces/my_robot_interfaces/msg/detail/hardware_status__rosidl_typesupport_fastrtps_c.h
[3.064s] -- Installing: /home/daniel/projects/ros/install/my_robot_interfaces/lib/libmy_robot_interfaces__rosidl_typesupport_fastrtps_c.so
[3.065s] -- Set non-toolchain portion of runtime path of "/home/daniel/projects/ros/install/my_robot_interfaces/lib/libmy_robot_interfaces__rosidl_typesupport_fastrtps_c.so" to ""
[3.065s] -- Up-to-date: /home/daniel/projects/ros/install/my_robot_interfaces/include/my_robot_interfaces/my_robot_interfaces
[3.065s] -- Up-to-date: /home/daniel/projects/ros/install/my_robot_interfaces/include/my_robot_interfaces/my_robot_interfaces/msg
[3.065s] -- Up-to-date: /home/daniel/projects/ros/install/my_robot_interfaces/include/my_robot_interfaces/my_robot_interfaces/msg/rosidl_typesupport_introspection_c__visibility_control.h
[3.065s] -- Up-to-date: /home/daniel/projects/ros/install/my_robot_interfaces/include/my_robot_interfaces/my_robot_interfaces/msg/detail
[3.065s] -- Up-to-date: /home/daniel/projects/ros/install/my_robot_interfaces/include/my_robot_interfaces/my_robot_interfaces/msg/detail/hardware_status__type_support.c
[3.066s] -- Up-to-date: /home/daniel/projects/ros/install/my_robot_interfaces/include/my_robot_interfaces/my_robot_interfaces/msg/detail/hardware_status__rosidl_typesupport_introspection_c.h
[3.066s] -- Installing: /home/daniel/projects/ros/install/my_robot_interfaces/lib/libmy_robot_interfaces__rosidl_typesupport_introspection_c.so
[3.066s] -- Set non-toolchain portion of runtime path of "/home/daniel/projects/ros/install/my_robot_interfaces/lib/libmy_robot_interfaces__rosidl_typesupport_introspection_c.so" to ""
[3.067s] -- Installing: /home/daniel/projects/ros/install/my_robot_interfaces/lib/libmy_robot_interfaces__rosidl_typesupport_c.so
[3.067s] -- Set non-toolchain portion of runtime path of "/home/daniel/projects/ros/install/my_robot_interfaces/lib/libmy_robot_interfaces__rosidl_typesupport_c.so" to ""
[3.067s] -- Up-to-date: /home/daniel/projects/ros/install/my_robot_interfaces/include/my_robot_interfaces/my_robot_interfaces
[3.067s] -- Up-to-date: /home/daniel/projects/ros/install/my_robot_interfaces/include/my_robot_interfaces/my_robot_interfaces/msg
[3.067s] -- Up-to-date: /home/daniel/projects/ros/install/my_robot_interfaces/include/my_robot_interfaces/my_robot_interfaces/msg/rosidl_generator_cpp__visibility_control.hpp
[3.067s] -- Up-to-date: /home/daniel/projects/ros/install/my_robot_interfaces/include/my_robot_interfaces/my_robot_interfaces/msg/detail
[3.068s] -- Up-to-date: /home/daniel/projects/ros/install/my_robot_interfaces/include/my_robot_interfaces/my_robot_interfaces/msg/detail/hardware_status__struct.hpp
[3.068s] -- Up-to-date: /home/daniel/projects/ros/install/my_robot_interfaces/include/my_robot_interfaces/my_robot_interfaces/msg/detail/hardware_status__type_support.hpp
[3.068s] -- Up-to-date: /home/daniel/projects/ros/install/my_robot_interfaces/include/my_robot_interfaces/my_robot_interfaces/msg/detail/hardware_status__traits.hpp
[3.068s] -- Installing: /home/daniel/projects/ros/install/my_robot_interfaces/include/my_robot_interfaces/my_robot_interfaces/msg/detail/hardware_status__builder.hpp
[3.068s] -- Up-to-date: /home/daniel/projects/ros/install/my_robot_interfaces/include/my_robot_interfaces/my_robot_interfaces/msg/hardware_status.hpp
[3.068s] -- Up-to-date: /home/daniel/projects/ros/install/my_robot_interfaces/include/my_robot_interfaces/my_robot_interfaces
[3.068s] -- Up-to-date: /home/daniel/projects/ros/install/my_robot_interfaces/include/my_robot_interfaces/my_robot_interfaces/msg
[3.068s] -- Up-to-date: /home/daniel/projects/ros/install/my_robot_interfaces/include/my_robot_interfaces/my_robot_interfaces/msg/detail
[3.068s] -- Installing: /home/daniel/projects/ros/install/my_robot_interfaces/include/my_robot_interfaces/my_robot_interfaces/msg/detail/dds_fastrtps
[3.068s] -- Up-to-date: /home/daniel/projects/ros/install/my_robot_interfaces/include/my_robot_interfaces/my_robot_interfaces/msg/detail/hardware_status__rosidl_typesupport_fastrtps_cpp.hpp
[3.069s] -- Up-to-date: /home/daniel/projects/ros/install/my_robot_interfaces/include/my_robot_interfaces/my_robot_interfaces/msg/rosidl_typesupport_fastrtps_cpp__visibility_control.h
[3.069s] -- Installing: /home/daniel/projects/ros/install/my_robot_interfaces/lib/libmy_robot_interfaces__rosidl_typesupport_fastrtps_cpp.so
[3.069s] -- Set non-toolchain portion of runtime path of "/home/daniel/projects/ros/install/my_robot_interfaces/lib/libmy_robot_interfaces__rosidl_typesupport_fastrtps_cpp.so" to ""
[3.069s] -- Up-to-date: /home/daniel/projects/ros/install/my_robot_interfaces/include/my_robot_interfaces/my_robot_interfaces
[3.069s] -- Up-to-date: /home/daniel/projects/ros/install/my_robot_interfaces/include/my_robot_interfaces/my_robot_interfaces/msg
[3.069s] -- Up-to-date: /home/daniel/projects/ros/install/my_robot_interfaces/include/my_robot_interfaces/my_robot_interfaces/msg/detail
[3.070s] -- Up-to-date: /home/daniel/projects/ros/install/my_robot_interfaces/include/my_robot_interfaces/my_robot_interfaces/msg/detail/hardware_status__rosidl_typesupport_introspection_cpp.hpp
[3.070s] -- Up-to-date: /home/daniel/projects/ros/install/my_robot_interfaces/include/my_robot_interfaces/my_robot_interfaces/msg/detail/hardware_status__type_support.cpp
[3.070s] -- Installing: /home/daniel/projects/ros/install/my_robot_interfaces/lib/libmy_robot_interfaces__rosidl_typesupport_introspection_cpp.so
[3.070s] -- Set non-toolchain portion of runtime path of "/home/daniel/projects/ros/install/my_robot_interfaces/lib/libmy_robot_interfaces__rosidl_typesupport_introspection_cpp.so" to ""
[3.070s] -- Installing: /home/daniel/projects/ros/install/my_robot_interfaces/lib/libmy_robot_interfaces__rosidl_typesupport_cpp.so
[3.071s] -- Set non-toolchain portion of runtime path of "/home/daniel/projects/ros/install/my_robot_interfaces/lib/libmy_robot_interfaces__rosidl_typesupport_cpp.so" to ""
[3.071s] -- Up-to-date: /home/daniel/projects/ros/install/my_robot_interfaces/share/my_robot_interfaces/environment/pythonpath.sh
[3.071s] -- Up-to-date: /home/daniel/projects/ros/install/my_robot_interfaces/share/my_robot_interfaces/environment/pythonpath.dsv
[3.071s] -- Up-to-date: /home/daniel/projects/ros/install/my_robot_interfaces/lib/python3.12/site-packages/my_robot_interfaces-0.0.0-py3.12.egg-info
[3.072s] -- Installing: /home/daniel/projects/ros/install/my_robot_interfaces/lib/python3.12/site-packages/my_robot_interfaces-0.0.0-py3.12.egg-info/dependency_links.txt
[3.072s] -- Installing: /home/daniel/projects/ros/install/my_robot_interfaces/lib/python3.12/site-packages/my_robot_interfaces-0.0.0-py3.12.egg-info/top_level.txt
[3.072s] -- Installing: /home/daniel/projects/ros/install/my_robot_interfaces/lib/python3.12/site-packages/my_robot_interfaces-0.0.0-py3.12.egg-info/PKG-INFO
[3.072s] -- Installing: /home/daniel/projects/ros/install/my_robot_interfaces/lib/python3.12/site-packages/my_robot_interfaces-0.0.0-py3.12.egg-info/SOURCES.txt
[3.072s] -- Up-to-date: /home/daniel/projects/ros/install/my_robot_interfaces/lib/python3.12/site-packages/my_robot_interfaces
[3.072s] -- Up-to-date: /home/daniel/projects/ros/install/my_robot_interfaces/lib/python3.12/site-packages/my_robot_interfaces/_my_robot_interfaces_s.ep.rosidl_typesupport_fastrtps_c.c
[3.072s] -- Up-to-date: /home/daniel/projects/ros/install/my_robot_interfaces/lib/python3.12/site-packages/my_robot_interfaces/_my_robot_interfaces_s.ep.rosidl_typesupport_c.c
[3.072s] -- Installing: /home/daniel/projects/ros/install/my_robot_interfaces/lib/python3.12/site-packages/my_robot_interfaces/my_robot_interfaces_s__rosidl_typesupport_introspection_c.so
[3.072s] -- Installing: /home/daniel/projects/ros/install/my_robot_interfaces/lib/python3.12/site-packages/my_robot_interfaces/__init__.py
[3.073s] -- Installing: /home/daniel/projects/ros/install/my_robot_interfaces/lib/python3.12/site-packages/my_robot_interfaces/my_robot_interfaces_s__rosidl_typesupport_c.so
[3.073s] -- Up-to-date: /home/daniel/projects/ros/install/my_robot_interfaces/lib/python3.12/site-packages/my_robot_interfaces/msg
[3.073s] -- Up-to-date: /home/daniel/projects/ros/install/my_robot_interfaces/lib/python3.12/site-packages/my_robot_interfaces/msg/_hardware_status_s.c
[3.073s] -- Up-to-date: /home/daniel/projects/ros/install/my_robot_interfaces/lib/python3.12/site-packages/my_robot_interfaces/msg/__init__.py
[3.073s] -- Up-to-date: /home/daniel/projects/ros/install/my_robot_interfaces/lib/python3.12/site-packages/my_robot_interfaces/msg/_hardware_status.py
[3.073s] -- Installing: /home/daniel/projects/ros/install/my_robot_interfaces/lib/python3.12/site-packages/my_robot_interfaces/my_robot_interfaces_s__rosidl_typesupport_fastrtps_c.so
[3.073s] -- Up-to-date: /home/daniel/projects/ros/install/my_robot_interfaces/lib/python3.12/site-packages/my_robot_interfaces/_my_robot_interfaces_s.ep.rosidl_typesupport_introspection_c.c
[3.146s] Listing '/home/daniel/projects/ros/install/my_robot_interfaces/lib/python3.12/site-packages/my_robot_interfaces'...
[3.146s] Compiling '/home/daniel/projects/ros/install/my_robot_interfaces/lib/python3.12/site-packages/my_robot_interfaces/__init__.py'...
[3.146s] Listing '/home/daniel/projects/ros/install/my_robot_interfaces/lib/python3.12/site-packages/my_robot_interfaces/msg'...
[3.146s] Compiling '/home/daniel/projects/ros/install/my_robot_interfaces/lib/python3.12/site-packages/my_robot_interfaces/msg/__init__.py'...
[3.146s] Compiling '/home/daniel/projects/ros/install/my_robot_interfaces/lib/python3.12/site-packages/my_robot_interfaces/msg/_hardware_status.py'...
[3.158s] -- Installing: /home/daniel/projects/ros/install/my_robot_interfaces/lib/python3.12/site-packages/my_robot_interfaces/my_robot_interfaces_s__rosidl_typesupport_fastrtps_c.so
[3.159s] -- Set non-toolchain portion of runtime path of "/home/daniel/projects/ros/install/my_robot_interfaces/lib/python3.12/site-packages/my_robot_interfaces/my_robot_interfaces_s__rosidl_typesupport_fastrtps_c.so" to ""
[3.159s] -- Installing: /home/daniel/projects/ros/install/my_robot_interfaces/lib/python3.12/site-packages/my_robot_interfaces/my_robot_interfaces_s__rosidl_typesupport_introspection_c.so
[3.159s] -- Set non-toolchain portion of runtime path of "/home/daniel/projects/ros/install/my_robot_interfaces/lib/python3.12/site-packages/my_robot_interfaces/my_robot_interfaces_s__rosidl_typesupport_introspection_c.so" to ""
[3.160s] -- Installing: /home/daniel/projects/ros/install/my_robot_interfaces/lib/python3.12/site-packages/my_robot_interfaces/my_robot_interfaces_s__rosidl_typesupport_c.so
[3.160s] -- Set non-toolchain portion of runtime path of "/home/daniel/projects/ros/install/my_robot_interfaces/lib/python3.12/site-packages/my_robot_interfaces/my_robot_interfaces_s__rosidl_typesupport_c.so" to ""
[3.161s] -- Installing: /home/daniel/projects/ros/install/my_robot_interfaces/lib/libmy_robot_interfaces__rosidl_generator_py.so
[3.162s] -- Set non-toolchain portion of runtime path of "/home/daniel/projects/ros/install/my_robot_interfaces/lib/libmy_robot_interfaces__rosidl_generator_py.so" to ""
[3.162s] -- Up-to-date: /home/daniel/projects/ros/install/my_robot_interfaces/share/my_robot_interfaces/msg/HardwareStatus.idl
[3.162s] -- Up-to-date: /home/daniel/projects/ros/install/my_robot_interfaces/share/my_robot_interfaces/msg/HardwareStatus.msg
[3.162s] -- Up-to-date: /home/daniel/projects/ros/install/my_robot_interfaces/share/ament_index/resource_index/package_run_dependencies/my_robot_interfaces
[3.163s] -- Installing: /home/daniel/projects/ros/install/my_robot_interfaces/share/ament_index/resource_index/parent_prefix_path/my_robot_interfaces
[3.163s] -- Installing: /home/daniel/projects/ros/install/my_robot_interfaces/share/my_robot_interfaces/environment/ament_prefix_path.sh
[3.163s] -- Up-to-date: /home/daniel/projects/ros/install/my_robot_interfaces/share/my_robot_interfaces/environment/ament_prefix_path.dsv
[3.163s] -- Installing: /home/daniel/projects/ros/install/my_robot_interfaces/share/my_robot_interfaces/environment/path.sh
[3.163s] -- Up-to-date: /home/daniel/projects/ros/install/my_robot_interfaces/share/my_robot_interfaces/environment/path.dsv
[3.163s] -- Up-to-date: /home/daniel/projects/ros/install/my_robot_interfaces/share/my_robot_interfaces/local_setup.bash
[3.163s] -- Up-to-date: /home/daniel/projects/ros/install/my_robot_interfaces/share/my_robot_interfaces/local_setup.sh
[3.163s] -- Up-to-date: /home/daniel/projects/ros/install/my_robot_interfaces/share/my_robot_interfaces/local_setup.zsh
[3.163s] -- Up-to-date: /home/daniel/projects/ros/install/my_robot_interfaces/share/my_robot_interfaces/local_setup.dsv
[3.164s] -- Up-to-date: /home/daniel/projects/ros/install/my_robot_interfaces/share/my_robot_interfaces/package.dsv
[3.164s] -- Up-to-date: /home/daniel/projects/ros/install/my_robot_interfaces/share/ament_index/resource_index/packages/my_robot_interfaces
[3.164s] -- Up-to-date: /home/daniel/projects/ros/install/my_robot_interfaces/share/my_robot_interfaces/cmake/export_my_robot_interfaces__rosidl_generator_cExport.cmake
[3.164s] -- Up-to-date: /home/daniel/projects/ros/install/my_robot_interfaces/share/my_robot_interfaces/cmake/export_my_robot_interfaces__rosidl_generator_cExport-noconfig.cmake
[3.164s] -- Up-to-date: /home/daniel/projects/ros/install/my_robot_interfaces/share/my_robot_interfaces/cmake/export_my_robot_interfaces__rosidl_typesupport_fastrtps_cExport.cmake
[3.164s] -- Up-to-date: /home/daniel/projects/ros/install/my_robot_interfaces/share/my_robot_interfaces/cmake/export_my_robot_interfaces__rosidl_typesupport_fastrtps_cExport-noconfig.cmake
[3.164s] -- Up-to-date: /home/daniel/projects/ros/install/my_robot_interfaces/share/my_robot_interfaces/cmake/my_robot_interfaces__rosidl_typesupport_introspection_cExport.cmake
[3.164s] -- Up-to-date: /home/daniel/projects/ros/install/my_robot_interfaces/share/my_robot_interfaces/cmake/my_robot_interfaces__rosidl_typesupport_introspection_cExport-noconfig.cmake
[3.164s] -- Up-to-date: /home/daniel/projects/ros/install/my_robot_interfaces/share/my_robot_interfaces/cmake/my_robot_interfaces__rosidl_typesupport_cExport.cmake
[3.164s] -- Up-to-date: /home/daniel/projects/ros/install/my_robot_interfaces/share/my_robot_interfaces/cmake/my_robot_interfaces__rosidl_typesupport_cExport-noconfig.cmake
[3.165s] -- Up-to-date: /home/daniel/projects/ros/install/my_robot_interfaces/share/my_robot_interfaces/cmake/export_my_robot_interfaces__rosidl_generator_cppExport.cmake
[3.165s] -- Up-to-date: /home/daniel/projects/ros/install/my_robot_interfaces/share/my_robot_interfaces/cmake/export_my_robot_interfaces__rosidl_typesupport_fastrtps_cppExport.cmake
[3.165s] -- Up-to-date: /home/daniel/projects/ros/install/my_robot_interfaces/share/my_robot_interfaces/cmake/export_my_robot_interfaces__rosidl_typesupport_fastrtps_cppExport-noconfig.cmake
[3.165s] -- Up-to-date: /home/daniel/projects/ros/install/my_robot_interfaces/share/my_robot_interfaces/cmake/my_robot_interfaces__rosidl_typesupport_introspection_cppExport.cmake
[3.165s] -- Up-to-date: /home/daniel/projects/ros/install/my_robot_interfaces/share/my_robot_interfaces/cmake/my_robot_interfaces__rosidl_typesupport_introspection_cppExport-noconfig.cmake
[3.165s] -- Up-to-date: /home/daniel/projects/ros/install/my_robot_interfaces/share/my_robot_interfaces/cmake/my_robot_interfaces__rosidl_typesupport_cppExport.cmake
[3.165s] -- Up-to-date: /home/daniel/projects/ros/install/my_robot_interfaces/share/my_robot_interfaces/cmake/my_robot_interfaces__rosidl_typesupport_cppExport-noconfig.cmake
[3.165s] -- Up-to-date: /home/daniel/projects/ros/install/my_robot_interfaces/share/my_robot_interfaces/cmake/export_my_robot_interfaces__rosidl_generator_pyExport.cmake
[3.166s] -- Up-to-date: /home/daniel/projects/ros/install/my_robot_interfaces/share/my_robot_interfaces/cmake/export_my_robot_interfaces__rosidl_generator_pyExport-noconfig.cmake
[3.166s] -- Up-to-date: /home/daniel/projects/ros/install/my_robot_interfaces/share/my_robot_interfaces/cmake/rosidl_cmake-extras.cmake
[3.166s] -- Up-to-date: /home/daniel/projects/ros/install/my_robot_interfaces/share/my_robot_interfaces/cmake/ament_cmake_export_include_directories-extras.cmake
[3.166s] -- Up-to-date: /home/daniel/projects/ros/install/my_robot_interfaces/share/my_robot_interfaces/cmake/ament_cmake_export_libraries-extras.cmake
[3.166s] -- Up-to-date: /home/daniel/projects/ros/install/my_robot_interfaces/share/my_robot_interfaces/cmake/ament_cmake_export_targets-extras.cmake
[3.166s] -- Up-to-date: /home/daniel/projects/ros/install/my_robot_interfaces/share/my_robot_interfaces/cmake/rosidl_cmake_export_typesupport_targets-extras.cmake
[3.166s] -- Installing: /home/daniel/projects/ros/install/my_robot_interfaces/share/my_robot_interfaces/cmake/ament_cmake_export_dependencies-extras.cmake
[3.166s] -- Up-to-date: /home/daniel/projects/ros/install/my_robot_interfaces/share/my_robot_interfaces/cmake/rosidl_cmake_export_typesupport_libraries-extras.cmake
[3.166s] -- Up-to-date: /home/daniel/projects/ros/install/my_robot_interfaces/share/my_robot_interfaces/cmake/my_robot_interfacesConfig.cmake
[3.166s] -- Up-to-date: /home/daniel/projects/ros/install/my_robot_interfaces/share/my_robot_interfaces/cmake/my_robot_interfacesConfig-version.cmake
[3.167s] -- Installing: /home/daniel/projects/ros/install/my_robot_interfaces/share/my_robot_interfaces/package.xml
[3.172s] Invoked command in '/home/daniel/projects/ros/build/my_robot_interfaces' returned '0': CMAKE_PREFIX_PATH=${CMAKE_PREFIX_PATH}:/home/daniel/projects/ros/install/my_py_pkg:/opt/ros/jazzy DEBUGINFOD_URLS=https://debuginfod.ubuntu.com /usr/bin/cmake --install /home/daniel/projects/ros/build/my_robot_interfaces
