[0.703s] Invoking command in '/home/daniel/projects/ros/src/my_py_pkg': DEBUGINFOD_URLS=https://debuginfod.ubuntu.com PYTHONPATH=/home/daniel/projects/ros/build/my_py_pkg/prefix_override:/usr/lib/python3/dist-packages/colcon_core/task/python/colcon_distutils_commands:/home/daniel/projects/ros/install/my_py_pkg/lib/python3.12/site-packages:${PYTHONPATH} /usr/bin/python3 -W ignore:setup.py install is deprecated -W ignore:easy_install command is deprecated setup.py egg_info --egg-base ../../build/my_py_pkg build --build-base /home/daniel/projects/ros/build/my_py_pkg/build install --record /home/daniel/projects/ros/build/my_py_pkg/install.log --single-version-externally-managed install_data
[0.911s] running egg_info
[0.925s] writing ../../build/my_py_pkg/my_py_pkg.egg-info/PKG-INFO
[0.925s] writing dependency_links to ../../build/my_py_pkg/my_py_pkg.egg-info/dependency_links.txt
[0.925s] writing entry points to ../../build/my_py_pkg/my_py_pkg.egg-info/entry_points.txt
[0.925s] writing requirements to ../../build/my_py_pkg/my_py_pkg.egg-info/requires.txt
[0.926s] writing top-level names to ../../build/my_py_pkg/my_py_pkg.egg-info/top_level.txt
[0.954s] reading manifest file '../../build/my_py_pkg/my_py_pkg.egg-info/SOURCES.txt'
[0.955s] writing manifest file '../../build/my_py_pkg/my_py_pkg.egg-info/SOURCES.txt'
[0.955s] running build
[0.955s] running build_py
[0.955s] copying my_py_pkg/robot_news_station.py -> /home/daniel/projects/ros/build/my_py_pkg/build/lib/my_py_pkg
[0.956s] running install
[0.961s] running install_lib
[0.975s] copying /home/daniel/projects/ros/build/my_py_pkg/build/lib/my_py_pkg/robot_news_station.py -> /home/daniel/projects/ros/install/my_py_pkg/lib/python3.12/site-packages/my_py_pkg
[0.976s] byte-compiling /home/daniel/projects/ros/install/my_py_pkg/lib/python3.12/site-packages/my_py_pkg/robot_news_station.py to robot_news_station.cpython-312.pyc
[0.976s] running install_data
[0.977s] running install_egg_info
[0.992s] removing '/home/daniel/projects/ros/install/my_py_pkg/lib/python3.12/site-packages/my_py_pkg-0.0.0-py3.12.egg-info' (and everything under it)
[0.992s] Copying ../../build/my_py_pkg/my_py_pkg.egg-info to /home/daniel/projects/ros/install/my_py_pkg/lib/python3.12/site-packages/my_py_pkg-0.0.0-py3.12.egg-info
[0.993s] running install_scripts
[1.094s] Installing py_node script to /home/daniel/projects/ros/install/my_py_pkg/lib/my_py_pkg
[1.094s] Installing robot_news_station script to /home/daniel/projects/ros/install/my_py_pkg/lib/my_py_pkg
[1.094s] Installing smartphone script to /home/daniel/projects/ros/install/my_py_pkg/lib/my_py_pkg
[1.095s] writing list of installed files to '/home/daniel/projects/ros/build/my_py_pkg/install.log'
[1.117s] Invoked command in '/home/daniel/projects/ros/src/my_py_pkg' returned '0': DEBUGINFOD_URLS=https://debuginfod.ubuntu.com PYTHONPATH=/home/daniel/projects/ros/build/my_py_pkg/prefix_override:/usr/lib/python3/dist-packages/colcon_core/task/python/colcon_distutils_commands:/home/daniel/projects/ros/install/my_py_pkg/lib/python3.12/site-packages:${PYTHONPATH} /usr/bin/python3 -W ignore:setup.py install is deprecated -W ignore:easy_install command is deprecated setup.py egg_info --egg-base ../../build/my_py_pkg build --build-base /home/daniel/projects/ros/build/my_py_pkg/build install --record /home/daniel/projects/ros/build/my_py_pkg/install.log --single-version-externally-managed install_data
