[0.709s] Invoking command in '/home/daniel/projects/ros/src/my_py_pkg': DEBUGINFOD_URLS=https://debuginfod.ubuntu.com PYTHONPATH=/home/daniel/projects/ros/build/my_py_pkg/prefix_override:/usr/lib/python3/dist-packages/colcon_core/task/python/colcon_distutils_commands:/home/daniel/projects/ros/install/my_py_pkg/lib/python3.12/site-packages:${PYTHONPATH} /usr/bin/python3 -W ignore:setup.py install is deprecated -W ignore:easy_install command is deprecated setup.py egg_info --egg-base ../../build/my_py_pkg build --build-base /home/daniel/projects/ros/build/my_py_pkg/build install --record /home/daniel/projects/ros/build/my_py_pkg/install.log --single-version-externally-managed install_data
[0.942s] running egg_info
[0.956s] writing ../../build/my_py_pkg/my_py_pkg.egg-info/PKG-INFO
[0.956s] writing dependency_links to ../../build/my_py_pkg/my_py_pkg.egg-info/dependency_links.txt
[0.956s] writing entry points to ../../build/my_py_pkg/my_py_pkg.egg-info/entry_points.txt
[0.957s] writing requirements to ../../build/my_py_pkg/my_py_pkg.egg-info/requires.txt
[0.957s] writing top-level names to ../../build/my_py_pkg/my_py_pkg.egg-info/top_level.txt
[0.986s] reading manifest file '../../build/my_py_pkg/my_py_pkg.egg-info/SOURCES.txt'
[0.986s] writing manifest file '../../build/my_py_pkg/my_py_pkg.egg-info/SOURCES.txt'
[0.986s] running build
[0.986s] running build_py
[0.986s] copying my_py_pkg/smartphone.py -> /home/daniel/projects/ros/build/my_py_pkg/build/lib/my_py_pkg
[0.987s] running install
[0.992s] running install_lib
[1.006s] copying /home/daniel/projects/ros/build/my_py_pkg/build/lib/my_py_pkg/smartphone.py -> /home/daniel/projects/ros/install/my_py_pkg/lib/python3.12/site-packages/my_py_pkg
[1.007s] byte-compiling /home/daniel/projects/ros/install/my_py_pkg/lib/python3.12/site-packages/my_py_pkg/smartphone.py to smartphone.cpython-312.pyc
[1.007s] running install_data
[1.007s] running install_egg_info
[1.024s] removing '/home/daniel/projects/ros/install/my_py_pkg/lib/python3.12/site-packages/my_py_pkg-0.0.0-py3.12.egg-info' (and everything under it)
[1.024s] Copying ../../build/my_py_pkg/my_py_pkg.egg-info to /home/daniel/projects/ros/install/my_py_pkg/lib/python3.12/site-packages/my_py_pkg-0.0.0-py3.12.egg-info
[1.024s] running install_scripts
[1.128s] Installing py_node script to /home/daniel/projects/ros/install/my_py_pkg/lib/my_py_pkg
[1.128s] Installing robot_news_station script to /home/daniel/projects/ros/install/my_py_pkg/lib/my_py_pkg
[1.128s] Installing smartphone script to /home/daniel/projects/ros/install/my_py_pkg/lib/my_py_pkg
[1.128s] writing list of installed files to '/home/daniel/projects/ros/build/my_py_pkg/install.log'
[1.151s] Invoked command in '/home/daniel/projects/ros/src/my_py_pkg' returned '0': DEBUGINFOD_URLS=https://debuginfod.ubuntu.com PYTHONPATH=/home/daniel/projects/ros/build/my_py_pkg/prefix_override:/usr/lib/python3/dist-packages/colcon_core/task/python/colcon_distutils_commands:/home/daniel/projects/ros/install/my_py_pkg/lib/python3.12/site-packages:${PYTHONPATH} /usr/bin/python3 -W ignore:setup.py install is deprecated -W ignore:easy_install command is deprecated setup.py egg_info --egg-base ../../build/my_py_pkg build --build-base /home/daniel/projects/ros/build/my_py_pkg/build install --record /home/daniel/projects/ros/build/my_py_pkg/install.log --single-version-externally-managed install_data
