[0.009s] Invoking command in '/home/daniel/projects/ros/src/build/my_robot_interfaces': CMAKE_PREFIX_PATH=${CMAKE_PREFIX_PATH}:/home/daniel/projects/ros/install/my_py_pkg:/opt/ros/jazzy DEBUGINFOD_URLS=https://debuginfod.ubuntu.com /usr/bin/cmake /home/daniel/projects/ros/src/my_robot_interfaces -DCMAKE_INSTALL_PREFIX=/home/daniel/projects/ros/src/install/my_robot_interfaces
[0.145s] -- The C compiler identification is GNU 13.3.0
[0.264s] -- The CXX compiler identification is GNU 13.3.0
[0.310s] -- Detecting C compiler ABI info
[0.483s] -- Detecting C compiler ABI info - done
[0.497s] -- Check for working C compiler: /usr/bin/cc - skipped
[0.499s] -- Detecting C compile features
[0.500s] -- Detecting C compile features - done
[0.516s] -- Detecting CXX compiler ABI info
[0.700s] -- Detecting CXX compiler ABI info - done
[0.715s] -- Check for working CXX compiler: /usr/bin/c++ - skipped
[0.715s] -- Detecting CXX compile features
[0.715s] -- Detecting CXX compile features - done
[0.724s] -- Found ament_cmake: 2.5.4 (/opt/ros/jazzy/share/ament_cmake/cmake)
[2.916s] -- Found Python3: /home/daniel/.pyenv/shims/python3 (found version "3.11.13") found components: Interpreter 
[3.378s] -- Found rosidl_default_generators: 1.6.0 (/opt/ros/jazzy/share/rosidl_default_generators/cmake)
[3.387s] -- Using all available rosidl_typesupport_c: rosidl_typesupport_fastrtps_c;rosidl_typesupport_introspection_c
[3.467s] -- Using all available rosidl_typesupport_cpp: rosidl_typesupport_fastrtps_cpp;rosidl_typesupport_introspection_cpp
[3.526s] -- Found rosidl_adapter: 4.6.6 (/opt/ros/jazzy/share/rosidl_adapter/cmake)
[6.065s] [31mCMake Error at /opt/ros/jazzy/share/rosidl_adapter/cmake/rosidl_adapt_interfaces.cmake:57 (message):
[6.066s]   execute_process(/home/daniel/.pyenv/shims/python3 -m rosidl_adapter
[6.066s]   --package-name my_robot_interfaces --arguments-file
[6.066s]   /home/daniel/projects/ros/src/build/my_robot_interfaces/rosidl_adapter__arguments__my_robot_interfaces.json
[6.066s]   --output-dir
[6.066s]   /home/daniel/projects/ros/src/build/my_robot_interfaces/rosidl_adapter/my_robot_interfaces
[6.066s]   --output-file
[6.066s]   /home/daniel/projects/ros/src/build/my_robot_interfaces/rosidl_adapter/my_robot_interfaces.idls)
[6.066s]   returned error code 1:
[6.066s] 
[6.066s]   Traceback (most recent call last):
[6.067s] 
[6.067s]     File "<frozen runpy>", line 198, in _run_module_as_main
[6.067s]     File "<frozen runpy>", line 88, in _run_code
[6.067s]     File "/opt/ros/jazzy/lib/python3.12/site-packages/rosidl_adapter/__main__.py", line 19, in <module>
[6.067s]       sys.exit(main())
[6.067s]                ^^^^^^
[6.067s]     File "/opt/ros/jazzy/lib/python3.12/site-packages/rosidl_adapter/main.py", line 53, in main
[6.067s]       abs_idl_file = convert_to_idl(
[6.067s]                      ^^^^^^^^^^^^^^^
[6.067s]     File "/opt/ros/jazzy/lib/python3.12/site-packages/rosidl_adapter/__init__.py", line 18, in convert_to_idl
[6.068s]       from rosidl_adapter.msg import convert_msg_to_idl
[6.068s]     File "/opt/ros/jazzy/lib/python3.12/site-packages/rosidl_adapter/msg/__init__.py", line 16, in <module>
[6.068s]       from rosidl_adapter.resource import expand_template
[6.068s]     File "/opt/ros/jazzy/lib/python3.12/site-packages/rosidl_adapter/resource/__init__.py", line 19, in <module>
[6.068s]       import em
[6.068s] 
[6.068s]   ModuleNotFoundError: No module named 'em'
[6.068s] 
[6.068s] Call Stack (most recent call first):
[6.068s]   /opt/ros/jazzy/share/rosidl_cmake/cmake/rosidl_generate_interfaces.cmake:132 (rosidl_adapt_interfaces)
[6.068s]   CMakeLists.txt:12 (rosidl_generate_interfaces)
[6.069s] 
[6.069s] [0m
[6.069s] -- Configuring incomplete, errors occurred!
[6.081s] Invoked command in '/home/daniel/projects/ros/src/build/my_robot_interfaces' returned '1': CMAKE_PREFIX_PATH=${CMAKE_PREFIX_PATH}:/home/daniel/projects/ros/install/my_py_pkg:/opt/ros/jazzy DEBUGINFOD_URLS=https://debuginfod.ubuntu.com /usr/bin/cmake /home/daniel/projects/ros/src/my_robot_interfaces -DCMAKE_INSTALL_PREFIX=/home/daniel/projects/ros/src/install/my_robot_interfaces
