[0.256s] Invoking command in '/home/daniel/projects/ros/src/my_py_pkg': DEBUGINFOD_URLS=https://debuginfod.ubuntu.com PYTHONPATH=/home/daniel/projects/ros/build/my_py_pkg/prefix_override:/usr/lib/python3/dist-packages/colcon_core/task/python/colcon_distutils_commands:/home/daniel/projects/ros/install/my_py_pkg/lib/python3.12/site-packages: /usr/bin/python3 -W ignore:setup.py install is deprecated -W ignore:easy_install command is deprecated setup.py egg_info --egg-base ../../build/my_py_pkg build --build-base /home/daniel/projects/ros/build/my_py_pkg/build install --record /home/daniel/projects/ros/build/my_py_pkg/install.log --single-version-externally-managed install_data
[0.339s] running egg_info
[0.343s] writing ../../build/my_py_pkg/my_py_pkg.egg-info/PKG-INFO
[0.343s] writing dependency_links to ../../build/my_py_pkg/my_py_pkg.egg-info/dependency_links.txt
[0.343s] writing entry points to ../../build/my_py_pkg/my_py_pkg.egg-info/entry_points.txt
[0.343s] writing requirements to ../../build/my_py_pkg/my_py_pkg.egg-info/requires.txt
[0.343s] writing top-level names to ../../build/my_py_pkg/my_py_pkg.egg-info/top_level.txt
[0.350s] reading manifest file '../../build/my_py_pkg/my_py_pkg.egg-info/SOURCES.txt'
[0.351s] writing manifest file '../../build/my_py_pkg/my_py_pkg.egg-info/SOURCES.txt'
[0.351s] running build
[0.351s] running build_py
[0.351s] running install
[0.353s] running install_lib
[0.357s] running install_data
[0.357s] running install_egg_info
[0.361s] removing '/home/daniel/projects/ros/install/my_py_pkg/lib/python3.12/site-packages/my_py_pkg-0.0.0-py3.12.egg-info' (and everything under it)
[0.362s] Copying ../../build/my_py_pkg/my_py_pkg.egg-info to /home/daniel/projects/ros/install/my_py_pkg/lib/python3.12/site-packages/my_py_pkg-0.0.0-py3.12.egg-info
[0.362s] running install_scripts
[0.396s] Installing py_node script to /home/daniel/projects/ros/install/my_py_pkg/lib/my_py_pkg
[0.396s] writing list of installed files to '/home/daniel/projects/ros/build/my_py_pkg/install.log'
[0.407s] Invoked command in '/home/daniel/projects/ros/src/my_py_pkg' returned '0': DEBUGINFOD_URLS=https://debuginfod.ubuntu.com PYTHONPATH=/home/daniel/projects/ros/build/my_py_pkg/prefix_override:/usr/lib/python3/dist-packages/colcon_core/task/python/colcon_distutils_commands:/home/daniel/projects/ros/install/my_py_pkg/lib/python3.12/site-packages: /usr/bin/python3 -W ignore:setup.py install is deprecated -W ignore:easy_install command is deprecated setup.py egg_info --egg-base ../../build/my_py_pkg build --build-base /home/daniel/projects/ros/build/my_py_pkg/build install --record /home/daniel/projects/ros/build/my_py_pkg/install.log --single-version-externally-managed install_data
