[0.010s] Invoking command in '/home/daniel/projects/ros/build/my_robot_interfaces': CMAKE_PREFIX_PATH=${CMAKE_PREFIX_PATH}:/home/daniel/projects/ros/install/my_py_pkg:/opt/ros/jazzy DEBUGINFOD_URLS=https://debuginfod.ubuntu.com /usr/bin/cmake --build /home/daniel/projects/ros/build/my_robot_interfaces -- -j8 -l8
[0.081s] [  2%] Built target my_robot_interfaces__rosidl_generator_type_description
[0.117s] [  5%] Built target my_robot_interfaces__cpp
[0.120s] [  5%] Built target ament_cmake_python_copy_my_robot_interfaces
[0.131s] [ 20%] Built target my_robot_interfaces__rosidl_generator_c
[0.169s] [ 29%] Built target my_robot_interfaces__rosidl_typesupport_introspection_c
[0.170s] [ 38%] Built target my_robot_interfaces__rosidl_typesupport_fastrtps_c
[0.170s] [ 47%] Built target my_robot_interfaces__rosidl_typesupport_c
[0.182s] [ 64%] Built target my_robot_interfaces__rosidl_typesupport_cpp
[0.182s] [ 64%] Built target my_robot_interfaces__rosidl_typesupport_introspection_cpp
[0.188s] [ 73%] Built target my_robot_interfaces__rosidl_typesupport_fastrtps_cpp
[0.223s] [ 73%] Built target my_robot_interfaces
[0.255s] [ 76%] Built target my_robot_interfaces__py
[0.297s] [ 82%] Built target my_robot_interfaces__rosidl_generator_py
[0.328s] [ 88%] Built target my_robot_interfaces_s__rosidl_typesupport_introspection_c
[0.329s] [ 94%] Built target my_robot_interfaces_s__rosidl_typesupport_fastrtps_c
[0.333s] [100%] Built target my_robot_interfaces_s__rosidl_typesupport_c
[0.388s] running egg_info
[0.403s] writing my_robot_interfaces.egg-info/PKG-INFO
[0.403s] writing dependency_links to my_robot_interfaces.egg-info/dependency_links.txt
[0.403s] writing top-level names to my_robot_interfaces.egg-info/top_level.txt
[0.446s] reading manifest file 'my_robot_interfaces.egg-info/SOURCES.txt'
[0.446s] writing manifest file 'my_robot_interfaces.egg-info/SOURCES.txt'
[0.471s] [100%] Built target ament_cmake_python_build_my_robot_interfaces_egg
[0.482s] Invoked command in '/home/daniel/projects/ros/build/my_robot_interfaces' returned '0': CMAKE_PREFIX_PATH=${CMAKE_PREFIX_PATH}:/home/daniel/projects/ros/install/my_py_pkg:/opt/ros/jazzy DEBUGINFOD_URLS=https://debuginfod.ubuntu.com /usr/bin/cmake --build /home/daniel/projects/ros/build/my_robot_interfaces -- -j8 -l8
[0.491s] Invoking command in '/home/daniel/projects/ros/build/my_robot_interfaces': CMAKE_PREFIX_PATH=${CMAKE_PREFIX_PATH}:/home/daniel/projects/ros/install/my_py_pkg:/opt/ros/jazzy DEBUGINFOD_URLS=https://debuginfod.ubuntu.com /usr/bin/cmake --install /home/daniel/projects/ros/build/my_robot_interfaces
[0.498s] -- Install configuration: ""
[0.498s] -- Up-to-date: /home/daniel/projects/ros/install/my_robot_interfaces/share/ament_index/resource_index/rosidl_interfaces/my_robot_interfaces
[0.498s] -- Up-to-date: /home/daniel/projects/ros/install/my_robot_interfaces/share/my_robot_interfaces/msg/HardwareStatus.json
[0.498s] -- Up-to-date: /home/daniel/projects/ros/install/my_robot_interfaces/include/my_robot_interfaces/my_robot_interfaces
[0.499s] -- Up-to-date: /home/daniel/projects/ros/install/my_robot_interfaces/include/my_robot_interfaces/my_robot_interfaces/msg
[0.499s] -- Up-to-date: /home/daniel/projects/ros/install/my_robot_interfaces/include/my_robot_interfaces/my_robot_interfaces/msg/hardware_status.h
[0.499s] -- Up-to-date: /home/daniel/projects/ros/install/my_robot_interfaces/include/my_robot_interfaces/my_robot_interfaces/msg/rosidl_generator_c__visibility_control.h
[0.499s] -- Up-to-date: /home/daniel/projects/ros/install/my_robot_interfaces/include/my_robot_interfaces/my_robot_interfaces/msg/detail
[0.499s] -- Up-to-date: /home/daniel/projects/ros/install/my_robot_interfaces/include/my_robot_interfaces/my_robot_interfaces/msg/detail/hardware_status__description.c
[0.499s] -- Up-to-date: /home/daniel/projects/ros/install/my_robot_interfaces/include/my_robot_interfaces/my_robot_interfaces/msg/detail/hardware_status__functions.c
[0.499s] -- Up-to-date: /home/daniel/projects/ros/install/my_robot_interfaces/include/my_robot_interfaces/my_robot_interfaces/msg/detail/hardware_status__type_support.h
[0.500s] -- Up-to-date: /home/daniel/projects/ros/install/my_robot_interfaces/include/my_robot_interfaces/my_robot_interfaces/msg/detail/hardware_status__functions.h
[0.500s] -- Up-to-date: /home/daniel/projects/ros/install/my_robot_interfaces/include/my_robot_interfaces/my_robot_interfaces/msg/detail/hardware_status__type_support.c
[0.500s] -- Up-to-date: /home/daniel/projects/ros/install/my_robot_interfaces/include/my_robot_interfaces/my_robot_interfaces/msg/detail/hardware_status__struct.h
[0.500s] -- Up-to-date: /home/daniel/projects/ros/install/my_robot_interfaces/share/my_robot_interfaces/environment/library_path.sh
[0.500s] -- Up-to-date: /home/daniel/projects/ros/install/my_robot_interfaces/share/my_robot_interfaces/environment/library_path.dsv
[0.500s] -- Up-to-date: /home/daniel/projects/ros/install/my_robot_interfaces/lib/libmy_robot_interfaces__rosidl_generator_c.so
[0.500s] -- Up-to-date: /home/daniel/projects/ros/install/my_robot_interfaces/include/my_robot_interfaces/my_robot_interfaces
[0.500s] -- Up-to-date: /home/daniel/projects/ros/install/my_robot_interfaces/include/my_robot_interfaces/my_robot_interfaces/msg
[0.501s] -- Up-to-date: /home/daniel/projects/ros/install/my_robot_interfaces/include/my_robot_interfaces/my_robot_interfaces/msg/rosidl_typesupport_fastrtps_c__visibility_control.h
[0.501s] -- Up-to-date: /home/daniel/projects/ros/install/my_robot_interfaces/include/my_robot_interfaces/my_robot_interfaces/msg/detail
[0.501s] -- Up-to-date: /home/daniel/projects/ros/install/my_robot_interfaces/include/my_robot_interfaces/my_robot_interfaces/msg/detail/hardware_status__rosidl_typesupport_fastrtps_c.h
[0.501s] -- Up-to-date: /home/daniel/projects/ros/install/my_robot_interfaces/lib/libmy_robot_interfaces__rosidl_typesupport_fastrtps_c.so
[0.501s] -- Up-to-date: /home/daniel/projects/ros/install/my_robot_interfaces/include/my_robot_interfaces/my_robot_interfaces
[0.501s] -- Up-to-date: /home/daniel/projects/ros/install/my_robot_interfaces/include/my_robot_interfaces/my_robot_interfaces/msg
[0.501s] -- Up-to-date: /home/daniel/projects/ros/install/my_robot_interfaces/include/my_robot_interfaces/my_robot_interfaces/msg/rosidl_typesupport_introspection_c__visibility_control.h
[0.501s] -- Up-to-date: /home/daniel/projects/ros/install/my_robot_interfaces/include/my_robot_interfaces/my_robot_interfaces/msg/detail
[0.501s] -- Up-to-date: /home/daniel/projects/ros/install/my_robot_interfaces/include/my_robot_interfaces/my_robot_interfaces/msg/detail/hardware_status__type_support.c
[0.501s] -- Up-to-date: /home/daniel/projects/ros/install/my_robot_interfaces/include/my_robot_interfaces/my_robot_interfaces/msg/detail/hardware_status__rosidl_typesupport_introspection_c.h
[0.501s] -- Up-to-date: /home/daniel/projects/ros/install/my_robot_interfaces/lib/libmy_robot_interfaces__rosidl_typesupport_introspection_c.so
[0.501s] -- Up-to-date: /home/daniel/projects/ros/install/my_robot_interfaces/lib/libmy_robot_interfaces__rosidl_typesupport_c.so
[0.502s] -- Up-to-date: /home/daniel/projects/ros/install/my_robot_interfaces/include/my_robot_interfaces/my_robot_interfaces
[0.502s] -- Up-to-date: /home/daniel/projects/ros/install/my_robot_interfaces/include/my_robot_interfaces/my_robot_interfaces/msg
[0.502s] -- Up-to-date: /home/daniel/projects/ros/install/my_robot_interfaces/include/my_robot_interfaces/my_robot_interfaces/msg/rosidl_generator_cpp__visibility_control.hpp
[0.502s] -- Up-to-date: /home/daniel/projects/ros/install/my_robot_interfaces/include/my_robot_interfaces/my_robot_interfaces/msg/detail
[0.502s] -- Up-to-date: /home/daniel/projects/ros/install/my_robot_interfaces/include/my_robot_interfaces/my_robot_interfaces/msg/detail/hardware_status__struct.hpp
[0.502s] -- Up-to-date: /home/daniel/projects/ros/install/my_robot_interfaces/include/my_robot_interfaces/my_robot_interfaces/msg/detail/hardware_status__type_support.hpp
[0.502s] -- Up-to-date: /home/daniel/projects/ros/install/my_robot_interfaces/include/my_robot_interfaces/my_robot_interfaces/msg/detail/hardware_status__traits.hpp
[0.502s] -- Up-to-date: /home/daniel/projects/ros/install/my_robot_interfaces/include/my_robot_interfaces/my_robot_interfaces/msg/detail/hardware_status__builder.hpp
[0.502s] -- Up-to-date: /home/daniel/projects/ros/install/my_robot_interfaces/include/my_robot_interfaces/my_robot_interfaces/msg/hardware_status.hpp
[0.502s] -- Up-to-date: /home/daniel/projects/ros/install/my_robot_interfaces/include/my_robot_interfaces/my_robot_interfaces
[0.502s] -- Up-to-date: /home/daniel/projects/ros/install/my_robot_interfaces/include/my_robot_interfaces/my_robot_interfaces/msg
[0.502s] -- Up-to-date: /home/daniel/projects/ros/install/my_robot_interfaces/include/my_robot_interfaces/my_robot_interfaces/msg/detail
[0.503s] -- Up-to-date: /home/daniel/projects/ros/install/my_robot_interfaces/include/my_robot_interfaces/my_robot_interfaces/msg/detail/dds_fastrtps
[0.503s] -- Up-to-date: /home/daniel/projects/ros/install/my_robot_interfaces/include/my_robot_interfaces/my_robot_interfaces/msg/detail/hardware_status__rosidl_typesupport_fastrtps_cpp.hpp
[0.503s] -- Up-to-date: /home/daniel/projects/ros/install/my_robot_interfaces/include/my_robot_interfaces/my_robot_interfaces/msg/rosidl_typesupport_fastrtps_cpp__visibility_control.h
[0.503s] -- Up-to-date: /home/daniel/projects/ros/install/my_robot_interfaces/lib/libmy_robot_interfaces__rosidl_typesupport_fastrtps_cpp.so
[0.503s] -- Up-to-date: /home/daniel/projects/ros/install/my_robot_interfaces/include/my_robot_interfaces/my_robot_interfaces
[0.503s] -- Up-to-date: /home/daniel/projects/ros/install/my_robot_interfaces/include/my_robot_interfaces/my_robot_interfaces/msg
[0.503s] -- Up-to-date: /home/daniel/projects/ros/install/my_robot_interfaces/include/my_robot_interfaces/my_robot_interfaces/msg/detail
[0.503s] -- Up-to-date: /home/daniel/projects/ros/install/my_robot_interfaces/include/my_robot_interfaces/my_robot_interfaces/msg/detail/hardware_status__rosidl_typesupport_introspection_cpp.hpp
[0.503s] -- Up-to-date: /home/daniel/projects/ros/install/my_robot_interfaces/include/my_robot_interfaces/my_robot_interfaces/msg/detail/hardware_status__type_support.cpp
[0.504s] -- Up-to-date: /home/daniel/projects/ros/install/my_robot_interfaces/lib/libmy_robot_interfaces__rosidl_typesupport_introspection_cpp.so
[0.504s] -- Up-to-date: /home/daniel/projects/ros/install/my_robot_interfaces/lib/libmy_robot_interfaces__rosidl_typesupport_cpp.so
[0.504s] -- Up-to-date: /home/daniel/projects/ros/install/my_robot_interfaces/share/my_robot_interfaces/environment/pythonpath.sh
[0.504s] -- Up-to-date: /home/daniel/projects/ros/install/my_robot_interfaces/share/my_robot_interfaces/environment/pythonpath.dsv
[0.504s] -- Up-to-date: /home/daniel/projects/ros/install/my_robot_interfaces/lib/python3.12/site-packages/my_robot_interfaces-0.0.0-py3.12.egg-info
[0.504s] -- Installing: /home/daniel/projects/ros/install/my_robot_interfaces/lib/python3.12/site-packages/my_robot_interfaces-0.0.0-py3.12.egg-info/dependency_links.txt
[0.504s] -- Installing: /home/daniel/projects/ros/install/my_robot_interfaces/lib/python3.12/site-packages/my_robot_interfaces-0.0.0-py3.12.egg-info/top_level.txt
[0.504s] -- Installing: /home/daniel/projects/ros/install/my_robot_interfaces/lib/python3.12/site-packages/my_robot_interfaces-0.0.0-py3.12.egg-info/PKG-INFO
[0.504s] -- Installing: /home/daniel/projects/ros/install/my_robot_interfaces/lib/python3.12/site-packages/my_robot_interfaces-0.0.0-py3.12.egg-info/SOURCES.txt
[0.505s] -- Up-to-date: /home/daniel/projects/ros/install/my_robot_interfaces/lib/python3.12/site-packages/my_robot_interfaces
[0.505s] -- Up-to-date: /home/daniel/projects/ros/install/my_robot_interfaces/lib/python3.12/site-packages/my_robot_interfaces/_my_robot_interfaces_s.ep.rosidl_typesupport_fastrtps_c.c
[0.505s] -- Up-to-date: /home/daniel/projects/ros/install/my_robot_interfaces/lib/python3.12/site-packages/my_robot_interfaces/_my_robot_interfaces_s.ep.rosidl_typesupport_c.c
[0.505s] -- Up-to-date: /home/daniel/projects/ros/install/my_robot_interfaces/lib/python3.12/site-packages/my_robot_interfaces/my_robot_interfaces_s__rosidl_typesupport_introspection_c.so
[0.505s] -- Up-to-date: /home/daniel/projects/ros/install/my_robot_interfaces/lib/python3.12/site-packages/my_robot_interfaces/__init__.py
[0.505s] -- Up-to-date: /home/daniel/projects/ros/install/my_robot_interfaces/lib/python3.12/site-packages/my_robot_interfaces/my_robot_interfaces_s__rosidl_typesupport_c.so
[0.505s] -- Up-to-date: /home/daniel/projects/ros/install/my_robot_interfaces/lib/python3.12/site-packages/my_robot_interfaces/msg
[0.505s] -- Up-to-date: /home/daniel/projects/ros/install/my_robot_interfaces/lib/python3.12/site-packages/my_robot_interfaces/msg/_hardware_status_s.c
[0.505s] -- Up-to-date: /home/daniel/projects/ros/install/my_robot_interfaces/lib/python3.12/site-packages/my_robot_interfaces/msg/__init__.py
[0.505s] -- Up-to-date: /home/daniel/projects/ros/install/my_robot_interfaces/lib/python3.12/site-packages/my_robot_interfaces/msg/_hardware_status.py
[0.505s] -- Up-to-date: /home/daniel/projects/ros/install/my_robot_interfaces/lib/python3.12/site-packages/my_robot_interfaces/my_robot_interfaces_s__rosidl_typesupport_fastrtps_c.so
[0.505s] -- Up-to-date: /home/daniel/projects/ros/install/my_robot_interfaces/lib/python3.12/site-packages/my_robot_interfaces/_my_robot_interfaces_s.ep.rosidl_typesupport_introspection_c.c
[0.550s] Listing '/home/daniel/projects/ros/install/my_robot_interfaces/lib/python3.12/site-packages/my_robot_interfaces'...
[0.550s] Listing '/home/daniel/projects/ros/install/my_robot_interfaces/lib/python3.12/site-packages/my_robot_interfaces/msg'...
[0.558s] -- Up-to-date: /home/daniel/projects/ros/install/my_robot_interfaces/lib/python3.12/site-packages/my_robot_interfaces/my_robot_interfaces_s__rosidl_typesupport_fastrtps_c.so
[0.558s] -- Up-to-date: /home/daniel/projects/ros/install/my_robot_interfaces/lib/python3.12/site-packages/my_robot_interfaces/my_robot_interfaces_s__rosidl_typesupport_introspection_c.so
[0.559s] -- Up-to-date: /home/daniel/projects/ros/install/my_robot_interfaces/lib/python3.12/site-packages/my_robot_interfaces/my_robot_interfaces_s__rosidl_typesupport_c.so
[0.559s] -- Up-to-date: /home/daniel/projects/ros/install/my_robot_interfaces/lib/libmy_robot_interfaces__rosidl_generator_py.so
[0.559s] -- Up-to-date: /home/daniel/projects/ros/install/my_robot_interfaces/share/my_robot_interfaces/msg/HardwareStatus.idl
[0.559s] -- Up-to-date: /home/daniel/projects/ros/install/my_robot_interfaces/share/my_robot_interfaces/msg/HardwareStatus.msg
[0.559s] -- Up-to-date: /home/daniel/projects/ros/install/my_robot_interfaces/share/ament_index/resource_index/package_run_dependencies/my_robot_interfaces
[0.560s] -- Up-to-date: /home/daniel/projects/ros/install/my_robot_interfaces/share/ament_index/resource_index/parent_prefix_path/my_robot_interfaces
[0.560s] -- Up-to-date: /home/daniel/projects/ros/install/my_robot_interfaces/share/my_robot_interfaces/environment/ament_prefix_path.sh
[0.560s] -- Up-to-date: /home/daniel/projects/ros/install/my_robot_interfaces/share/my_robot_interfaces/environment/ament_prefix_path.dsv
[0.560s] -- Up-to-date: /home/daniel/projects/ros/install/my_robot_interfaces/share/my_robot_interfaces/environment/path.sh
[0.560s] -- Up-to-date: /home/daniel/projects/ros/install/my_robot_interfaces/share/my_robot_interfaces/environment/path.dsv
[0.560s] -- Up-to-date: /home/daniel/projects/ros/install/my_robot_interfaces/share/my_robot_interfaces/local_setup.bash
[0.561s] -- Up-to-date: /home/daniel/projects/ros/install/my_robot_interfaces/share/my_robot_interfaces/local_setup.sh
[0.561s] -- Up-to-date: /home/daniel/projects/ros/install/my_robot_interfaces/share/my_robot_interfaces/local_setup.zsh
[0.561s] -- Up-to-date: /home/daniel/projects/ros/install/my_robot_interfaces/share/my_robot_interfaces/local_setup.dsv
[0.561s] -- Installing: /home/daniel/projects/ros/install/my_robot_interfaces/share/my_robot_interfaces/package.dsv
[0.561s] -- Up-to-date: /home/daniel/projects/ros/install/my_robot_interfaces/share/ament_index/resource_index/packages/my_robot_interfaces
[0.561s] -- Up-to-date: /home/daniel/projects/ros/install/my_robot_interfaces/share/my_robot_interfaces/cmake/export_my_robot_interfaces__rosidl_generator_cExport.cmake
[0.561s] -- Up-to-date: /home/daniel/projects/ros/install/my_robot_interfaces/share/my_robot_interfaces/cmake/export_my_robot_interfaces__rosidl_generator_cExport-noconfig.cmake
[0.562s] -- Up-to-date: /home/daniel/projects/ros/install/my_robot_interfaces/share/my_robot_interfaces/cmake/export_my_robot_interfaces__rosidl_typesupport_fastrtps_cExport.cmake
[0.562s] -- Up-to-date: /home/daniel/projects/ros/install/my_robot_interfaces/share/my_robot_interfaces/cmake/export_my_robot_interfaces__rosidl_typesupport_fastrtps_cExport-noconfig.cmake
[0.562s] -- Up-to-date: /home/daniel/projects/ros/install/my_robot_interfaces/share/my_robot_interfaces/cmake/my_robot_interfaces__rosidl_typesupport_introspection_cExport.cmake
[0.562s] -- Up-to-date: /home/daniel/projects/ros/install/my_robot_interfaces/share/my_robot_interfaces/cmake/my_robot_interfaces__rosidl_typesupport_introspection_cExport-noconfig.cmake
[0.562s] -- Up-to-date: /home/daniel/projects/ros/install/my_robot_interfaces/share/my_robot_interfaces/cmake/my_robot_interfaces__rosidl_typesupport_cExport.cmake
[0.562s] -- Up-to-date: /home/daniel/projects/ros/install/my_robot_interfaces/share/my_robot_interfaces/cmake/my_robot_interfaces__rosidl_typesupport_cExport-noconfig.cmake
[0.562s] -- Up-to-date: /home/daniel/projects/ros/install/my_robot_interfaces/share/my_robot_interfaces/cmake/export_my_robot_interfaces__rosidl_generator_cppExport.cmake
[0.563s] -- Up-to-date: /home/daniel/projects/ros/install/my_robot_interfaces/share/my_robot_interfaces/cmake/export_my_robot_interfaces__rosidl_typesupport_fastrtps_cppExport.cmake
[0.563s] -- Up-to-date: /home/daniel/projects/ros/install/my_robot_interfaces/share/my_robot_interfaces/cmake/export_my_robot_interfaces__rosidl_typesupport_fastrtps_cppExport-noconfig.cmake
[0.563s] -- Up-to-date: /home/daniel/projects/ros/install/my_robot_interfaces/share/my_robot_interfaces/cmake/my_robot_interfaces__rosidl_typesupport_introspection_cppExport.cmake
[0.563s] -- Up-to-date: /home/daniel/projects/ros/install/my_robot_interfaces/share/my_robot_interfaces/cmake/my_robot_interfaces__rosidl_typesupport_introspection_cppExport-noconfig.cmake
[0.563s] -- Up-to-date: /home/daniel/projects/ros/install/my_robot_interfaces/share/my_robot_interfaces/cmake/my_robot_interfaces__rosidl_typesupport_cppExport.cmake
[0.563s] -- Up-to-date: /home/daniel/projects/ros/install/my_robot_interfaces/share/my_robot_interfaces/cmake/my_robot_interfaces__rosidl_typesupport_cppExport-noconfig.cmake
[0.563s] -- Up-to-date: /home/daniel/projects/ros/install/my_robot_interfaces/share/my_robot_interfaces/cmake/export_my_robot_interfaces__rosidl_generator_pyExport.cmake
[0.563s] -- Up-to-date: /home/daniel/projects/ros/install/my_robot_interfaces/share/my_robot_interfaces/cmake/export_my_robot_interfaces__rosidl_generator_pyExport-noconfig.cmake
[0.564s] -- Up-to-date: /home/daniel/projects/ros/install/my_robot_interfaces/share/my_robot_interfaces/cmake/rosidl_cmake-extras.cmake
[0.564s] -- Up-to-date: /home/daniel/projects/ros/install/my_robot_interfaces/share/my_robot_interfaces/cmake/ament_cmake_export_include_directories-extras.cmake
[0.564s] -- Up-to-date: /home/daniel/projects/ros/install/my_robot_interfaces/share/my_robot_interfaces/cmake/ament_cmake_export_libraries-extras.cmake
[0.564s] -- Up-to-date: /home/daniel/projects/ros/install/my_robot_interfaces/share/my_robot_interfaces/cmake/ament_cmake_export_targets-extras.cmake
[0.564s] -- Up-to-date: /home/daniel/projects/ros/install/my_robot_interfaces/share/my_robot_interfaces/cmake/rosidl_cmake_export_typesupport_targets-extras.cmake
[0.564s] -- Up-to-date: /home/daniel/projects/ros/install/my_robot_interfaces/share/my_robot_interfaces/cmake/ament_cmake_export_dependencies-extras.cmake
[0.564s] -- Up-to-date: /home/daniel/projects/ros/install/my_robot_interfaces/share/my_robot_interfaces/cmake/rosidl_cmake_export_typesupport_libraries-extras.cmake
[0.564s] -- Up-to-date: /home/daniel/projects/ros/install/my_robot_interfaces/share/my_robot_interfaces/cmake/my_robot_interfacesConfig.cmake
[0.565s] -- Up-to-date: /home/daniel/projects/ros/install/my_robot_interfaces/share/my_robot_interfaces/cmake/my_robot_interfacesConfig-version.cmake
[0.565s] -- Up-to-date: /home/daniel/projects/ros/install/my_robot_interfaces/share/my_robot_interfaces/package.xml
[0.567s] Invoked command in '/home/daniel/projects/ros/build/my_robot_interfaces' returned '0': CMAKE_PREFIX_PATH=${CMAKE_PREFIX_PATH}:/home/daniel/projects/ros/install/my_py_pkg:/opt/ros/jazzy DEBUGINFOD_URLS=https://debuginfod.ubuntu.com /usr/bin/cmake --install /home/daniel/projects/ros/build/my_robot_interfaces
