[0.702s] Invoking command in '/home/daniel/projects/ros/src/my_py_pkg': DEBUGINFOD_URLS=https://debuginfod.ubuntu.com PYTHONPATH=/home/daniel/projects/ros/src/build/my_py_pkg/prefix_override:/usr/lib/python3/dist-packages/colcon_core/task/python/colcon_distutils_commands:/home/daniel/projects/ros/src/install/my_py_pkg/lib/python3.12/site-packages:${PYTHONPATH} /usr/bin/python3 -W ignore:setup.py install is deprecated -W ignore:easy_install command is deprecated setup.py egg_info --egg-base ../build/my_py_pkg build --build-base /home/daniel/projects/ros/src/build/my_py_pkg/build install --record /home/daniel/projects/ros/src/build/my_py_pkg/install.log --single-version-externally-managed install_data
[0.915s] running egg_info
[0.929s] writing ../build/my_py_pkg/my_py_pkg.egg-info/PKG-INFO
[0.929s] writing dependency_links to ../build/my_py_pkg/my_py_pkg.egg-info/dependency_links.txt
[0.929s] writing entry points to ../build/my_py_pkg/my_py_pkg.egg-info/entry_points.txt
[0.930s] writing requirements to ../build/my_py_pkg/my_py_pkg.egg-info/requires.txt
[0.930s] writing top-level names to ../build/my_py_pkg/my_py_pkg.egg-info/top_level.txt
[0.959s] reading manifest file '../build/my_py_pkg/my_py_pkg.egg-info/SOURCES.txt'
[0.959s] writing manifest file '../build/my_py_pkg/my_py_pkg.egg-info/SOURCES.txt'
[0.960s] running build
[0.960s] running build_py
[0.960s] copying my_py_pkg/template.py -> /home/daniel/projects/ros/src/build/my_py_pkg/build/lib/my_py_pkg
[0.960s] copying my_py_pkg/robot_news_station.py -> /home/daniel/projects/ros/src/build/my_py_pkg/build/lib/my_py_pkg
[0.960s] copying my_py_pkg/smartphone.py -> /home/daniel/projects/ros/src/build/my_py_pkg/build/lib/my_py_pkg
[0.960s] copying my_py_pkg/my_first_node.py -> /home/daniel/projects/ros/src/build/my_py_pkg/build/lib/my_py_pkg
[0.961s] copying my_py_pkg/add_two_ints_client.py -> /home/daniel/projects/ros/src/build/my_py_pkg/build/lib/my_py_pkg
[0.961s] copying my_py_pkg/hardware_status_publisher.py -> /home/daniel/projects/ros/src/build/my_py_pkg/build/lib/my_py_pkg
[0.961s] copying my_py_pkg/add_two_ints_server.py -> /home/daniel/projects/ros/src/build/my_py_pkg/build/lib/my_py_pkg
[0.961s] running install
[0.965s] running install_lib
[0.980s] copying /home/daniel/projects/ros/src/build/my_py_pkg/build/lib/my_py_pkg/template.py -> /home/daniel/projects/ros/src/install/my_py_pkg/lib/python3.12/site-packages/my_py_pkg
[0.980s] copying /home/daniel/projects/ros/src/build/my_py_pkg/build/lib/my_py_pkg/robot_news_station.py -> /home/daniel/projects/ros/src/install/my_py_pkg/lib/python3.12/site-packages/my_py_pkg
[0.980s] copying /home/daniel/projects/ros/src/build/my_py_pkg/build/lib/my_py_pkg/smartphone.py -> /home/daniel/projects/ros/src/install/my_py_pkg/lib/python3.12/site-packages/my_py_pkg
[0.980s] copying /home/daniel/projects/ros/src/build/my_py_pkg/build/lib/my_py_pkg/my_first_node.py -> /home/daniel/projects/ros/src/install/my_py_pkg/lib/python3.12/site-packages/my_py_pkg
[0.980s] copying /home/daniel/projects/ros/src/build/my_py_pkg/build/lib/my_py_pkg/add_two_ints_client.py -> /home/daniel/projects/ros/src/install/my_py_pkg/lib/python3.12/site-packages/my_py_pkg
[0.980s] copying /home/daniel/projects/ros/src/build/my_py_pkg/build/lib/my_py_pkg/hardware_status_publisher.py -> /home/daniel/projects/ros/src/install/my_py_pkg/lib/python3.12/site-packages/my_py_pkg
[0.981s] copying /home/daniel/projects/ros/src/build/my_py_pkg/build/lib/my_py_pkg/add_two_ints_server.py -> /home/daniel/projects/ros/src/install/my_py_pkg/lib/python3.12/site-packages/my_py_pkg
[0.981s] byte-compiling /home/daniel/projects/ros/src/install/my_py_pkg/lib/python3.12/site-packages/my_py_pkg/template.py to template.cpython-312.pyc
[0.981s] byte-compiling /home/daniel/projects/ros/src/install/my_py_pkg/lib/python3.12/site-packages/my_py_pkg/robot_news_station.py to robot_news_station.cpython-312.pyc
[0.981s] byte-compiling /home/daniel/projects/ros/src/install/my_py_pkg/lib/python3.12/site-packages/my_py_pkg/smartphone.py to smartphone.cpython-312.pyc
[0.981s] byte-compiling /home/daniel/projects/ros/src/install/my_py_pkg/lib/python3.12/site-packages/my_py_pkg/my_first_node.py to my_first_node.cpython-312.pyc
[0.982s] byte-compiling /home/daniel/projects/ros/src/install/my_py_pkg/lib/python3.12/site-packages/my_py_pkg/add_two_ints_client.py to add_two_ints_client.cpython-312.pyc
[0.982s] byte-compiling /home/daniel/projects/ros/src/install/my_py_pkg/lib/python3.12/site-packages/my_py_pkg/hardware_status_publisher.py to hardware_status_publisher.cpython-312.pyc
[0.983s] byte-compiling /home/daniel/projects/ros/src/install/my_py_pkg/lib/python3.12/site-packages/my_py_pkg/add_two_ints_server.py to add_two_ints_server.cpython-312.pyc
[0.983s] running install_data
[0.983s] copying package.xml -> /home/daniel/projects/ros/src/install/my_py_pkg/share/my_py_pkg
[0.983s] running install_egg_info
[0.999s] removing '/home/daniel/projects/ros/src/install/my_py_pkg/lib/python3.12/site-packages/my_py_pkg-0.0.0-py3.12.egg-info' (and everything under it)
[0.999s] Copying ../build/my_py_pkg/my_py_pkg.egg-info to /home/daniel/projects/ros/src/install/my_py_pkg/lib/python3.12/site-packages/my_py_pkg-0.0.0-py3.12.egg-info
[1.000s] running install_scripts
[1.103s] Installing add_two_ints_client script to /home/daniel/projects/ros/src/install/my_py_pkg/lib/my_py_pkg
[1.104s] Installing add_two_ints_server script to /home/daniel/projects/ros/src/install/my_py_pkg/lib/my_py_pkg
[1.104s] Installing py_node script to /home/daniel/projects/ros/src/install/my_py_pkg/lib/my_py_pkg
[1.104s] Installing robot_news_station script to /home/daniel/projects/ros/src/install/my_py_pkg/lib/my_py_pkg
[1.104s] Installing smartphone script to /home/daniel/projects/ros/src/install/my_py_pkg/lib/my_py_pkg
[1.104s] writing list of installed files to '/home/daniel/projects/ros/src/build/my_py_pkg/install.log'
[1.127s] Invoked command in '/home/daniel/projects/ros/src/my_py_pkg' returned '0': DEBUGINFOD_URLS=https://debuginfod.ubuntu.com PYTHONPATH=/home/daniel/projects/ros/src/build/my_py_pkg/prefix_override:/usr/lib/python3/dist-packages/colcon_core/task/python/colcon_distutils_commands:/home/daniel/projects/ros/src/install/my_py_pkg/lib/python3.12/site-packages:${PYTHONPATH} /usr/bin/python3 -W ignore:setup.py install is deprecated -W ignore:easy_install command is deprecated setup.py egg_info --egg-base ../build/my_py_pkg build --build-base /home/daniel/projects/ros/src/build/my_py_pkg/build install --record /home/daniel/projects/ros/src/build/my_py_pkg/install.log --single-version-externally-managed install_data
