[0.007s] Invoking command in '/home/daniel/projects/ros/src/build/my_robot_interfaces': CMAKE_PREFIX_PATH=${CMAKE_PREFIX_PATH}:/home/daniel/projects/ros/install/my_py_pkg:/opt/ros/jazzy DEBUGINFOD_URLS=https://debuginfod.ubuntu.com /usr/bin/cmake /home/daniel/projects/ros/src/my_robot_interfaces -DCMAKE_INSTALL_PREFIX=/home/daniel/projects/ros/src/install/my_robot_interfaces
[0.020s] -- Found ament_cmake: 2.5.4 (/opt/ros/jazzy/share/ament_cmake/cmake)
[0.117s] -- Found Python3: /usr/bin/python3 (found version "3.12.3") found components: Interpreter 
[0.156s] -- Found rosidl_default_generators: 1.6.0 (/opt/ros/jazzy/share/rosidl_default_generators/cmake)
[0.158s] -- Using all available rosidl_typesupport_c: rosidl_typesupport_fastrtps_c;rosidl_typesupport_introspection_c
[0.172s] -- Using all available rosidl_typesupport_cpp: rosidl_typesupport_fastrtps_cpp;rosidl_typesupport_introspection_cpp
[0.184s] -- Found rosidl_adapter: 4.6.6 (/opt/ros/jazzy/share/rosidl_adapter/cmake)
[0.535s] -- Found ament_cmake_ros: 0.12.0 (/opt/ros/jazzy/share/ament_cmake_ros/cmake)
[0.802s] -- Using all available rosidl_typesupport_c: rosidl_typesupport_fastrtps_c;rosidl_typesupport_introspection_c
[1.139s] -- Using all available rosidl_typesupport_cpp: rosidl_typesupport_fastrtps_cpp;rosidl_typesupport_introspection_cpp
[1.141s] -- Found python_cmake_module: 0.11.1 (/opt/ros/jazzy/share/python_cmake_module/cmake)
[1.220s] -- Found PythonExtra: /usr/bin/python3  
[1.462s] -- Found Python3: /usr/bin/python3 (found version "3.12.3") found components: Interpreter Development NumPy Development.Module Development.Embed 
[1.481s] -- Configuring done (1.5s)
[1.492s] -- Generating done (0.0s)
[1.496s] -- Build files have been written to: /home/daniel/projects/ros/src/build/my_robot_interfaces
[1.502s] Invoked command in '/home/daniel/projects/ros/src/build/my_robot_interfaces' returned '0': CMAKE_PREFIX_PATH=${CMAKE_PREFIX_PATH}:/home/daniel/projects/ros/install/my_py_pkg:/opt/ros/jazzy DEBUGINFOD_URLS=https://debuginfod.ubuntu.com /usr/bin/cmake /home/daniel/projects/ros/src/my_robot_interfaces -DCMAKE_INSTALL_PREFIX=/home/daniel/projects/ros/src/install/my_robot_interfaces
[1.503s] Invoking command in '/home/daniel/projects/ros/src/build/my_robot_interfaces': CMAKE_PREFIX_PATH=${CMAKE_PREFIX_PATH}:/home/daniel/projects/ros/install/my_py_pkg:/opt/ros/jazzy DEBUGINFOD_URLS=https://debuginfod.ubuntu.com /usr/bin/cmake --build /home/daniel/projects/ros/src/build/my_robot_interfaces -- -j24 -l24
[1.544s] [  2%] [34m[1mGenerating type hashes for ROS interfaces[0m
[1.552s] [  2%] Built target ament_cmake_python_copy_my_robot_interfaces
[1.630s] [  2%] Built target my_robot_interfaces__rosidl_generator_type_description
[1.638s] [  5%] [34m[1mGenerating C code for ROS interfaces[0m
[1.646s] [  8%] [34m[1mGenerating C++ code for ROS interfaces[0m
[1.650s] running egg_info
[1.650s] creating my_robot_interfaces.egg-info
[1.657s] writing my_robot_interfaces.egg-info/PKG-INFO
[1.657s] writing dependency_links to my_robot_interfaces.egg-info/dependency_links.txt
[1.657s] writing top-level names to my_robot_interfaces.egg-info/top_level.txt
[1.657s] writing manifest file 'my_robot_interfaces.egg-info/SOURCES.txt'
[1.678s] reading manifest file 'my_robot_interfaces.egg-info/SOURCES.txt'
[1.678s] writing manifest file 'my_robot_interfaces.egg-info/SOURCES.txt'
[1.694s] [  8%] Built target ament_cmake_python_build_my_robot_interfaces_egg
[1.749s] [  8%] Built target my_robot_interfaces__cpp
[1.753s] [ 11%] [32mBuilding C object CMakeFiles/my_robot_interfaces__rosidl_generator_c.dir/rosidl_generator_c/my_robot_interfaces/msg/detail/hardware_status__functions.c.o[0m
[1.753s] [ 14%] [32mBuilding C object CMakeFiles/my_robot_interfaces__rosidl_generator_c.dir/rosidl_generator_c/my_robot_interfaces/msg/detail/hardware_status__type_support.c.o[0m
[1.755s] [ 17%] [32mBuilding C object CMakeFiles/my_robot_interfaces__rosidl_generator_c.dir/rosidl_generator_c/my_robot_interfaces/msg/detail/hardware_status__description.c.o[0m
[1.783s] [ 20%] [32m[1mLinking C shared library libmy_robot_interfaces__rosidl_generator_c.so[0m
[1.810s] [ 20%] Built target my_robot_interfaces__rosidl_generator_c
[1.818s] [ 23%] [34m[1mGenerating C++ introspection for ROS interfaces[0m
[1.819s] [ 26%] [34m[1mGenerating C introspection for ROS interfaces[0m
[1.820s] [ 29%] [34m[1mGenerating C type support dispatch for ROS interfaces[0m
[1.820s] [ 32%] [34m[1mGenerating C++ type support dispatch for ROS interfaces[0m
[1.820s] [ 35%] [34m[1mGenerating C type support for eProsima Fast-RTPS[0m
[1.821s] [ 38%] [34m[1mGenerating C++ type support for eProsima Fast-RTPS[0m
[1.916s] [ 41%] [32mBuilding CXX object CMakeFiles/my_robot_interfaces__rosidl_typesupport_c.dir/rosidl_typesupport_c/my_robot_interfaces/msg/hardware_status__type_support.cpp.o[0m
[1.926s] [ 44%] [32mBuilding CXX object CMakeFiles/my_robot_interfaces__rosidl_typesupport_introspection_cpp.dir/rosidl_typesupport_introspection_cpp/my_robot_interfaces/msg/detail/hardware_status__type_support.cpp.o[0m
[1.927s] [ 47%] [32mBuilding C object CMakeFiles/my_robot_interfaces__rosidl_typesupport_introspection_c.dir/rosidl_typesupport_introspection_c/my_robot_interfaces/msg/detail/hardware_status__type_support.c.o[0m
[1.928s] [ 50%] [32mBuilding CXX object CMakeFiles/my_robot_interfaces__rosidl_typesupport_cpp.dir/rosidl_typesupport_cpp/my_robot_interfaces/msg/hardware_status__type_support.cpp.o[0m
[1.933s] [ 52%] [32mBuilding CXX object CMakeFiles/my_robot_interfaces__rosidl_typesupport_fastrtps_c.dir/rosidl_typesupport_fastrtps_c/my_robot_interfaces/msg/detail/hardware_status__type_support_c.cpp.o[0m
[1.940s] [ 55%] [32mBuilding CXX object CMakeFiles/my_robot_interfaces__rosidl_typesupport_fastrtps_cpp.dir/rosidl_typesupport_fastrtps_cpp/my_robot_interfaces/msg/detail/dds_fastrtps/hardware_status__type_support.cpp.o[0m
[1.941s] [ 58%] [32m[1mLinking CXX shared library libmy_robot_interfaces__rosidl_typesupport_c.so[0m
[1.953s] [ 61%] [32m[1mLinking C shared library libmy_robot_interfaces__rosidl_typesupport_introspection_c.so[0m
[1.970s] [ 61%] Built target my_robot_interfaces__rosidl_typesupport_c
[1.974s] [ 61%] Built target my_robot_interfaces__rosidl_typesupport_introspection_c
[2.050s] [ 64%] [32m[1mLinking CXX shared library libmy_robot_interfaces__rosidl_typesupport_cpp.so[0m
[2.052s] [ 67%] [32m[1mLinking CXX shared library libmy_robot_interfaces__rosidl_typesupport_introspection_cpp.so[0m
[2.073s] [ 67%] Built target my_robot_interfaces__rosidl_typesupport_cpp
[2.090s] [ 67%] Built target my_robot_interfaces__rosidl_typesupport_introspection_cpp
[2.122s] [ 70%] [32m[1mLinking CXX shared library libmy_robot_interfaces__rosidl_typesupport_fastrtps_c.so[0m
[2.133s] [ 73%] [32m[1mLinking CXX shared library libmy_robot_interfaces__rosidl_typesupport_fastrtps_cpp.so[0m
[2.167s] [ 73%] Built target my_robot_interfaces__rosidl_typesupport_fastrtps_c
[2.176s] [ 73%] Built target my_robot_interfaces__rosidl_typesupport_fastrtps_cpp
[2.193s] [ 73%] Built target my_robot_interfaces
[2.210s] [ 76%] [34m[1mGenerating Python code for ROS interfaces[0m
[2.326s] [ 76%] Built target my_robot_interfaces__py
[2.339s] [ 79%] [32mBuilding C object CMakeFiles/my_robot_interfaces__rosidl_generator_py.dir/rosidl_generator_py/my_robot_interfaces/msg/_hardware_status_s.c.o[0m
[2.395s] [ 82%] [32m[1mLinking C shared library libmy_robot_interfaces__rosidl_generator_py.so[0m
[2.422s] [ 82%] Built target my_robot_interfaces__rosidl_generator_py
[2.439s] [ 85%] [32mBuilding C object CMakeFiles/my_robot_interfaces_s__rosidl_typesupport_introspection_c.dir/rosidl_generator_py/my_robot_interfaces/_my_robot_interfaces_s.ep.rosidl_typesupport_introspection_c.c.o[0m
[2.440s] [ 88%] [32mBuilding C object CMakeFiles/my_robot_interfaces_s__rosidl_typesupport_c.dir/rosidl_generator_py/my_robot_interfaces/_my_robot_interfaces_s.ep.rosidl_typesupport_c.c.o[0m
[2.441s] [ 91%] [32mBuilding C object CMakeFiles/my_robot_interfaces_s__rosidl_typesupport_fastrtps_c.dir/rosidl_generator_py/my_robot_interfaces/_my_robot_interfaces_s.ep.rosidl_typesupport_fastrtps_c.c.o[0m
[2.492s] [ 94%] [32m[1mLinking C shared module rosidl_generator_py/my_robot_interfaces/my_robot_interfaces_s__rosidl_typesupport_fastrtps_c.so[0m
[2.493s] [ 97%] [32m[1mLinking C shared module rosidl_generator_py/my_robot_interfaces/my_robot_interfaces_s__rosidl_typesupport_c.so[0m
[2.493s] [100%] [32m[1mLinking C shared module rosidl_generator_py/my_robot_interfaces/my_robot_interfaces_s__rosidl_typesupport_introspection_c.so[0m
[2.512s] [100%] Built target my_robot_interfaces_s__rosidl_typesupport_introspection_c
[2.512s] [100%] Built target my_robot_interfaces_s__rosidl_typesupport_c
[2.516s] [100%] Built target my_robot_interfaces_s__rosidl_typesupport_fastrtps_c
[2.523s] Invoked command in '/home/daniel/projects/ros/src/build/my_robot_interfaces' returned '0': CMAKE_PREFIX_PATH=${CMAKE_PREFIX_PATH}:/home/daniel/projects/ros/install/my_py_pkg:/opt/ros/jazzy DEBUGINFOD_URLS=https://debuginfod.ubuntu.com /usr/bin/cmake --build /home/daniel/projects/ros/src/build/my_robot_interfaces -- -j24 -l24
[2.533s] Invoking command in '/home/daniel/projects/ros/src/build/my_robot_interfaces': CMAKE_PREFIX_PATH=${CMAKE_PREFIX_PATH}:/home/daniel/projects/ros/install/my_py_pkg:/opt/ros/jazzy DEBUGINFOD_URLS=https://debuginfod.ubuntu.com /usr/bin/cmake --install /home/daniel/projects/ros/src/build/my_robot_interfaces
[2.537s] -- Install configuration: ""
[2.537s] -- Installing: /home/daniel/projects/ros/src/install/my_robot_interfaces/share/ament_index/resource_index/rosidl_interfaces/my_robot_interfaces
[2.538s] -- Installing: /home/daniel/projects/ros/src/install/my_robot_interfaces/share/my_robot_interfaces/msg/HardwareStatus.json
[2.538s] -- Installing: /home/daniel/projects/ros/src/install/my_robot_interfaces/include/my_robot_interfaces/my_robot_interfaces
[2.538s] -- Installing: /home/daniel/projects/ros/src/install/my_robot_interfaces/include/my_robot_interfaces/my_robot_interfaces/msg
[2.538s] -- Installing: /home/daniel/projects/ros/src/install/my_robot_interfaces/include/my_robot_interfaces/my_robot_interfaces/msg/rosidl_generator_c__visibility_control.h
[2.538s] -- Installing: /home/daniel/projects/ros/src/install/my_robot_interfaces/include/my_robot_interfaces/my_robot_interfaces/msg/hardware_status.h
[2.538s] -- Installing: /home/daniel/projects/ros/src/install/my_robot_interfaces/include/my_robot_interfaces/my_robot_interfaces/msg/detail
[2.538s] -- Installing: /home/daniel/projects/ros/src/install/my_robot_interfaces/include/my_robot_interfaces/my_robot_interfaces/msg/detail/hardware_status__functions.c
[2.538s] -- Installing: /home/daniel/projects/ros/src/install/my_robot_interfaces/include/my_robot_interfaces/my_robot_interfaces/msg/detail/hardware_status__description.c
[2.538s] -- Installing: /home/daniel/projects/ros/src/install/my_robot_interfaces/include/my_robot_interfaces/my_robot_interfaces/msg/detail/hardware_status__type_support.c
[2.538s] -- Installing: /home/daniel/projects/ros/src/install/my_robot_interfaces/include/my_robot_interfaces/my_robot_interfaces/msg/detail/hardware_status__type_support.h
[2.538s] -- Installing: /home/daniel/projects/ros/src/install/my_robot_interfaces/include/my_robot_interfaces/my_robot_interfaces/msg/detail/hardware_status__functions.h
[2.538s] -- Installing: /home/daniel/projects/ros/src/install/my_robot_interfaces/include/my_robot_interfaces/my_robot_interfaces/msg/detail/hardware_status__struct.h
[2.538s] -- Installing: /home/daniel/projects/ros/src/install/my_robot_interfaces/share/my_robot_interfaces/environment/library_path.sh
[2.538s] -- Installing: /home/daniel/projects/ros/src/install/my_robot_interfaces/share/my_robot_interfaces/environment/library_path.dsv
[2.538s] -- Installing: /home/daniel/projects/ros/src/install/my_robot_interfaces/lib/libmy_robot_interfaces__rosidl_generator_c.so
[2.538s] -- Set non-toolchain portion of runtime path of "/home/daniel/projects/ros/src/install/my_robot_interfaces/lib/libmy_robot_interfaces__rosidl_generator_c.so" to ""
[2.539s] -- Up-to-date: /home/daniel/projects/ros/src/install/my_robot_interfaces/include/my_robot_interfaces/my_robot_interfaces
[2.539s] -- Up-to-date: /home/daniel/projects/ros/src/install/my_robot_interfaces/include/my_robot_interfaces/my_robot_interfaces/msg
[2.539s] -- Installing: /home/daniel/projects/ros/src/install/my_robot_interfaces/include/my_robot_interfaces/my_robot_interfaces/msg/rosidl_typesupport_fastrtps_c__visibility_control.h
[2.539s] -- Up-to-date: /home/daniel/projects/ros/src/install/my_robot_interfaces/include/my_robot_interfaces/my_robot_interfaces/msg/detail
[2.539s] -- Installing: /home/daniel/projects/ros/src/install/my_robot_interfaces/include/my_robot_interfaces/my_robot_interfaces/msg/detail/hardware_status__rosidl_typesupport_fastrtps_c.h
[2.539s] -- Installing: /home/daniel/projects/ros/src/install/my_robot_interfaces/lib/libmy_robot_interfaces__rosidl_typesupport_fastrtps_c.so
[2.539s] -- Set non-toolchain portion of runtime path of "/home/daniel/projects/ros/src/install/my_robot_interfaces/lib/libmy_robot_interfaces__rosidl_typesupport_fastrtps_c.so" to ""
[2.539s] -- Up-to-date: /home/daniel/projects/ros/src/install/my_robot_interfaces/include/my_robot_interfaces/my_robot_interfaces
[2.539s] -- Up-to-date: /home/daniel/projects/ros/src/install/my_robot_interfaces/include/my_robot_interfaces/my_robot_interfaces/msg
[2.539s] -- Up-to-date: /home/daniel/projects/ros/src/install/my_robot_interfaces/include/my_robot_interfaces/my_robot_interfaces/msg/detail
[2.539s] -- Installing: /home/daniel/projects/ros/src/install/my_robot_interfaces/include/my_robot_interfaces/my_robot_interfaces/msg/detail/hardware_status__rosidl_typesupport_introspection_c.h
[2.539s] -- Up-to-date: /home/daniel/projects/ros/src/install/my_robot_interfaces/include/my_robot_interfaces/my_robot_interfaces/msg/detail/hardware_status__type_support.c
[2.539s] -- Installing: /home/daniel/projects/ros/src/install/my_robot_interfaces/include/my_robot_interfaces/my_robot_interfaces/msg/rosidl_typesupport_introspection_c__visibility_control.h
[2.539s] -- Installing: /home/daniel/projects/ros/src/install/my_robot_interfaces/lib/libmy_robot_interfaces__rosidl_typesupport_introspection_c.so
[2.539s] -- Set non-toolchain portion of runtime path of "/home/daniel/projects/ros/src/install/my_robot_interfaces/lib/libmy_robot_interfaces__rosidl_typesupport_introspection_c.so" to ""
[2.539s] -- Installing: /home/daniel/projects/ros/src/install/my_robot_interfaces/lib/libmy_robot_interfaces__rosidl_typesupport_c.so
[2.539s] -- Set non-toolchain portion of runtime path of "/home/daniel/projects/ros/src/install/my_robot_interfaces/lib/libmy_robot_interfaces__rosidl_typesupport_c.so" to ""
[2.540s] -- Up-to-date: /home/daniel/projects/ros/src/install/my_robot_interfaces/include/my_robot_interfaces/my_robot_interfaces
[2.540s] -- Up-to-date: /home/daniel/projects/ros/src/install/my_robot_interfaces/include/my_robot_interfaces/my_robot_interfaces/msg
[2.540s] -- Installing: /home/daniel/projects/ros/src/install/my_robot_interfaces/include/my_robot_interfaces/my_robot_interfaces/msg/hardware_status.hpp
[2.540s] -- Up-to-date: /home/daniel/projects/ros/src/install/my_robot_interfaces/include/my_robot_interfaces/my_robot_interfaces/msg/detail
[2.540s] -- Installing: /home/daniel/projects/ros/src/install/my_robot_interfaces/include/my_robot_interfaces/my_robot_interfaces/msg/detail/hardware_status__builder.hpp
[2.540s] -- Installing: /home/daniel/projects/ros/src/install/my_robot_interfaces/include/my_robot_interfaces/my_robot_interfaces/msg/detail/hardware_status__traits.hpp
[2.540s] -- Installing: /home/daniel/projects/ros/src/install/my_robot_interfaces/include/my_robot_interfaces/my_robot_interfaces/msg/detail/hardware_status__type_support.hpp
[2.540s] -- Installing: /home/daniel/projects/ros/src/install/my_robot_interfaces/include/my_robot_interfaces/my_robot_interfaces/msg/detail/hardware_status__struct.hpp
[2.540s] -- Installing: /home/daniel/projects/ros/src/install/my_robot_interfaces/include/my_robot_interfaces/my_robot_interfaces/msg/rosidl_generator_cpp__visibility_control.hpp
[2.540s] -- Up-to-date: /home/daniel/projects/ros/src/install/my_robot_interfaces/include/my_robot_interfaces/my_robot_interfaces
[2.540s] -- Up-to-date: /home/daniel/projects/ros/src/install/my_robot_interfaces/include/my_robot_interfaces/my_robot_interfaces/msg
[2.540s] -- Up-to-date: /home/daniel/projects/ros/src/install/my_robot_interfaces/include/my_robot_interfaces/my_robot_interfaces/msg/detail
[2.540s] -- Installing: /home/daniel/projects/ros/src/install/my_robot_interfaces/include/my_robot_interfaces/my_robot_interfaces/msg/detail/hardware_status__rosidl_typesupport_fastrtps_cpp.hpp
[2.540s] -- Installing: /home/daniel/projects/ros/src/install/my_robot_interfaces/include/my_robot_interfaces/my_robot_interfaces/msg/detail/dds_fastrtps
[2.540s] -- Installing: /home/daniel/projects/ros/src/install/my_robot_interfaces/include/my_robot_interfaces/my_robot_interfaces/msg/rosidl_typesupport_fastrtps_cpp__visibility_control.h
[2.540s] -- Installing: /home/daniel/projects/ros/src/install/my_robot_interfaces/lib/libmy_robot_interfaces__rosidl_typesupport_fastrtps_cpp.so
[2.540s] -- Set non-toolchain portion of runtime path of "/home/daniel/projects/ros/src/install/my_robot_interfaces/lib/libmy_robot_interfaces__rosidl_typesupport_fastrtps_cpp.so" to ""
[2.541s] -- Up-to-date: /home/daniel/projects/ros/src/install/my_robot_interfaces/include/my_robot_interfaces/my_robot_interfaces
[2.541s] -- Up-to-date: /home/daniel/projects/ros/src/install/my_robot_interfaces/include/my_robot_interfaces/my_robot_interfaces/msg
[2.541s] -- Up-to-date: /home/daniel/projects/ros/src/install/my_robot_interfaces/include/my_robot_interfaces/my_robot_interfaces/msg/detail
[2.541s] -- Installing: /home/daniel/projects/ros/src/install/my_robot_interfaces/include/my_robot_interfaces/my_robot_interfaces/msg/detail/hardware_status__rosidl_typesupport_introspection_cpp.hpp
[2.541s] -- Installing: /home/daniel/projects/ros/src/install/my_robot_interfaces/include/my_robot_interfaces/my_robot_interfaces/msg/detail/hardware_status__type_support.cpp
[2.541s] -- Installing: /home/daniel/projects/ros/src/install/my_robot_interfaces/lib/libmy_robot_interfaces__rosidl_typesupport_introspection_cpp.so
[2.541s] -- Set non-toolchain portion of runtime path of "/home/daniel/projects/ros/src/install/my_robot_interfaces/lib/libmy_robot_interfaces__rosidl_typesupport_introspection_cpp.so" to ""
[2.541s] -- Installing: /home/daniel/projects/ros/src/install/my_robot_interfaces/lib/libmy_robot_interfaces__rosidl_typesupport_cpp.so
[2.541s] -- Set non-toolchain portion of runtime path of "/home/daniel/projects/ros/src/install/my_robot_interfaces/lib/libmy_robot_interfaces__rosidl_typesupport_cpp.so" to ""
[2.541s] -- Installing: /home/daniel/projects/ros/src/install/my_robot_interfaces/share/my_robot_interfaces/environment/pythonpath.sh
[2.541s] -- Installing: /home/daniel/projects/ros/src/install/my_robot_interfaces/share/my_robot_interfaces/environment/pythonpath.dsv
[2.541s] -- Installing: /home/daniel/projects/ros/src/install/my_robot_interfaces/lib/python3.12/site-packages/my_robot_interfaces-0.0.0-py3.12.egg-info
[2.541s] -- Installing: /home/daniel/projects/ros/src/install/my_robot_interfaces/lib/python3.12/site-packages/my_robot_interfaces-0.0.0-py3.12.egg-info/dependency_links.txt
[2.541s] -- Installing: /home/daniel/projects/ros/src/install/my_robot_interfaces/lib/python3.12/site-packages/my_robot_interfaces-0.0.0-py3.12.egg-info/top_level.txt
[2.541s] -- Installing: /home/daniel/projects/ros/src/install/my_robot_interfaces/lib/python3.12/site-packages/my_robot_interfaces-0.0.0-py3.12.egg-info/SOURCES.txt
[2.541s] -- Installing: /home/daniel/projects/ros/src/install/my_robot_interfaces/lib/python3.12/site-packages/my_robot_interfaces-0.0.0-py3.12.egg-info/PKG-INFO
[2.541s] -- Installing: /home/daniel/projects/ros/src/install/my_robot_interfaces/lib/python3.12/site-packages/my_robot_interfaces
[2.541s] -- Installing: /home/daniel/projects/ros/src/install/my_robot_interfaces/lib/python3.12/site-packages/my_robot_interfaces/my_robot_interfaces_s__rosidl_typesupport_c.so
[2.541s] -- Installing: /home/daniel/projects/ros/src/install/my_robot_interfaces/lib/python3.12/site-packages/my_robot_interfaces/my_robot_interfaces_s__rosidl_typesupport_introspection_c.so
[2.541s] -- Installing: /home/daniel/projects/ros/src/install/my_robot_interfaces/lib/python3.12/site-packages/my_robot_interfaces/__init__.py
[2.541s] -- Installing: /home/daniel/projects/ros/src/install/my_robot_interfaces/lib/python3.12/site-packages/my_robot_interfaces/msg
[2.542s] -- Installing: /home/daniel/projects/ros/src/install/my_robot_interfaces/lib/python3.12/site-packages/my_robot_interfaces/msg/__init__.py
[2.542s] -- Installing: /home/daniel/projects/ros/src/install/my_robot_interfaces/lib/python3.12/site-packages/my_robot_interfaces/msg/_hardware_status_s.c
[2.542s] -- Installing: /home/daniel/projects/ros/src/install/my_robot_interfaces/lib/python3.12/site-packages/my_robot_interfaces/msg/_hardware_status.py
[2.542s] -- Installing: /home/daniel/projects/ros/src/install/my_robot_interfaces/lib/python3.12/site-packages/my_robot_interfaces/my_robot_interfaces_s__rosidl_typesupport_fastrtps_c.so
[2.542s] -- Installing: /home/daniel/projects/ros/src/install/my_robot_interfaces/lib/python3.12/site-packages/my_robot_interfaces/_my_robot_interfaces_s.ep.rosidl_typesupport_c.c
[2.542s] -- Installing: /home/daniel/projects/ros/src/install/my_robot_interfaces/lib/python3.12/site-packages/my_robot_interfaces/_my_robot_interfaces_s.ep.rosidl_typesupport_fastrtps_c.c
[2.542s] -- Installing: /home/daniel/projects/ros/src/install/my_robot_interfaces/lib/python3.12/site-packages/my_robot_interfaces/_my_robot_interfaces_s.ep.rosidl_typesupport_introspection_c.c
[2.565s] Listing '/home/daniel/projects/ros/src/install/my_robot_interfaces/lib/python3.12/site-packages/my_robot_interfaces'...
[2.565s] Compiling '/home/daniel/projects/ros/src/install/my_robot_interfaces/lib/python3.12/site-packages/my_robot_interfaces/__init__.py'...
[2.565s] Listing '/home/daniel/projects/ros/src/install/my_robot_interfaces/lib/python3.12/site-packages/my_robot_interfaces/msg'...
[2.565s] Compiling '/home/daniel/projects/ros/src/install/my_robot_interfaces/lib/python3.12/site-packages/my_robot_interfaces/msg/__init__.py'...
[2.565s] Compiling '/home/daniel/projects/ros/src/install/my_robot_interfaces/lib/python3.12/site-packages/my_robot_interfaces/msg/_hardware_status.py'...
[2.568s] -- Installing: /home/daniel/projects/ros/src/install/my_robot_interfaces/lib/python3.12/site-packages/my_robot_interfaces/my_robot_interfaces_s__rosidl_typesupport_fastrtps_c.so
[2.568s] -- Set non-toolchain portion of runtime path of "/home/daniel/projects/ros/src/install/my_robot_interfaces/lib/python3.12/site-packages/my_robot_interfaces/my_robot_interfaces_s__rosidl_typesupport_fastrtps_c.so" to ""
[2.568s] -- Installing: /home/daniel/projects/ros/src/install/my_robot_interfaces/lib/python3.12/site-packages/my_robot_interfaces/my_robot_interfaces_s__rosidl_typesupport_introspection_c.so
[2.568s] -- Set non-toolchain portion of runtime path of "/home/daniel/projects/ros/src/install/my_robot_interfaces/lib/python3.12/site-packages/my_robot_interfaces/my_robot_interfaces_s__rosidl_typesupport_introspection_c.so" to ""
[2.568s] -- Installing: /home/daniel/projects/ros/src/install/my_robot_interfaces/lib/python3.12/site-packages/my_robot_interfaces/my_robot_interfaces_s__rosidl_typesupport_c.so
[2.569s] -- Set non-toolchain portion of runtime path of "/home/daniel/projects/ros/src/install/my_robot_interfaces/lib/python3.12/site-packages/my_robot_interfaces/my_robot_interfaces_s__rosidl_typesupport_c.so" to ""
[2.569s] -- Installing: /home/daniel/projects/ros/src/install/my_robot_interfaces/lib/libmy_robot_interfaces__rosidl_generator_py.so
[2.569s] -- Set non-toolchain portion of runtime path of "/home/daniel/projects/ros/src/install/my_robot_interfaces/lib/libmy_robot_interfaces__rosidl_generator_py.so" to ""
[2.569s] -- Installing: /home/daniel/projects/ros/src/install/my_robot_interfaces/share/my_robot_interfaces/msg/HardwareStatus.idl
[2.569s] -- Installing: /home/daniel/projects/ros/src/install/my_robot_interfaces/share/my_robot_interfaces/msg/HardwareStatus.msg
[2.569s] -- Installing: /home/daniel/projects/ros/src/install/my_robot_interfaces/share/ament_index/resource_index/package_run_dependencies/my_robot_interfaces
[2.569s] -- Installing: /home/daniel/projects/ros/src/install/my_robot_interfaces/share/ament_index/resource_index/parent_prefix_path/my_robot_interfaces
[2.569s] -- Installing: /home/daniel/projects/ros/src/install/my_robot_interfaces/share/my_robot_interfaces/environment/ament_prefix_path.sh
[2.570s] -- Installing: /home/daniel/projects/ros/src/install/my_robot_interfaces/share/my_robot_interfaces/environment/ament_prefix_path.dsv
[2.570s] -- Installing: /home/daniel/projects/ros/src/install/my_robot_interfaces/share/my_robot_interfaces/environment/path.sh
[2.570s] -- Installing: /home/daniel/projects/ros/src/install/my_robot_interfaces/share/my_robot_interfaces/environment/path.dsv
[2.570s] -- Installing: /home/daniel/projects/ros/src/install/my_robot_interfaces/share/my_robot_interfaces/local_setup.bash
[2.570s] -- Installing: /home/daniel/projects/ros/src/install/my_robot_interfaces/share/my_robot_interfaces/local_setup.sh
[2.570s] -- Installing: /home/daniel/projects/ros/src/install/my_robot_interfaces/share/my_robot_interfaces/local_setup.zsh
[2.570s] -- Installing: /home/daniel/projects/ros/src/install/my_robot_interfaces/share/my_robot_interfaces/local_setup.dsv
[2.570s] -- Installing: /home/daniel/projects/ros/src/install/my_robot_interfaces/share/my_robot_interfaces/package.dsv
[2.570s] -- Installing: /home/daniel/projects/ros/src/install/my_robot_interfaces/share/ament_index/resource_index/packages/my_robot_interfaces
[2.570s] -- Installing: /home/daniel/projects/ros/src/install/my_robot_interfaces/share/my_robot_interfaces/cmake/export_my_robot_interfaces__rosidl_generator_cExport.cmake
[2.570s] -- Installing: /home/daniel/projects/ros/src/install/my_robot_interfaces/share/my_robot_interfaces/cmake/export_my_robot_interfaces__rosidl_generator_cExport-noconfig.cmake
[2.570s] -- Installing: /home/daniel/projects/ros/src/install/my_robot_interfaces/share/my_robot_interfaces/cmake/export_my_robot_interfaces__rosidl_typesupport_fastrtps_cExport.cmake
[2.571s] -- Installing: /home/daniel/projects/ros/src/install/my_robot_interfaces/share/my_robot_interfaces/cmake/export_my_robot_interfaces__rosidl_typesupport_fastrtps_cExport-noconfig.cmake
[2.571s] -- Installing: /home/daniel/projects/ros/src/install/my_robot_interfaces/share/my_robot_interfaces/cmake/my_robot_interfaces__rosidl_typesupport_introspection_cExport.cmake
[2.571s] -- Installing: /home/daniel/projects/ros/src/install/my_robot_interfaces/share/my_robot_interfaces/cmake/my_robot_interfaces__rosidl_typesupport_introspection_cExport-noconfig.cmake
[2.571s] -- Installing: /home/daniel/projects/ros/src/install/my_robot_interfaces/share/my_robot_interfaces/cmake/my_robot_interfaces__rosidl_typesupport_cExport.cmake
[2.571s] -- Installing: /home/daniel/projects/ros/src/install/my_robot_interfaces/share/my_robot_interfaces/cmake/my_robot_interfaces__rosidl_typesupport_cExport-noconfig.cmake
[2.571s] -- Installing: /home/daniel/projects/ros/src/install/my_robot_interfaces/share/my_robot_interfaces/cmake/export_my_robot_interfaces__rosidl_generator_cppExport.cmake
[2.571s] -- Installing: /home/daniel/projects/ros/src/install/my_robot_interfaces/share/my_robot_interfaces/cmake/export_my_robot_interfaces__rosidl_typesupport_fastrtps_cppExport.cmake
[2.571s] -- Installing: /home/daniel/projects/ros/src/install/my_robot_interfaces/share/my_robot_interfaces/cmake/export_my_robot_interfaces__rosidl_typesupport_fastrtps_cppExport-noconfig.cmake
[2.571s] -- Installing: /home/daniel/projects/ros/src/install/my_robot_interfaces/share/my_robot_interfaces/cmake/my_robot_interfaces__rosidl_typesupport_introspection_cppExport.cmake
[2.571s] -- Installing: /home/daniel/projects/ros/src/install/my_robot_interfaces/share/my_robot_interfaces/cmake/my_robot_interfaces__rosidl_typesupport_introspection_cppExport-noconfig.cmake
[2.571s] -- Installing: /home/daniel/projects/ros/src/install/my_robot_interfaces/share/my_robot_interfaces/cmake/my_robot_interfaces__rosidl_typesupport_cppExport.cmake
[2.571s] -- Installing: /home/daniel/projects/ros/src/install/my_robot_interfaces/share/my_robot_interfaces/cmake/my_robot_interfaces__rosidl_typesupport_cppExport-noconfig.cmake
[2.572s] -- Installing: /home/daniel/projects/ros/src/install/my_robot_interfaces/share/my_robot_interfaces/cmake/export_my_robot_interfaces__rosidl_generator_pyExport.cmake
[2.572s] -- Installing: /home/daniel/projects/ros/src/install/my_robot_interfaces/share/my_robot_interfaces/cmake/export_my_robot_interfaces__rosidl_generator_pyExport-noconfig.cmake
[2.572s] -- Installing: /home/daniel/projects/ros/src/install/my_robot_interfaces/share/my_robot_interfaces/cmake/rosidl_cmake-extras.cmake
[2.572s] -- Installing: /home/daniel/projects/ros/src/install/my_robot_interfaces/share/my_robot_interfaces/cmake/ament_cmake_export_include_directories-extras.cmake
[2.572s] -- Installing: /home/daniel/projects/ros/src/install/my_robot_interfaces/share/my_robot_interfaces/cmake/ament_cmake_export_libraries-extras.cmake
[2.572s] -- Installing: /home/daniel/projects/ros/src/install/my_robot_interfaces/share/my_robot_interfaces/cmake/ament_cmake_export_targets-extras.cmake
[2.572s] -- Installing: /home/daniel/projects/ros/src/install/my_robot_interfaces/share/my_robot_interfaces/cmake/rosidl_cmake_export_typesupport_targets-extras.cmake
[2.572s] -- Installing: /home/daniel/projects/ros/src/install/my_robot_interfaces/share/my_robot_interfaces/cmake/ament_cmake_export_dependencies-extras.cmake
[2.572s] -- Installing: /home/daniel/projects/ros/src/install/my_robot_interfaces/share/my_robot_interfaces/cmake/rosidl_cmake_export_typesupport_libraries-extras.cmake
[2.572s] -- Installing: /home/daniel/projects/ros/src/install/my_robot_interfaces/share/my_robot_interfaces/cmake/my_robot_interfacesConfig.cmake
[2.573s] -- Installing: /home/daniel/projects/ros/src/install/my_robot_interfaces/share/my_robot_interfaces/cmake/my_robot_interfacesConfig-version.cmake
[2.573s] -- Installing: /home/daniel/projects/ros/src/install/my_robot_interfaces/share/my_robot_interfaces/package.xml
[2.576s] Invoked command in '/home/daniel/projects/ros/src/build/my_robot_interfaces' returned '0': CMAKE_PREFIX_PATH=${CMAKE_PREFIX_PATH}:/home/daniel/projects/ros/install/my_py_pkg:/opt/ros/jazzy DEBUGINFOD_URLS=https://debuginfod.ubuntu.com /usr/bin/cmake --install /home/daniel/projects/ros/src/build/my_robot_interfaces
