[0.798s] Invoking command in '/home/daniel/projects/ros/src/my_py_pkg': DEBUGINFOD_URLS=https://debuginfod.ubuntu.com PYTHONPATH=/home/daniel/projects/ros/build/my_py_pkg/prefix_override:/usr/lib/python3/dist-packages/colcon_core/task/python/colcon_distutils_commands:/home/daniel/projects/ros/install/my_py_pkg/lib/python3.12/site-packages:${PYTHONPATH} /usr/bin/python3 -W ignore:setup.py install is deprecated -W ignore:easy_install command is deprecated setup.py egg_info --egg-base ../../build/my_py_pkg build --build-base /home/daniel/projects/ros/build/my_py_pkg/build install --record /home/daniel/projects/ros/build/my_py_pkg/install.log --single-version-externally-managed install_data
[1.008s] running egg_info
[1.022s] writing ../../build/my_py_pkg/my_py_pkg.egg-info/PKG-INFO
[1.023s] writing dependency_links to ../../build/my_py_pkg/my_py_pkg.egg-info/dependency_links.txt
[1.023s] writing entry points to ../../build/my_py_pkg/my_py_pkg.egg-info/entry_points.txt
[1.023s] writing requirements to ../../build/my_py_pkg/my_py_pkg.egg-info/requires.txt
[1.023s] writing top-level names to ../../build/my_py_pkg/my_py_pkg.egg-info/top_level.txt
[1.052s] reading manifest file '../../build/my_py_pkg/my_py_pkg.egg-info/SOURCES.txt'
[1.052s] writing manifest file '../../build/my_py_pkg/my_py_pkg.egg-info/SOURCES.txt'
[1.052s] running build
[1.052s] running build_py
[1.053s] copying my_py_pkg/add_two_ints_client.py -> /home/daniel/projects/ros/build/my_py_pkg/build/lib/my_py_pkg
[1.053s] copying my_py_pkg/add_two_ints_server.py -> /home/daniel/projects/ros/build/my_py_pkg/build/lib/my_py_pkg
[1.053s] running install
[1.058s] running install_lib
[1.073s] copying /home/daniel/projects/ros/build/my_py_pkg/build/lib/my_py_pkg/add_two_ints_client.py -> /home/daniel/projects/ros/install/my_py_pkg/lib/python3.12/site-packages/my_py_pkg
[1.073s] copying /home/daniel/projects/ros/build/my_py_pkg/build/lib/my_py_pkg/add_two_ints_server.py -> /home/daniel/projects/ros/install/my_py_pkg/lib/python3.12/site-packages/my_py_pkg
[1.073s] byte-compiling /home/daniel/projects/ros/install/my_py_pkg/lib/python3.12/site-packages/my_py_pkg/add_two_ints_client.py to add_two_ints_client.cpython-312.pyc
[1.074s] byte-compiling /home/daniel/projects/ros/install/my_py_pkg/lib/python3.12/site-packages/my_py_pkg/add_two_ints_server.py to add_two_ints_server.cpython-312.pyc
[1.074s] running install_data
[1.074s] running install_egg_info
[1.090s] removing '/home/daniel/projects/ros/install/my_py_pkg/lib/python3.12/site-packages/my_py_pkg-0.0.0-py3.12.egg-info' (and everything under it)
[1.090s] Copying ../../build/my_py_pkg/my_py_pkg.egg-info to /home/daniel/projects/ros/install/my_py_pkg/lib/python3.12/site-packages/my_py_pkg-0.0.0-py3.12.egg-info
[1.091s] running install_scripts
[1.193s] Installing add_two_ints_client script to /home/daniel/projects/ros/install/my_py_pkg/lib/my_py_pkg
[1.193s] Installing add_two_ints_server script to /home/daniel/projects/ros/install/my_py_pkg/lib/my_py_pkg
[1.193s] Installing py_node script to /home/daniel/projects/ros/install/my_py_pkg/lib/my_py_pkg
[1.193s] Installing robot_news_station script to /home/daniel/projects/ros/install/my_py_pkg/lib/my_py_pkg
[1.193s] Installing smartphone script to /home/daniel/projects/ros/install/my_py_pkg/lib/my_py_pkg
[1.194s] writing list of installed files to '/home/daniel/projects/ros/build/my_py_pkg/install.log'
[1.216s] Invoked command in '/home/daniel/projects/ros/src/my_py_pkg' returned '0': DEBUGINFOD_URLS=https://debuginfod.ubuntu.com PYTHONPATH=/home/daniel/projects/ros/build/my_py_pkg/prefix_override:/usr/lib/python3/dist-packages/colcon_core/task/python/colcon_distutils_commands:/home/daniel/projects/ros/install/my_py_pkg/lib/python3.12/site-packages:${PYTHONPATH} /usr/bin/python3 -W ignore:setup.py install is deprecated -W ignore:easy_install command is deprecated setup.py egg_info --egg-base ../../build/my_py_pkg build --build-base /home/daniel/projects/ros/build/my_py_pkg/build install --record /home/daniel/projects/ros/build/my_py_pkg/install.log --single-version-externally-managed install_data
