[0.009s] Invoking command in '/home/daniel/projects/ros/build/my_robot_interfaces': CMAKE_PREFIX_PATH=${CMAKE_PREFIX_PATH}:/home/daniel/projects/ros/install/my_py_pkg:/opt/ros/jazzy DEBUGINFOD_URLS=https://debuginfod.ubuntu.com /usr/bin/cmake --build /home/daniel/projects/ros/build/my_robot_interfaces -- -j8 -l8
[0.104s] [  2%] Built target my_robot_interfaces__rosidl_generator_type_description
[0.104s] [  2%] Built target ament_cmake_python_copy_my_robot_interfaces
[0.147s] [  5%] Built target my_robot_interfaces__cpp
[0.156s] [ 20%] Built target my_robot_interfaces__rosidl_generator_c
[0.199s] [ 29%] Built target my_robot_interfaces__rosidl_typesupport_fastrtps_c
[0.202s] [ 47%] Built target my_robot_interfaces__rosidl_typesupport_c
[0.202s] [ 52%] Built target my_robot_interfaces__rosidl_typesupport_fastrtps_cpp
[0.202s] [ 58%] Built target my_robot_interfaces__rosidl_typesupport_introspection_cpp
[0.202s] [ 64%] Built target my_robot_interfaces__rosidl_typesupport_introspection_c
[0.208s] [ 73%] Built target my_robot_interfaces__rosidl_typesupport_cpp
[0.242s] [ 73%] Built target my_robot_interfaces
[0.276s] [ 76%] Built target my_robot_interfaces__py
[0.310s] [ 82%] Built target my_robot_interfaces__rosidl_generator_py
[0.331s] [ 88%] Built target my_robot_interfaces_s__rosidl_typesupport_introspection_c
[0.341s] running egg_info
[0.341s] [100%] Built target my_robot_interfaces_s__rosidl_typesupport_c
[0.341s] [100%] Built target my_robot_interfaces_s__rosidl_typesupport_fastrtps_c
[0.356s] writing my_robot_interfaces.egg-info/PKG-INFO
[0.356s] writing dependency_links to my_robot_interfaces.egg-info/dependency_links.txt
[0.356s] writing top-level names to my_robot_interfaces.egg-info/top_level.txt
[0.399s] reading manifest file 'my_robot_interfaces.egg-info/SOURCES.txt'
[0.399s] writing manifest file 'my_robot_interfaces.egg-info/SOURCES.txt'
[0.424s] [100%] Built target ament_cmake_python_build_my_robot_interfaces_egg
[0.447s] Invoked command in '/home/daniel/projects/ros/build/my_robot_interfaces' returned '0': CMAKE_PREFIX_PATH=${CMAKE_PREFIX_PATH}:/home/daniel/projects/ros/install/my_py_pkg:/opt/ros/jazzy DEBUGINFOD_URLS=https://debuginfod.ubuntu.com /usr/bin/cmake --build /home/daniel/projects/ros/build/my_robot_interfaces -- -j8 -l8
[0.468s] Invoking command in '/home/daniel/projects/ros/build/my_robot_interfaces': CMAKE_PREFIX_PATH=${CMAKE_PREFIX_PATH}:/home/daniel/projects/ros/install/my_py_pkg:/opt/ros/jazzy DEBUGINFOD_URLS=https://debuginfod.ubuntu.com /usr/bin/cmake --install /home/daniel/projects/ros/build/my_robot_interfaces
[0.486s] -- Install configuration: ""
[0.486s] -- Up-to-date: /home/daniel/projects/ros/install/my_robot_interfaces/share/ament_index/resource_index/rosidl_interfaces/my_robot_interfaces
[0.487s] -- Up-to-date: /home/daniel/projects/ros/install/my_robot_interfaces/share/my_robot_interfaces/msg/HardwareStatus.json
[0.487s] -- Up-to-date: /home/daniel/projects/ros/install/my_robot_interfaces/include/my_robot_interfaces/my_robot_interfaces
[0.487s] -- Up-to-date: /home/daniel/projects/ros/install/my_robot_interfaces/include/my_robot_interfaces/my_robot_interfaces/msg
[0.487s] -- Up-to-date: /home/daniel/projects/ros/install/my_robot_interfaces/include/my_robot_interfaces/my_robot_interfaces/msg/hardware_status.h
[0.487s] -- Up-to-date: /home/daniel/projects/ros/install/my_robot_interfaces/include/my_robot_interfaces/my_robot_interfaces/msg/rosidl_generator_c__visibility_control.h
[0.487s] -- Up-to-date: /home/daniel/projects/ros/install/my_robot_interfaces/include/my_robot_interfaces/my_robot_interfaces/msg/detail
[0.487s] -- Up-to-date: /home/daniel/projects/ros/install/my_robot_interfaces/include/my_robot_interfaces/my_robot_interfaces/msg/detail/hardware_status__description.c
[0.487s] -- Up-to-date: /home/daniel/projects/ros/install/my_robot_interfaces/include/my_robot_interfaces/my_robot_interfaces/msg/detail/hardware_status__functions.c
[0.487s] -- Up-to-date: /home/daniel/projects/ros/install/my_robot_interfaces/include/my_robot_interfaces/my_robot_interfaces/msg/detail/hardware_status__type_support.h
[0.487s] -- Up-to-date: /home/daniel/projects/ros/install/my_robot_interfaces/include/my_robot_interfaces/my_robot_interfaces/msg/detail/hardware_status__functions.h
[0.488s] -- Up-to-date: /home/daniel/projects/ros/install/my_robot_interfaces/include/my_robot_interfaces/my_robot_interfaces/msg/detail/hardware_status__type_support.c
[0.488s] -- Up-to-date: /home/daniel/projects/ros/install/my_robot_interfaces/include/my_robot_interfaces/my_robot_interfaces/msg/detail/hardware_status__struct.h
[0.488s] -- Up-to-date: /home/daniel/projects/ros/install/my_robot_interfaces/share/my_robot_interfaces/environment/library_path.sh
[0.488s] -- Up-to-date: /home/daniel/projects/ros/install/my_robot_interfaces/share/my_robot_interfaces/environment/library_path.dsv
[0.488s] -- Up-to-date: /home/daniel/projects/ros/install/my_robot_interfaces/lib/libmy_robot_interfaces__rosidl_generator_c.so
[0.488s] -- Up-to-date: /home/daniel/projects/ros/install/my_robot_interfaces/include/my_robot_interfaces/my_robot_interfaces
[0.488s] -- Up-to-date: /home/daniel/projects/ros/install/my_robot_interfaces/include/my_robot_interfaces/my_robot_interfaces/msg
[0.488s] -- Up-to-date: /home/daniel/projects/ros/install/my_robot_interfaces/include/my_robot_interfaces/my_robot_interfaces/msg/rosidl_typesupport_fastrtps_c__visibility_control.h
[0.488s] -- Up-to-date: /home/daniel/projects/ros/install/my_robot_interfaces/include/my_robot_interfaces/my_robot_interfaces/msg/detail
[0.488s] -- Up-to-date: /home/daniel/projects/ros/install/my_robot_interfaces/include/my_robot_interfaces/my_robot_interfaces/msg/detail/hardware_status__rosidl_typesupport_fastrtps_c.h
[0.488s] -- Up-to-date: /home/daniel/projects/ros/install/my_robot_interfaces/lib/libmy_robot_interfaces__rosidl_typesupport_fastrtps_c.so
[0.489s] -- Up-to-date: /home/daniel/projects/ros/install/my_robot_interfaces/include/my_robot_interfaces/my_robot_interfaces
[0.489s] -- Up-to-date: /home/daniel/projects/ros/install/my_robot_interfaces/include/my_robot_interfaces/my_robot_interfaces/msg
[0.489s] -- Up-to-date: /home/daniel/projects/ros/install/my_robot_interfaces/include/my_robot_interfaces/my_robot_interfaces/msg/rosidl_typesupport_introspection_c__visibility_control.h
[0.489s] -- Up-to-date: /home/daniel/projects/ros/install/my_robot_interfaces/include/my_robot_interfaces/my_robot_interfaces/msg/detail
[0.489s] -- Up-to-date: /home/daniel/projects/ros/install/my_robot_interfaces/include/my_robot_interfaces/my_robot_interfaces/msg/detail/hardware_status__type_support.c
[0.489s] -- Up-to-date: /home/daniel/projects/ros/install/my_robot_interfaces/include/my_robot_interfaces/my_robot_interfaces/msg/detail/hardware_status__rosidl_typesupport_introspection_c.h
[0.489s] -- Up-to-date: /home/daniel/projects/ros/install/my_robot_interfaces/lib/libmy_robot_interfaces__rosidl_typesupport_introspection_c.so
[0.489s] -- Up-to-date: /home/daniel/projects/ros/install/my_robot_interfaces/lib/libmy_robot_interfaces__rosidl_typesupport_c.so
[0.489s] -- Up-to-date: /home/daniel/projects/ros/install/my_robot_interfaces/include/my_robot_interfaces/my_robot_interfaces
[0.489s] -- Up-to-date: /home/daniel/projects/ros/install/my_robot_interfaces/include/my_robot_interfaces/my_robot_interfaces/msg
[0.489s] -- Up-to-date: /home/daniel/projects/ros/install/my_robot_interfaces/include/my_robot_interfaces/my_robot_interfaces/msg/rosidl_generator_cpp__visibility_control.hpp
[0.490s] -- Up-to-date: /home/daniel/projects/ros/install/my_robot_interfaces/include/my_robot_interfaces/my_robot_interfaces/msg/detail
[0.490s] -- Up-to-date: /home/daniel/projects/ros/install/my_robot_interfaces/include/my_robot_interfaces/my_robot_interfaces/msg/detail/hardware_status__struct.hpp
[0.490s] -- Up-to-date: /home/daniel/projects/ros/install/my_robot_interfaces/include/my_robot_interfaces/my_robot_interfaces/msg/detail/hardware_status__type_support.hpp
[0.490s] -- Up-to-date: /home/daniel/projects/ros/install/my_robot_interfaces/include/my_robot_interfaces/my_robot_interfaces/msg/detail/hardware_status__traits.hpp
[0.490s] -- Up-to-date: /home/daniel/projects/ros/install/my_robot_interfaces/include/my_robot_interfaces/my_robot_interfaces/msg/detail/hardware_status__builder.hpp
[0.490s] -- Up-to-date: /home/daniel/projects/ros/install/my_robot_interfaces/include/my_robot_interfaces/my_robot_interfaces/msg/hardware_status.hpp
[0.490s] -- Up-to-date: /home/daniel/projects/ros/install/my_robot_interfaces/include/my_robot_interfaces/my_robot_interfaces
[0.490s] -- Up-to-date: /home/daniel/projects/ros/install/my_robot_interfaces/include/my_robot_interfaces/my_robot_interfaces/msg
[0.490s] -- Up-to-date: /home/daniel/projects/ros/install/my_robot_interfaces/include/my_robot_interfaces/my_robot_interfaces/msg/detail
[0.490s] -- Up-to-date: /home/daniel/projects/ros/install/my_robot_interfaces/include/my_robot_interfaces/my_robot_interfaces/msg/detail/dds_fastrtps
[0.490s] -- Up-to-date: /home/daniel/projects/ros/install/my_robot_interfaces/include/my_robot_interfaces/my_robot_interfaces/msg/detail/hardware_status__rosidl_typesupport_fastrtps_cpp.hpp
[0.490s] -- Up-to-date: /home/daniel/projects/ros/install/my_robot_interfaces/include/my_robot_interfaces/my_robot_interfaces/msg/rosidl_typesupport_fastrtps_cpp__visibility_control.h
[0.491s] -- Up-to-date: /home/daniel/projects/ros/install/my_robot_interfaces/lib/libmy_robot_interfaces__rosidl_typesupport_fastrtps_cpp.so
[0.491s] -- Up-to-date: /home/daniel/projects/ros/install/my_robot_interfaces/include/my_robot_interfaces/my_robot_interfaces
[0.491s] -- Up-to-date: /home/daniel/projects/ros/install/my_robot_interfaces/include/my_robot_interfaces/my_robot_interfaces/msg
[0.491s] -- Up-to-date: /home/daniel/projects/ros/install/my_robot_interfaces/include/my_robot_interfaces/my_robot_interfaces/msg/detail
[0.491s] -- Up-to-date: /home/daniel/projects/ros/install/my_robot_interfaces/include/my_robot_interfaces/my_robot_interfaces/msg/detail/hardware_status__rosidl_typesupport_introspection_cpp.hpp
[0.491s] -- Up-to-date: /home/daniel/projects/ros/install/my_robot_interfaces/include/my_robot_interfaces/my_robot_interfaces/msg/detail/hardware_status__type_support.cpp
[0.491s] -- Up-to-date: /home/daniel/projects/ros/install/my_robot_interfaces/lib/libmy_robot_interfaces__rosidl_typesupport_introspection_cpp.so
[0.491s] -- Up-to-date: /home/daniel/projects/ros/install/my_robot_interfaces/lib/libmy_robot_interfaces__rosidl_typesupport_cpp.so
[0.491s] -- Up-to-date: /home/daniel/projects/ros/install/my_robot_interfaces/share/my_robot_interfaces/environment/pythonpath.sh
[0.491s] -- Up-to-date: /home/daniel/projects/ros/install/my_robot_interfaces/share/my_robot_interfaces/environment/pythonpath.dsv
[0.492s] -- Up-to-date: /home/daniel/projects/ros/install/my_robot_interfaces/lib/python3.12/site-packages/my_robot_interfaces-0.0.0-py3.12.egg-info
[0.492s] -- Installing: /home/daniel/projects/ros/install/my_robot_interfaces/lib/python3.12/site-packages/my_robot_interfaces-0.0.0-py3.12.egg-info/dependency_links.txt
[0.492s] -- Installing: /home/daniel/projects/ros/install/my_robot_interfaces/lib/python3.12/site-packages/my_robot_interfaces-0.0.0-py3.12.egg-info/top_level.txt
[0.492s] -- Installing: /home/daniel/projects/ros/install/my_robot_interfaces/lib/python3.12/site-packages/my_robot_interfaces-0.0.0-py3.12.egg-info/PKG-INFO
[0.492s] -- Installing: /home/daniel/projects/ros/install/my_robot_interfaces/lib/python3.12/site-packages/my_robot_interfaces-0.0.0-py3.12.egg-info/SOURCES.txt
[0.492s] -- Up-to-date: /home/daniel/projects/ros/install/my_robot_interfaces/lib/python3.12/site-packages/my_robot_interfaces
[0.492s] -- Up-to-date: /home/daniel/projects/ros/install/my_robot_interfaces/lib/python3.12/site-packages/my_robot_interfaces/_my_robot_interfaces_s.ep.rosidl_typesupport_fastrtps_c.c
[0.492s] -- Up-to-date: /home/daniel/projects/ros/install/my_robot_interfaces/lib/python3.12/site-packages/my_robot_interfaces/_my_robot_interfaces_s.ep.rosidl_typesupport_c.c
[0.493s] -- Up-to-date: /home/daniel/projects/ros/install/my_robot_interfaces/lib/python3.12/site-packages/my_robot_interfaces/my_robot_interfaces_s__rosidl_typesupport_introspection_c.so
[0.493s] -- Up-to-date: /home/daniel/projects/ros/install/my_robot_interfaces/lib/python3.12/site-packages/my_robot_interfaces/__init__.py
[0.493s] -- Up-to-date: /home/daniel/projects/ros/install/my_robot_interfaces/lib/python3.12/site-packages/my_robot_interfaces/my_robot_interfaces_s__rosidl_typesupport_c.so
[0.493s] -- Up-to-date: /home/daniel/projects/ros/install/my_robot_interfaces/lib/python3.12/site-packages/my_robot_interfaces/msg
[0.493s] -- Up-to-date: /home/daniel/projects/ros/install/my_robot_interfaces/lib/python3.12/site-packages/my_robot_interfaces/msg/_hardware_status_s.c
[0.493s] -- Up-to-date: /home/daniel/projects/ros/install/my_robot_interfaces/lib/python3.12/site-packages/my_robot_interfaces/msg/__init__.py
[0.493s] -- Up-to-date: /home/daniel/projects/ros/install/my_robot_interfaces/lib/python3.12/site-packages/my_robot_interfaces/msg/_hardware_status.py
[0.493s] -- Up-to-date: /home/daniel/projects/ros/install/my_robot_interfaces/lib/python3.12/site-packages/my_robot_interfaces/my_robot_interfaces_s__rosidl_typesupport_fastrtps_c.so
[0.493s] -- Up-to-date: /home/daniel/projects/ros/install/my_robot_interfaces/lib/python3.12/site-packages/my_robot_interfaces/_my_robot_interfaces_s.ep.rosidl_typesupport_introspection_c.c
[0.557s] Listing '/home/daniel/projects/ros/install/my_robot_interfaces/lib/python3.12/site-packages/my_robot_interfaces'...
[0.557s] Listing '/home/daniel/projects/ros/install/my_robot_interfaces/lib/python3.12/site-packages/my_robot_interfaces/msg'...
[0.566s] -- Up-to-date: /home/daniel/projects/ros/install/my_robot_interfaces/lib/python3.12/site-packages/my_robot_interfaces/my_robot_interfaces_s__rosidl_typesupport_fastrtps_c.so
[0.567s] -- Up-to-date: /home/daniel/projects/ros/install/my_robot_interfaces/lib/python3.12/site-packages/my_robot_interfaces/my_robot_interfaces_s__rosidl_typesupport_introspection_c.so
[0.567s] -- Up-to-date: /home/daniel/projects/ros/install/my_robot_interfaces/lib/python3.12/site-packages/my_robot_interfaces/my_robot_interfaces_s__rosidl_typesupport_c.so
[0.567s] -- Up-to-date: /home/daniel/projects/ros/install/my_robot_interfaces/lib/libmy_robot_interfaces__rosidl_generator_py.so
[0.567s] -- Up-to-date: /home/daniel/projects/ros/install/my_robot_interfaces/share/my_robot_interfaces/msg/HardwareStatus.idl
[0.567s] -- Up-to-date: /home/daniel/projects/ros/install/my_robot_interfaces/share/my_robot_interfaces/msg/HardwareStatus.msg
[0.568s] -- Up-to-date: /home/daniel/projects/ros/install/my_robot_interfaces/share/ament_index/resource_index/package_run_dependencies/my_robot_interfaces
[0.568s] -- Up-to-date: /home/daniel/projects/ros/install/my_robot_interfaces/share/ament_index/resource_index/parent_prefix_path/my_robot_interfaces
[0.568s] -- Up-to-date: /home/daniel/projects/ros/install/my_robot_interfaces/share/my_robot_interfaces/environment/ament_prefix_path.sh
[0.568s] -- Up-to-date: /home/daniel/projects/ros/install/my_robot_interfaces/share/my_robot_interfaces/environment/ament_prefix_path.dsv
[0.568s] -- Up-to-date: /home/daniel/projects/ros/install/my_robot_interfaces/share/my_robot_interfaces/environment/path.sh
[0.568s] -- Up-to-date: /home/daniel/projects/ros/install/my_robot_interfaces/share/my_robot_interfaces/environment/path.dsv
[0.568s] -- Up-to-date: /home/daniel/projects/ros/install/my_robot_interfaces/share/my_robot_interfaces/local_setup.bash
[0.568s] -- Up-to-date: /home/daniel/projects/ros/install/my_robot_interfaces/share/my_robot_interfaces/local_setup.sh
[0.568s] -- Up-to-date: /home/daniel/projects/ros/install/my_robot_interfaces/share/my_robot_interfaces/local_setup.zsh
[0.568s] -- Up-to-date: /home/daniel/projects/ros/install/my_robot_interfaces/share/my_robot_interfaces/local_setup.dsv
[0.569s] -- Installing: /home/daniel/projects/ros/install/my_robot_interfaces/share/my_robot_interfaces/package.dsv
[0.569s] -- Up-to-date: /home/daniel/projects/ros/install/my_robot_interfaces/share/ament_index/resource_index/packages/my_robot_interfaces
[0.569s] -- Up-to-date: /home/daniel/projects/ros/install/my_robot_interfaces/share/my_robot_interfaces/cmake/export_my_robot_interfaces__rosidl_generator_cExport.cmake
[0.569s] -- Up-to-date: /home/daniel/projects/ros/install/my_robot_interfaces/share/my_robot_interfaces/cmake/export_my_robot_interfaces__rosidl_generator_cExport-noconfig.cmake
[0.569s] -- Up-to-date: /home/daniel/projects/ros/install/my_robot_interfaces/share/my_robot_interfaces/cmake/export_my_robot_interfaces__rosidl_typesupport_fastrtps_cExport.cmake
[0.569s] -- Up-to-date: /home/daniel/projects/ros/install/my_robot_interfaces/share/my_robot_interfaces/cmake/export_my_robot_interfaces__rosidl_typesupport_fastrtps_cExport-noconfig.cmake
[0.569s] -- Up-to-date: /home/daniel/projects/ros/install/my_robot_interfaces/share/my_robot_interfaces/cmake/my_robot_interfaces__rosidl_typesupport_introspection_cExport.cmake
[0.569s] -- Up-to-date: /home/daniel/projects/ros/install/my_robot_interfaces/share/my_robot_interfaces/cmake/my_robot_interfaces__rosidl_typesupport_introspection_cExport-noconfig.cmake
[0.569s] -- Up-to-date: /home/daniel/projects/ros/install/my_robot_interfaces/share/my_robot_interfaces/cmake/my_robot_interfaces__rosidl_typesupport_cExport.cmake
[0.569s] -- Up-to-date: /home/daniel/projects/ros/install/my_robot_interfaces/share/my_robot_interfaces/cmake/my_robot_interfaces__rosidl_typesupport_cExport-noconfig.cmake
[0.570s] -- Up-to-date: /home/daniel/projects/ros/install/my_robot_interfaces/share/my_robot_interfaces/cmake/export_my_robot_interfaces__rosidl_generator_cppExport.cmake
[0.570s] -- Up-to-date: /home/daniel/projects/ros/install/my_robot_interfaces/share/my_robot_interfaces/cmake/export_my_robot_interfaces__rosidl_typesupport_fastrtps_cppExport.cmake
[0.570s] -- Up-to-date: /home/daniel/projects/ros/install/my_robot_interfaces/share/my_robot_interfaces/cmake/export_my_robot_interfaces__rosidl_typesupport_fastrtps_cppExport-noconfig.cmake
[0.570s] -- Up-to-date: /home/daniel/projects/ros/install/my_robot_interfaces/share/my_robot_interfaces/cmake/my_robot_interfaces__rosidl_typesupport_introspection_cppExport.cmake
[0.570s] -- Up-to-date: /home/daniel/projects/ros/install/my_robot_interfaces/share/my_robot_interfaces/cmake/my_robot_interfaces__rosidl_typesupport_introspection_cppExport-noconfig.cmake
[0.570s] -- Up-to-date: /home/daniel/projects/ros/install/my_robot_interfaces/share/my_robot_interfaces/cmake/my_robot_interfaces__rosidl_typesupport_cppExport.cmake
[0.570s] -- Up-to-date: /home/daniel/projects/ros/install/my_robot_interfaces/share/my_robot_interfaces/cmake/my_robot_interfaces__rosidl_typesupport_cppExport-noconfig.cmake
[0.570s] -- Up-to-date: /home/daniel/projects/ros/install/my_robot_interfaces/share/my_robot_interfaces/cmake/export_my_robot_interfaces__rosidl_generator_pyExport.cmake
[0.570s] -- Up-to-date: /home/daniel/projects/ros/install/my_robot_interfaces/share/my_robot_interfaces/cmake/export_my_robot_interfaces__rosidl_generator_pyExport-noconfig.cmake
[0.570s] -- Up-to-date: /home/daniel/projects/ros/install/my_robot_interfaces/share/my_robot_interfaces/cmake/rosidl_cmake-extras.cmake
[0.571s] -- Up-to-date: /home/daniel/projects/ros/install/my_robot_interfaces/share/my_robot_interfaces/cmake/ament_cmake_export_include_directories-extras.cmake
[0.571s] -- Up-to-date: /home/daniel/projects/ros/install/my_robot_interfaces/share/my_robot_interfaces/cmake/ament_cmake_export_libraries-extras.cmake
[0.571s] -- Up-to-date: /home/daniel/projects/ros/install/my_robot_interfaces/share/my_robot_interfaces/cmake/ament_cmake_export_targets-extras.cmake
[0.571s] -- Up-to-date: /home/daniel/projects/ros/install/my_robot_interfaces/share/my_robot_interfaces/cmake/rosidl_cmake_export_typesupport_targets-extras.cmake
[0.571s] -- Up-to-date: /home/daniel/projects/ros/install/my_robot_interfaces/share/my_robot_interfaces/cmake/ament_cmake_export_dependencies-extras.cmake
[0.571s] -- Up-to-date: /home/daniel/projects/ros/install/my_robot_interfaces/share/my_robot_interfaces/cmake/rosidl_cmake_export_typesupport_libraries-extras.cmake
[0.571s] -- Up-to-date: /home/daniel/projects/ros/install/my_robot_interfaces/share/my_robot_interfaces/cmake/my_robot_interfacesConfig.cmake
[0.571s] -- Up-to-date: /home/daniel/projects/ros/install/my_robot_interfaces/share/my_robot_interfaces/cmake/my_robot_interfacesConfig-version.cmake
[0.571s] -- Up-to-date: /home/daniel/projects/ros/install/my_robot_interfaces/share/my_robot_interfaces/package.xml
[0.577s] Invoked command in '/home/daniel/projects/ros/build/my_robot_interfaces' returned '0': CMAKE_PREFIX_PATH=${CMAKE_PREFIX_PATH}:/home/daniel/projects/ros/install/my_py_pkg:/opt/ros/jazzy DEBUGINFOD_URLS=https://debuginfod.ubuntu.com /usr/bin/cmake --install /home/daniel/projects/ros/build/my_robot_interfaces
