[0.711s] Invoking command in '/home/daniel/projects/ros/src/my_py_pkg': DEBUGINFOD_URLS=https://debuginfod.ubuntu.com PYTHONPATH=/home/daniel/projects/ros/build/my_py_pkg/prefix_override:/usr/lib/python3/dist-packages/colcon_core/task/python/colcon_distutils_commands:/home/daniel/projects/ros/install/my_py_pkg/lib/python3.12/site-packages: /usr/bin/python3 -W ignore:setup.py install is deprecated -W ignore:easy_install command is deprecated setup.py egg_info --egg-base ../../build/my_py_pkg build --build-base /home/daniel/projects/ros/build/my_py_pkg/build install --record /home/daniel/projects/ros/build/my_py_pkg/install.log --single-version-externally-managed install_data
[0.917s] running egg_info
[0.925s] writing ../../build/my_py_pkg/my_py_pkg.egg-info/PKG-INFO
[0.926s] writing dependency_links to ../../build/my_py_pkg/my_py_pkg.egg-info/dependency_links.txt
[0.926s] writing entry points to ../../build/my_py_pkg/my_py_pkg.egg-info/entry_points.txt
[0.926s] writing requirements to ../../build/my_py_pkg/my_py_pkg.egg-info/requires.txt
[0.926s] writing top-level names to ../../build/my_py_pkg/my_py_pkg.egg-info/top_level.txt
[0.943s] reading manifest file '../../build/my_py_pkg/my_py_pkg.egg-info/SOURCES.txt'
[0.943s] writing manifest file '../../build/my_py_pkg/my_py_pkg.egg-info/SOURCES.txt'
[0.944s] running build
[0.944s] running build_py
[0.944s] copying my_py_pkg/template.py -> /home/daniel/projects/ros/build/my_py_pkg/build/lib/my_py_pkg
[0.944s] copying my_py_pkg/robot_news_station.py -> /home/daniel/projects/ros/build/my_py_pkg/build/lib/my_py_pkg
[0.944s] running install
[0.949s] running install_lib
[0.958s] copying /home/daniel/projects/ros/build/my_py_pkg/build/lib/my_py_pkg/template.py -> /home/daniel/projects/ros/install/my_py_pkg/lib/python3.12/site-packages/my_py_pkg
[0.958s] copying /home/daniel/projects/ros/build/my_py_pkg/build/lib/my_py_pkg/robot_news_station.py -> /home/daniel/projects/ros/install/my_py_pkg/lib/python3.12/site-packages/my_py_pkg
[0.958s] byte-compiling /home/daniel/projects/ros/install/my_py_pkg/lib/python3.12/site-packages/my_py_pkg/template.py to template.cpython-312.pyc
[0.958s] byte-compiling /home/daniel/projects/ros/install/my_py_pkg/lib/python3.12/site-packages/my_py_pkg/robot_news_station.py to robot_news_station.cpython-312.pyc
[0.959s] running install_data
[0.959s] copying package.xml -> /home/daniel/projects/ros/install/my_py_pkg/share/my_py_pkg
[0.959s] running install_egg_info
[0.969s] removing '/home/daniel/projects/ros/install/my_py_pkg/lib/python3.12/site-packages/my_py_pkg-0.0.0-py3.12.egg-info' (and everything under it)
[0.969s] Copying ../../build/my_py_pkg/my_py_pkg.egg-info to /home/daniel/projects/ros/install/my_py_pkg/lib/python3.12/site-packages/my_py_pkg-0.0.0-py3.12.egg-info
[0.970s] running install_scripts
[1.043s] Installing py_node script to /home/daniel/projects/ros/install/my_py_pkg/lib/my_py_pkg
[1.043s] Installing robot_news_station script to /home/daniel/projects/ros/install/my_py_pkg/lib/my_py_pkg
[1.043s] writing list of installed files to '/home/daniel/projects/ros/build/my_py_pkg/install.log'
[1.064s] Invoked command in '/home/daniel/projects/ros/src/my_py_pkg' returned '0': DEBUGINFOD_URLS=https://debuginfod.ubuntu.com PYTHONPATH=/home/daniel/projects/ros/build/my_py_pkg/prefix_override:/usr/lib/python3/dist-packages/colcon_core/task/python/colcon_distutils_commands:/home/daniel/projects/ros/install/my_py_pkg/lib/python3.12/site-packages: /usr/bin/python3 -W ignore:setup.py install is deprecated -W ignore:easy_install command is deprecated setup.py egg_info --egg-base ../../build/my_py_pkg build --build-base /home/daniel/projects/ros/build/my_py_pkg/build install --record /home/daniel/projects/ros/build/my_py_pkg/install.log --single-version-externally-managed install_data
